[ 2017-12-05T14:26:32+08:00 ] ::1 /dev/index.php/Admin/NewsCate/index.html
INFO: [ app_init ] --START--
INFO: Run Behavior\BuildLiteBehavior [ RunTime:0.000363s ]
INFO: [ app_init ] --END-- [ RunTime:0.001355s ]
INFO: [ app_begin ] --START--
INFO: Run Behavior\ReadHtmlCacheBehavior [ RunTime:0.001115s ]
INFO: [ app_begin ] --END-- [ RunTime:0.001185s ]
SQL: SHOW COLUMNS FROM `tp_news_cat` [ RunTime:0.0191s ]
NOTIC: [8] Use of undefined constant SESSION_PREFIX - assumed 'SESSION_PREFIX' /Applications/MAMP/htdocs/dev/Application/Admin/Controller/CommonController.class.php 第 27 行.
NOTIC: [8] A session had already been started - ignoring session_start() /Applications/MAMP/htdocs/dev/ThinkPHP/Common/functions.php 第 1263 行.
INFO: [ view_parse ] --START--
INFO: [ template_filter ] --START--
INFO: Run Behavior\ContentReplaceBehavior [ RunTime:0.000374s ]
INFO: [ template_filter ] --END-- [ RunTime:0.000420s ]
INFO: Run Behavior\ParseTemplateBehavior [ RunTime:0.013191s ]
INFO: [ view_parse ] --END-- [ RunTime:0.013245s ]
INFO: [ view_filter ] --START--
INFO: Run Behavior\WriteHtmlCacheBehavior [ RunTime:0.000721s ]
INFO: [ view_filter ] --END-- [ RunTime:0.000768s ]

[ 2017-12-05T14:26:33+08:00 ] ::1 /dev/index.php/Admin/News/index.html
INFO: [ app_init ] --START--
INFO: Run Behavior\BuildLiteBehavior [ RunTime:0.000010s ]
INFO: [ app_init ] --END-- [ RunTime:0.000049s ]
INFO: [ app_begin ] --START--
INFO: Run Behavior\ReadHtmlCacheBehavior [ RunTime:0.000539s ]
INFO: [ app_begin ] --END-- [ RunTime:0.000581s ]
SQL: SHOW COLUMNS FROM `tp_news` [ RunTime:0.0085s ]
SQL: SHOW COLUMNS FROM `tp_news_cat` [ RunTime:0.0027s ]
SQL: SELECT * FROM `tp_news_cat` WHERE ( 1=1 ) ORDER BY id desc  [ RunTime:0.0005s ]
NOTIC: [8] Use of undefined constant SESSION_PREFIX - assumed 'SESSION_PREFIX' /Applications/MAMP/htdocs/dev/Application/Admin/Controller/CommonController.class.php 第 27 行.
NOTIC: [8] A session had already been started - ignoring session_start() /Applications/MAMP/htdocs/dev/ThinkPHP/Common/functions.php 第 1263 行.
INFO: [ view_parse ] --START--
INFO: [ template_filter ] --START--
INFO: Run Behavior\ContentReplaceBehavior [ RunTime:0.000045s ]
INFO: [ template_filter ] --END-- [ RunTime:0.000097s ]
INFO: Run Behavior\ParseTemplateBehavior [ RunTime:0.011527s ]
INFO: [ view_parse ] --END-- [ RunTime:0.011579s ]
INFO: [ view_filter ] --START--
INFO: Run Behavior\WriteHtmlCacheBehavior [ RunTime:0.000213s ]
INFO: [ view_filter ] --END-- [ RunTime:0.000249s ]

[ 2017-12-05T14:26:35+08:00 ] ::1 /dev/index.php/Admin/Index/index.html
INFO: [ app_init ] --START--
INFO: Run Behavior\BuildLiteBehavior [ RunTime:0.000011s ]
INFO: [ app_init ] --END-- [ RunTime:0.000045s ]
INFO: [ app_begin ] --START--
INFO: Run Behavior\ReadHtmlCacheBehavior [ RunTime:0.000464s ]
INFO: [ app_begin ] --END-- [ RunTime:0.000515s ]
NOTIC: [8] Use of undefined constant SESSION_PREFIX - assumed 'SESSION_PREFIX' /Applications/MAMP/htdocs/dev/Application/Admin/Controller/CommonController.class.php 第 27 行.
NOTIC: [8] A session had already been started - ignoring session_start() /Applications/MAMP/htdocs/dev/ThinkPHP/Common/functions.php 第 1263 行.
INFO: [ view_parse ] --START--
INFO: [ template_filter ] --START--
INFO: Run Behavior\ContentReplaceBehavior [ RunTime:0.000048s ]
INFO: [ template_filter ] --END-- [ RunTime:0.000086s ]
INFO: Run Behavior\ParseTemplateBehavior [ RunTime:0.005287s ]
INFO: [ view_parse ] --END-- [ RunTime:0.005323s ]
INFO: [ view_filter ] --START--
INFO: Run Behavior\WriteHtmlCacheBehavior [ RunTime:0.000130s ]
INFO: [ view_filter ] --END-- [ RunTime:0.000151s ]

[ 2017-12-05T14:26:36+08:00 ] ::1 /dev/index.php/Admin/Index/index.html
INFO: [ app_init ] --START--
INFO: Run Behavior\BuildLiteBehavior [ RunTime:0.000019s ]
INFO: [ app_init ] --END-- [ RunTime:0.000068s ]
INFO: [ app_begin ] --START--
INFO: Run Behavior\ReadHtmlCacheBehavior [ RunTime:0.000447s ]
INFO: [ app_begin ] --END-- [ RunTime:0.000488s ]
NOTIC: [8] Use of undefined constant SESSION_PREFIX - assumed 'SESSION_PREFIX' /Applications/MAMP/htdocs/dev/Application/Admin/Controller/CommonController.class.php 第 27 行.
NOTIC: [8] A session had already been started - ignoring session_start() /Applications/MAMP/htdocs/dev/ThinkPHP/Common/functions.php 第 1263 行.
INFO: [ view_parse ] --START--
INFO: [ template_filter ] --START--
INFO: Run Behavior\ContentReplaceBehavior [ RunTime:0.000101s ]
INFO: [ template_filter ] --END-- [ RunTime:0.000164s ]
INFO: Run Behavior\ParseTemplateBehavior [ RunTime:0.047569s ]
INFO: [ view_parse ] --END-- [ RunTime:0.047612s ]
INFO: [ view_filter ] --START--
INFO: Run Behavior\WriteHtmlCacheBehavior [ RunTime:0.000168s ]
INFO: [ view_filter ] --END-- [ RunTime:0.000191s ]

[ 2017-12-05T14:26:36+08:00 ] ::1 /dev/index.php/Admin/Common/verify.html
INFO: [ app_init ] --START--
INFO: Run Behavior\BuildLiteBehavior [ RunTime:0.000026s ]
INFO: [ app_init ] --END-- [ RunTime:0.000096s ]
INFO: [ app_begin ] --START--
INFO: Run Behavior\ReadHtmlCacheBehavior [ RunTime:0.000482s ]
INFO: [ app_begin ] --END-- [ RunTime:0.000530s ]
NOTIC: [8] Use of undefined constant SESSION_PREFIX - assumed 'SESSION_PREFIX' /Applications/MAMP/htdocs/dev/Application/Admin/Controller/CommonController.class.php 第 27 行.
NOTIC: [8] A session had already been started - ignoring session_start() /Applications/MAMP/htdocs/dev/ThinkPHP/Common/functions.php 第 1263 行.
INFO: [ app_end ] --START--
INFO: Run Behavior\ShowPageTraceBehavior [ RunTime:0.001018s ]
INFO: [ app_end ] --END-- [ RunTime:0.001072s ]

[ 2017-12-05T14:26:36+08:00 ] ::1 /dev/index.php/Admin/Common/verify.html
INFO: [ app_init ] --START--
INFO: Run Behavior\BuildLiteBehavior [ RunTime:0.000842s ]
INFO: [ app_init ] --END-- [ RunTime:0.000932s ]
INFO: [ app_begin ] --START--
INFO: Run Behavior\ReadHtmlCacheBehavior [ RunTime:0.000386s ]
INFO: [ app_begin ] --END-- [ RunTime:0.000418s ]
NOTIC: [8] Use of undefined constant SESSION_PREFIX - assumed 'SESSION_PREFIX' /Applications/MAMP/htdocs/dev/Application/Admin/Controller/CommonController.class.php 第 27 行.
NOTIC: [8] A session had already been started - ignoring session_start() /Applications/MAMP/htdocs/dev/ThinkPHP/Common/functions.php 第 1263 行.
INFO: [ app_end ] --START--
INFO: Run Behavior\ShowPageTraceBehavior [ RunTime:0.000491s ]
INFO: [ app_end ] --END-- [ RunTime:0.000538s ]

[ 2017-12-05T14:26:41+08:00 ] ::1 /dev/index.php/Admin/Index/login.html
INFO: [ app_init ] --START--
INFO: Run Behavior\BuildLiteBehavior [ RunTime:0.000012s ]
INFO: [ app_init ] --END-- [ RunTime:0.000056s ]
INFO: [ app_begin ] --START--
INFO: Run Behavior\ReadHtmlCacheBehavior [ RunTime:0.000477s ]
INFO: [ app_begin ] --END-- [ RunTime:0.000513s ]
NOTIC: [8] Use of undefined constant SESSION_PREFIX - assumed 'SESSION_PREFIX' /Applications/MAMP/htdocs/dev/Application/Admin/Controller/CommonController.class.php 第 27 行.
NOTIC: [8] A session had already been started - ignoring session_start() /Applications/MAMP/htdocs/dev/ThinkPHP/Common/functions.php 第 1263 行.
SQL: SHOW COLUMNS FROM `tp_admin` [ RunTime:0.0035s ]
SQL: SELECT * FROM `tp_admin` WHERE `uname` = 'admin' AND `pword` = 'e10adc3949ba59abbe56e057f20f883e' LIMIT 1   [ RunTime:0.0016s ]

[ 2017-12-05T14:26:41+08:00 ] ::1 /dev/index.php/Admin/Index/index.html
INFO: [ app_init ] --START--
INFO: Run Behavior\BuildLiteBehavior [ RunTime:0.000009s ]
INFO: [ app_init ] --END-- [ RunTime:0.000041s ]
INFO: [ app_begin ] --START--
INFO: Run Behavior\ReadHtmlCacheBehavior [ RunTime:0.000372s ]
INFO: [ app_begin ] --END-- [ RunTime:0.000401s ]
NOTIC: [8] Use of undefined constant SESSION_PREFIX - assumed 'SESSION_PREFIX' /Applications/MAMP/htdocs/dev/Application/Admin/Controller/CommonController.class.php 第 27 行.
NOTIC: [8] A session had already been started - ignoring session_start() /Applications/MAMP/htdocs/dev/ThinkPHP/Common/functions.php 第 1263 行.
SQL: SHOW COLUMNS FROM `tp_menu` [ RunTime:0.0022s ]
SQL: SELECT * FROM `tp_menu` ORDER BY step asc  [ RunTime:0.0003s ]
INFO: [ view_parse ] --START--
INFO: [ template_filter ] --START--
INFO: Run Behavior\ContentReplaceBehavior [ RunTime:0.000082s ]
INFO: [ template_filter ] --END-- [ RunTime:0.000119s ]
INFO: Run Behavior\ParseTemplateBehavior [ RunTime:0.125951s ]
INFO: [ view_parse ] --END-- [ RunTime:0.125995s ]
INFO: [ view_filter ] --START--
INFO: Run Behavior\WriteHtmlCacheBehavior [ RunTime:0.000131s ]
INFO: [ view_filter ] --END-- [ RunTime:0.000152s ]
INFO: [ app_end ] --START--
INFO: Run Behavior\ShowPageTraceBehavior [ RunTime:0.000871s ]
INFO: [ app_end ] --END-- [ RunTime:0.000936s ]

[ 2017-12-05T14:26:41+08:00 ] ::1 /dev/index.php/Admin/Index/welcome.html
INFO: [ app_init ] --START--
INFO: Run Behavior\BuildLiteBehavior [ RunTime:0.000014s ]
INFO: [ app_init ] --END-- [ RunTime:0.000293s ]
INFO: [ app_begin ] --START--
INFO: Run Behavior\ReadHtmlCacheBehavior [ RunTime:0.000958s ]
INFO: [ app_begin ] --END-- [ RunTime:0.001021s ]
NOTIC: [8] Use of undefined constant SESSION_PREFIX - assumed 'SESSION_PREFIX' /Applications/MAMP/htdocs/dev/Application/Admin/Controller/CommonController.class.php 第 27 行.
NOTIC: [8] A session had already been started - ignoring session_start() /Applications/MAMP/htdocs/dev/ThinkPHP/Common/functions.php 第 1263 行.
SQL: SHOW COLUMNS FROM `tp_menu` [ RunTime:0.0017s ]
SQL: SELECT * FROM `tp_menu` ORDER BY step asc  [ RunTime:0.0003s ]
INFO: [ app_end ] --START--
INFO: Run Behavior\ShowPageTraceBehavior [ RunTime:0.000560s ]
INFO: [ app_end ] --END-- [ RunTime:0.000594s ]

[ 2017-12-05T14:26:44+08:00 ] ::1 /dev/index.php/Admin/GroupBuy/index.html
INFO: [ app_init ] --START--
INFO: Run Behavior\BuildLiteBehavior [ RunTime:0.000010s ]
INFO: [ app_init ] --END-- [ RunTime:0.000042s ]
INFO: [ app_begin ] --START--
INFO: Run Behavior\ReadHtmlCacheBehavior [ RunTime:0.000445s ]
INFO: [ app_begin ] --END-- [ RunTime:0.000503s ]
NOTIC: [8] Use of undefined constant SESSION_PREFIX - assumed 'SESSION_PREFIX' /Applications/MAMP/htdocs/dev/Application/Admin/Controller/CommonController.class.php 第 27 行.
NOTIC: [8] A session had already been started - ignoring session_start() /Applications/MAMP/htdocs/dev/ThinkPHP/Common/functions.php 第 1263 行.
SQL: SHOW COLUMNS FROM `tp_menu` [ RunTime:0.0017s ]
SQL: SELECT * FROM `tp_menu` ORDER BY step asc  [ RunTime:0.0003s ]
SQL: SHOW COLUMNS FROM `tp_group_joins` [ RunTime:0.0024s ]
SQL: SELECT COUNT(*) AS tp_count FROM `tp_group_joins` LIMIT 1   [ RunTime:0.0004s ]
SQL: SELECT a.*,p.name,p.photo_x FROM tp_group_joins a LEFT JOIN tp_product p on p.id = a.pid  ORDER BY id desc LIMIT 0,25   [ RunTime:0.0001s ]
INFO: [ view_parse ] --START--
INFO: [ template_filter ] --START--
INFO: Run Behavior\ContentReplaceBehavior [ RunTime:0.000084s ]
INFO: [ template_filter ] --END-- [ RunTime:0.000118s ]
INFO: Run Behavior\ParseTemplateBehavior [ RunTime:0.015237s ]
INFO: [ view_parse ] --END-- [ RunTime:0.015274s ]
INFO: [ view_filter ] --START--
INFO: Run Behavior\WriteHtmlCacheBehavior [ RunTime:0.000204s ]
INFO: [ view_filter ] --END-- [ RunTime:0.000226s ]
INFO: [ app_end ] --START--
INFO: Run Behavior\ShowPageTraceBehavior [ RunTime:0.000469s ]
INFO: [ app_end ] --END-- [ RunTime:0.000496s ]

[ 2017-12-05T14:26:45+08:00 ] ::1 /dev/index.php/Admin/GroupBuy/groupOpenList.html
INFO: [ app_init ] --START--
INFO: Run Behavior\BuildLiteBehavior [ RunTime:0.000011s ]
INFO: [ app_init ] --END-- [ RunTime:0.000059s ]
INFO: [ app_begin ] --START--
INFO: Run Behavior\ReadHtmlCacheBehavior [ RunTime:0.000388s ]
INFO: [ app_begin ] --END-- [ RunTime:0.000417s ]
NOTIC: [8] Use of undefined constant SESSION_PREFIX - assumed 'SESSION_PREFIX' /Applications/MAMP/htdocs/dev/Application/Admin/Controller/CommonController.class.php 第 27 行.
NOTIC: [8] A session had already been started - ignoring session_start() /Applications/MAMP/htdocs/dev/ThinkPHP/Common/functions.php 第 1263 行.
SQL: SHOW COLUMNS FROM `tp_menu` [ RunTime:0.0017s ]
SQL: SELECT * FROM `tp_menu` ORDER BY step asc  [ RunTime:0.0004s ]
SQL: SHOW COLUMNS FROM `tp_group_joins_open` [ RunTime:0.0018s ]
SQL: SELECT COUNT(*) AS tp_count FROM `tp_group_joins_open` WHERE (  1=1  ) LIMIT 1   [ RunTime:0.0001s ]
SQL: SELECT a.*,g.starttime,g.endtime,p.name,p.photo_x,u.uname,u.photo FROM tp_group_joins_open a LEFT JOIN tp_product p on p.id = a.pid LEFT JOIN tp_user u on u.id = a.uid LEFT JOIN tp_group_joins G on G.pid = a.pid  WHERE (  1=1  ) ORDER BY time desc LIMIT 0,25   [ RunTime:0.0001s ]
INFO: [ view_parse ] --START--
INFO: [ template_filter ] --START--
INFO: Run Behavior\ContentReplaceBehavior [ RunTime:0.000138s ]
INFO: [ template_filter ] --END-- [ RunTime:0.000189s ]
INFO: Run Behavior\ParseTemplateBehavior [ RunTime:0.020494s ]
INFO: [ view_parse ] --END-- [ RunTime:0.020550s ]
INFO: [ view_filter ] --START--
INFO: Run Behavior\WriteHtmlCacheBehavior [ RunTime:0.000301s ]
INFO: [ view_filter ] --END-- [ RunTime:0.000364s ]
INFO: [ app_end ] --START--
INFO: Run Behavior\ShowPageTraceBehavior [ RunTime:0.000547s ]
INFO: [ app_end ] --END-- [ RunTime:0.000579s ]

[ 2017-12-05T14:26:47+08:00 ] ::1 /dev/index.php/Admin/GroupBuy/add.html
INFO: [ app_init ] --START--
INFO: Run Behavior\BuildLiteBehavior [ RunTime:0.000009s ]
INFO: [ app_init ] --END-- [ RunTime:0.000040s ]
INFO: [ app_begin ] --START--
INFO: Run Behavior\ReadHtmlCacheBehavior [ RunTime:0.000340s ]
INFO: [ app_begin ] --END-- [ RunTime:0.000367s ]
NOTIC: [8] Use of undefined constant SESSION_PREFIX - assumed 'SESSION_PREFIX' /Applications/MAMP/htdocs/dev/Application/Admin/Controller/CommonController.class.php 第 27 行.
NOTIC: [8] A session had already been started - ignoring session_start() /Applications/MAMP/htdocs/dev/ThinkPHP/Common/functions.php 第 1263 行.
SQL: SHOW COLUMNS FROM `tp_menu` [ RunTime:0.0032s ]
SQL: SELECT * FROM `tp_menu` ORDER BY step asc  [ RunTime:0.0003s ]
SQL: SHOW COLUMNS FROM `tp_product` [ RunTime:0.0023s ]
SQL: SELECT `name`,`photo_x`,`id` FROM `tp_product` WHERE (  del=0 and is_down=0 )  [ RunTime:0.0001s ]
INFO: [ view_parse ] --START--
INFO: [ template_filter ] --START--
INFO: Run Behavior\ContentReplaceBehavior [ RunTime:0.000088s ]
INFO: [ template_filter ] --END-- [ RunTime:0.000127s ]
INFO: Run Behavior\ParseTemplateBehavior [ RunTime:0.023140s ]
INFO: [ view_parse ] --END-- [ RunTime:0.023192s ]
INFO: [ view_filter ] --START--
INFO: Run Behavior\WriteHtmlCacheBehavior [ RunTime:0.000244s ]
INFO: [ view_filter ] --END-- [ RunTime:0.000284s ]
INFO: [ app_end ] --START--
INFO: Run Behavior\ShowPageTraceBehavior [ RunTime:0.000871s ]
INFO: [ app_end ] --END-- [ RunTime:0.000932s ]

[ 2017-12-05T14:26:47+08:00 ] ::1 /dev/index.php/Admin/GroupBuy/index.html
INFO: [ app_init ] --START--
INFO: Run Behavior\BuildLiteBehavior [ RunTime:0.000009s ]
INFO: [ app_init ] --END-- [ RunTime:0.000043s ]
INFO: [ app_begin ] --START--
INFO: Run Behavior\ReadHtmlCacheBehavior [ RunTime:0.000379s ]
INFO: [ app_begin ] --END-- [ RunTime:0.000409s ]
NOTIC: [8] Use of undefined constant SESSION_PREFIX - assumed 'SESSION_PREFIX' /Applications/MAMP/htdocs/dev/Application/Admin/Controller/CommonController.class.php 第 27 行.
NOTIC: [8] A session had already been started - ignoring session_start() /Applications/MAMP/htdocs/dev/ThinkPHP/Common/functions.php 第 1263 行.
SQL: SHOW COLUMNS FROM `tp_menu` [ RunTime:0.0074s ]
SQL: SELECT * FROM `tp_menu` ORDER BY step asc  [ RunTime:0.0003s ]
SQL: SHOW COLUMNS FROM `tp_group_joins` [ RunTime:0.0019s ]
SQL: SELECT COUNT(*) AS tp_count FROM `tp_group_joins` LIMIT 1   [ RunTime:0.0001s ]
SQL: SELECT a.*,p.name,p.photo_x FROM tp_group_joins a LEFT JOIN tp_product p on p.id = a.pid  ORDER BY id desc LIMIT 0,25   [ RunTime:0.0002s ]
INFO: [ view_parse ] --START--
INFO: [ template_filter ] --START--
INFO: Run Behavior\ContentReplaceBehavior [ RunTime:0.000077s ]
INFO: [ template_filter ] --END-- [ RunTime:0.000111s ]
INFO: Run Behavior\ParseTemplateBehavior [ RunTime:0.012583s ]
INFO: [ view_parse ] --END-- [ RunTime:0.012645s ]
INFO: [ view_filter ] --START--
INFO: Run Behavior\WriteHtmlCacheBehavior [ RunTime:0.000273s ]
INFO: [ view_filter ] --END-- [ RunTime:0.000315s ]
INFO: [ app_end ] --START--
INFO: Run Behavior\ShowPageTraceBehavior [ RunTime:0.000742s ]
INFO: [ app_end ] --END-- [ RunTime:0.000775s ]

[ 2017-12-05T15:16:15+08:00 ] ::1 /dev/index.php/Admin/Product/index.html
INFO: [ app_init ] --START--
INFO: Run Behavior\BuildLiteBehavior [ RunTime:0.000014s ]
INFO: [ app_init ] --END-- [ RunTime:0.000070s ]
INFO: [ app_begin ] --START--
INFO: Run Behavior\ReadHtmlCacheBehavior [ RunTime:0.000976s ]
INFO: [ app_begin ] --END-- [ RunTime:0.001040s ]
NOTIC: [8] Use of undefined constant SESSION_PREFIX - assumed 'SESSION_PREFIX' /Applications/MAMP/htdocs/dev/Application/Admin/Controller/CommonController.class.php 第 27 行.
NOTIC: [8] A session had already been started - ignoring session_start() /Applications/MAMP/htdocs/dev/ThinkPHP/Common/functions.php 第 1263 行.
SQL: SHOW COLUMNS FROM `tp_menu` [ RunTime:0.0031s ]
SQL: SELECT * FROM `tp_menu` ORDER BY step asc  [ RunTime:0.0003s ]
NOTIC: [8] Undefined index: id /Applications/MAMP/htdocs/dev/Application/Admin/Controller/ProductController.class.php 第 14 行.
NOTIC: [8] Undefined index: type /Applications/MAMP/htdocs/dev/Application/Admin/Controller/ProductController.class.php 第 17 行.
NOTIC: [8] Undefined index: tuijian /Applications/MAMP/htdocs/dev/Application/Admin/Controller/ProductController.class.php 第 18 行.
NOTIC: [8] Undefined index: name /Applications/MAMP/htdocs/dev/Application/Admin/Controller/ProductController.class.php 第 19 行.
SQL: SHOW COLUMNS FROM `tp_product` [ RunTime:0.0039s ]
SQL: SELECT COUNT(*) AS tp_count FROM `tp_product` WHERE ( 1=1 AND pro_type=1 AND del<1 ) LIMIT 1   [ RunTime:0.0114s ]
NOTIC: [8] Undefined index: page /Applications/MAMP/htdocs/dev/Application/Admin/Controller/ProductController.class.php 第 30 行.
SQL: SELECT * FROM `tp_product` WHERE ( 1=1 AND pro_type=1 AND del<1 ) ORDER BY addtime desc LIMIT 0,20   [ RunTime:0.0110s ]
SQL: SHOW COLUMNS FROM `tp_category` [ RunTime:0.0066s ]
SQL: SELECT `name` FROM `tp_category` WHERE ( id=12 ) LIMIT 1   [ RunTime:0.0068s ]
SQL: SELECT `name` FROM `tp_category` WHERE ( id=14 ) LIMIT 1   [ RunTime:0.0002s ]
SQL: SELECT `name` FROM `tp_category` WHERE ( id=8 ) LIMIT 1   [ RunTime:0.0002s ]
SQL: SELECT `name` FROM `tp_category` WHERE ( id=9 ) LIMIT 1   [ RunTime:0.0002s ]
SQL: SELECT `name` FROM `tp_category` WHERE ( id=5 ) LIMIT 1   [ RunTime:0.0002s ]
SQL: SELECT `name` FROM `tp_category` WHERE ( id=5 ) LIMIT 1   [ RunTime:0.0001s ]
SQL: SELECT `name` FROM `tp_category` WHERE ( id=5 ) LIMIT 1   [ RunTime:0.0001s ]
SQL: SELECT `name` FROM `tp_category` WHERE ( id=11 ) LIMIT 1   [ RunTime:0.0002s ]
SQL: SELECT `name` FROM `tp_category` WHERE ( id=8 ) LIMIT 1   [ RunTime:0.0001s ]
INFO: [ view_parse ] --START--
INFO: [ template_filter ] --START--
INFO: Run Behavior\ContentReplaceBehavior [ RunTime:0.000136s ]
INFO: [ template_filter ] --END-- [ RunTime:0.000189s ]
NOTIC: [8] Undefined index: is_sale /Applications/MAMP/htdocs/dev/Application/Runtime/Cache/Admin/34e4b095905075aaede5ee9039415509.php 第 70 行.
NOTIC: [8] Undefined index: is_sale /Applications/MAMP/htdocs/dev/Application/Runtime/Cache/Admin/34e4b095905075aaede5ee9039415509.php 第 70 行.
NOTIC: [8] Undefined index: is_sale /Applications/MAMP/htdocs/dev/Application/Runtime/Cache/Admin/34e4b095905075aaede5ee9039415509.php 第 70 行.
NOTIC: [8] Undefined index: is_sale /Applications/MAMP/htdocs/dev/Application/Runtime/Cache/Admin/34e4b095905075aaede5ee9039415509.php 第 70 行.
NOTIC: [8] Undefined index: is_sale /Applications/MAMP/htdocs/dev/Application/Runtime/Cache/Admin/34e4b095905075aaede5ee9039415509.php 第 70 行.
NOTIC: [8] Undefined index: is_sale /Applications/MAMP/htdocs/dev/Application/Runtime/Cache/Admin/34e4b095905075aaede5ee9039415509.php 第 70 行.
NOTIC: [8] Undefined index: is_sale /Applications/MAMP/htdocs/dev/Application/Runtime/Cache/Admin/34e4b095905075aaede5ee9039415509.php 第 70 行.
NOTIC: [8] Undefined index: is_sale /Applications/MAMP/htdocs/dev/Application/Runtime/Cache/Admin/34e4b095905075aaede5ee9039415509.php 第 70 行.
NOTIC: [8] Undefined index: is_sale /Applications/MAMP/htdocs/dev/Application/Runtime/Cache/Admin/34e4b095905075aaede5ee9039415509.php 第 70 行.
INFO: Run Behavior\ParseTemplateBehavior [ RunTime:0.040097s ]
INFO: [ view_parse ] --END-- [ RunTime:0.040129s ]
INFO: [ view_filter ] --START--
INFO: Run Behavior\WriteHtmlCacheBehavior [ RunTime:0.000620s ]
INFO: [ view_filter ] --END-- [ RunTime:0.000666s ]
INFO: [ app_end ] --START--
INFO: Run Behavior\ShowPageTraceBehavior [ RunTime:0.001156s ]
INFO: [ app_end ] --END-- [ RunTime:0.001280s ]

[ 2017-12-05T15:16:40+08:00 ] ::1 /dev/index.php/Admin/Product/add.html?id=6&page=0&name=&tuijian=
INFO: [ app_init ] --START--
INFO: Run Behavior\BuildLiteBehavior [ RunTime:0.000009s ]
INFO: [ app_init ] --END-- [ RunTime:0.000039s ]
INFO: [ app_begin ] --START--
INFO: Run Behavior\ReadHtmlCacheBehavior [ RunTime:0.000382s ]
INFO: [ app_begin ] --END-- [ RunTime:0.000410s ]
NOTIC: [8] Use of undefined constant SESSION_PREFIX - assumed 'SESSION_PREFIX' /Applications/MAMP/htdocs/dev/Application/Admin/Controller/CommonController.class.php 第 27 行.
NOTIC: [8] A session had already been started - ignoring session_start() /Applications/MAMP/htdocs/dev/ThinkPHP/Common/functions.php 第 1263 行.
SQL: SHOW COLUMNS FROM `tp_menu` [ RunTime:0.0020s ]
SQL: SELECT * FROM `tp_menu` ORDER BY step asc  [ RunTime:0.0004s ]
NOTIC: [8] Undefined index: type /Applications/MAMP/htdocs/dev/Application/Admin/Controller/ProductController.class.php 第 64 行.
NOTIC: [8] Undefined index: submit /Applications/MAMP/htdocs/dev/Application/Admin/Controller/ProductController.class.php 第 66 行.
SQL: SHOW COLUMNS FROM `tp_category` [ RunTime:0.0026s ]
SQL: SELECT `id`,`name` FROM `tp_category` WHERE ( tid=1 )  [ RunTime:0.0003s ]
SQL: SHOW COLUMNS FROM `tp_product` [ RunTime:0.0022s ]
SQL: SELECT * FROM `tp_product` WHERE ( id=6 ) LIMIT 1   [ RunTime:0.0005s ]
SQL: SELECT `tid` FROM `tp_category` WHERE ( id=5 ) LIMIT 1   [ RunTime:0.0012s ]
SQL: SELECT `id`,`name` FROM `tp_category` WHERE ( tid=2 )  [ RunTime:0.0003s ]
SQL: SHOW COLUMNS FROM `tp_brand` [ RunTime:0.0018s ]
SQL: SELECT `id`,`name` FROM `tp_brand` WHERE ( 1=1 )  [ RunTime:0.0008s ]
NOTIC: [8] Undefined variable: shop_id /Applications/MAMP/htdocs/dev/Application/Admin/Controller/ProductController.class.php 第 252 行.
INFO: [ view_parse ] --START--
INFO: [ template_filter ] --START--
INFO: Run Behavior\ContentReplaceBehavior [ RunTime:0.000216s ]
INFO: [ template_filter ] --END-- [ RunTime:0.000260s ]
NOTIC: [8] Undefined variable: img /Applications/MAMP/htdocs/dev/Application/Runtime/Cache/Admin/8b641081e7ea680aaaea87475742484f.php 第 33 行.
NOTIC: [8] Undefined variable: img /Applications/MAMP/htdocs/dev/Application/Runtime/Cache/Admin/8b641081e7ea680aaaea87475742484f.php 第 33 行.
NOTIC: [8] Undefined variable: img /Applications/MAMP/htdocs/dev/Application/Runtime/Cache/Admin/8b641081e7ea680aaaea87475742484f.php 第 33 行.
NOTIC: [2] Division by zero /Applications/MAMP/htdocs/dev/Application/Runtime/Cache/Admin/8b641081e7ea680aaaea87475742484f.php 第 33 行.
INFO: Run Behavior\ParseTemplateBehavior [ RunTime:0.030326s ]
INFO: [ view_parse ] --END-- [ RunTime:0.030359s ]
INFO: [ view_filter ] --START--
INFO: Run Behavior\WriteHtmlCacheBehavior [ RunTime:0.000155s ]
INFO: [ view_filter ] --END-- [ RunTime:0.000178s ]
INFO: [ app_end ] --START--
INFO: Run Behavior\ShowPageTraceBehavior [ RunTime:0.000697s ]
INFO: [ app_end ] --END-- [ RunTime:0.000748s ]

[ 2017-12-05T15:17:19+08:00 ] ::1 /dev/index.php/Admin/Product/index.html
INFO: [ app_init ] --START--
INFO: Run Behavior\BuildLiteBehavior [ RunTime:0.000020s ]
INFO: [ app_init ] --END-- [ RunTime:0.000092s ]
INFO: [ app_begin ] --START--
INFO: Run Behavior\ReadHtmlCacheBehavior [ RunTime:0.001122s ]
INFO: [ app_begin ] --END-- [ RunTime:0.001198s ]
NOTIC: [8] Use of undefined constant SESSION_PREFIX - assumed 'SESSION_PREFIX' /Applications/MAMP/htdocs/dev/Application/Admin/Controller/CommonController.class.php 第 27 行.
NOTIC: [8] A session had already been started - ignoring session_start() /Applications/MAMP/htdocs/dev/ThinkPHP/Common/functions.php 第 1263 行.
SQL: SHOW COLUMNS FROM `tp_menu` [ RunTime:0.0020s ]
SQL: SELECT * FROM `tp_menu` ORDER BY step asc  [ RunTime:0.0003s ]
NOTIC: [8] Undefined index: id /Applications/MAMP/htdocs/dev/Application/Admin/Controller/ProductController.class.php 第 14 行.
NOTIC: [8] Undefined index: type /Applications/MAMP/htdocs/dev/Application/Admin/Controller/ProductController.class.php 第 17 行.
NOTIC: [8] Undefined index: tuijian /Applications/MAMP/htdocs/dev/Application/Admin/Controller/ProductController.class.php 第 18 行.
NOTIC: [8] Undefined index: name /Applications/MAMP/htdocs/dev/Application/Admin/Controller/ProductController.class.php 第 19 行.
SQL: SHOW COLUMNS FROM `tp_product` [ RunTime:0.0020s ]
SQL: SELECT COUNT(*) AS tp_count FROM `tp_product` WHERE ( 1=1 AND pro_type=1 AND del<1 ) LIMIT 1   [ RunTime:0.0001s ]
NOTIC: [8] Undefined index: page /Applications/MAMP/htdocs/dev/Application/Admin/Controller/ProductController.class.php 第 30 行.
SQL: SELECT * FROM `tp_product` WHERE ( 1=1 AND pro_type=1 AND del<1 ) ORDER BY addtime desc LIMIT 0,20   [ RunTime:0.0007s ]
SQL: SHOW COLUMNS FROM `tp_category` [ RunTime:0.0017s ]
SQL: SELECT `name` FROM `tp_category` WHERE ( id=12 ) LIMIT 1   [ RunTime:0.0001s ]
SQL: SELECT `name` FROM `tp_category` WHERE ( id=14 ) LIMIT 1   [ RunTime:0.0001s ]
SQL: SELECT `name` FROM `tp_category` WHERE ( id=8 ) LIMIT 1   [ RunTime:0.0001s ]
SQL: SELECT `name` FROM `tp_category` WHERE ( id=9 ) LIMIT 1   [ RunTime:0.0001s ]
SQL: SELECT `name` FROM `tp_category` WHERE ( id=5 ) LIMIT 1   [ RunTime:0.0001s ]
SQL: SELECT `name` FROM `tp_category` WHERE ( id=5 ) LIMIT 1   [ RunTime:0.0001s ]
SQL: SELECT `name` FROM `tp_category` WHERE ( id=5 ) LIMIT 1   [ RunTime:0.0001s ]
SQL: SELECT `name` FROM `tp_category` WHERE ( id=11 ) LIMIT 1   [ RunTime:0.0001s ]
SQL: SELECT `name` FROM `tp_category` WHERE ( id=8 ) LIMIT 1   [ RunTime:0.0001s ]
INFO: [ view_parse ] --START--
INFO: [ template_filter ] --START--
INFO: Run Behavior\ContentReplaceBehavior [ RunTime:0.000128s ]
INFO: [ template_filter ] --END-- [ RunTime:0.000166s ]
NOTIC: [8] Undefined index: is_sale /Applications/MAMP/htdocs/dev/Application/Runtime/Cache/Admin/34e4b095905075aaede5ee9039415509.php 第 70 行.
NOTIC: [8] Undefined index: is_sale /Applications/MAMP/htdocs/dev/Application/Runtime/Cache/Admin/34e4b095905075aaede5ee9039415509.php 第 70 行.
NOTIC: [8] Undefined index: is_sale /Applications/MAMP/htdocs/dev/Application/Runtime/Cache/Admin/34e4b095905075aaede5ee9039415509.php 第 70 行.
NOTIC: [8] Undefined index: is_sale /Applications/MAMP/htdocs/dev/Application/Runtime/Cache/Admin/34e4b095905075aaede5ee9039415509.php 第 70 行.
NOTIC: [8] Undefined index: is_sale /Applications/MAMP/htdocs/dev/Application/Runtime/Cache/Admin/34e4b095905075aaede5ee9039415509.php 第 70 行.
NOTIC: [8] Undefined index: is_sale /Applications/MAMP/htdocs/dev/Application/Runtime/Cache/Admin/34e4b095905075aaede5ee9039415509.php 第 70 行.
NOTIC: [8] Undefined index: is_sale /Applications/MAMP/htdocs/dev/Application/Runtime/Cache/Admin/34e4b095905075aaede5ee9039415509.php 第 70 行.
NOTIC: [8] Undefined index: is_sale /Applications/MAMP/htdocs/dev/Application/Runtime/Cache/Admin/34e4b095905075aaede5ee9039415509.php 第 70 行.
NOTIC: [8] Undefined index: is_sale /Applications/MAMP/htdocs/dev/Application/Runtime/Cache/Admin/34e4b095905075aaede5ee9039415509.php 第 70 行.
INFO: Run Behavior\ParseTemplateBehavior [ RunTime:0.034977s ]
INFO: [ view_parse ] --END-- [ RunTime:0.035006s ]
INFO: [ view_filter ] --START--
INFO: Run Behavior\WriteHtmlCacheBehavior [ RunTime:0.000603s ]
INFO: [ view_filter ] --END-- [ RunTime:0.000647s ]
INFO: [ app_end ] --START--
INFO: Run Behavior\ShowPageTraceBehavior [ RunTime:0.000897s ]
INFO: [ app_end ] --END-- [ RunTime:0.000960s ]

[ 2017-12-05T15:17:21+08:00 ] ::1 /dev/index.php/Admin/Voucher/index.html
INFO: [ app_init ] --START--
INFO: Run Behavior\BuildLiteBehavior [ RunTime:0.000012s ]
INFO: [ app_init ] --END-- [ RunTime:0.000059s ]
INFO: [ app_begin ] --START--
INFO: Run Behavior\ReadHtmlCacheBehavior [ RunTime:0.000405s ]
INFO: [ app_begin ] --END-- [ RunTime:0.000437s ]
NOTIC: [8] Use of undefined constant SESSION_PREFIX - assumed 'SESSION_PREFIX' /Applications/MAMP/htdocs/dev/Application/Admin/Controller/CommonController.class.php 第 27 行.
NOTIC: [8] A session had already been started - ignoring session_start() /Applications/MAMP/htdocs/dev/ThinkPHP/Common/functions.php 第 1263 行.
SQL: SHOW COLUMNS FROM `tp_menu` [ RunTime:0.0017s ]
SQL: SELECT * FROM `tp_menu` ORDER BY step asc  [ RunTime:0.0004s ]
NOTIC: [8] Undefined index: keyword /Applications/MAMP/htdocs/dev/Application/Admin/Controller/VoucherController.class.php 第 10 行.
SQL: SHOW COLUMNS FROM `tp_voucher` [ RunTime:0.0021s ]
SQL: SELECT COUNT(*) AS tp_count FROM `tp_voucher` WHERE ( 1=1 AND del=0 ) LIMIT 1   [ RunTime:0.0009s ]
NOTIC: [8] Undefined index: page /Applications/MAMP/htdocs/dev/Application/Admin/Controller/VoucherController.class.php 第 28 行.
SQL: SELECT * FROM `tp_voucher` WHERE ( 1=1 AND del=0 ) ORDER BY id desc LIMIT 0,20   [ RunTime:0.0005s ]
INFO: [ view_parse ] --START--
INFO: [ template_filter ] --START--
INFO: Run Behavior\ContentReplaceBehavior [ RunTime:0.000149s ]
INFO: [ template_filter ] --END-- [ RunTime:0.000221s ]
NOTIC: [8] Undefined variable: page /Applications/MAMP/htdocs/dev/Application/Runtime/Cache/Admin/9ff596feaf14ae90515a9e4bdc439748.php 第 66 行.
INFO: Run Behavior\ParseTemplateBehavior [ RunTime:0.027103s ]
INFO: [ view_parse ] --END-- [ RunTime:0.027152s ]
INFO: [ view_filter ] --START--
INFO: Run Behavior\WriteHtmlCacheBehavior [ RunTime:0.000296s ]
INFO: [ view_filter ] --END-- [ RunTime:0.000343s ]
INFO: [ app_end ] --START--
INFO: Run Behavior\ShowPageTraceBehavior [ RunTime:0.000754s ]
INFO: [ app_end ] --END-- [ RunTime:0.000847s ]

[ 2017-12-05T15:17:22+08:00 ] ::1 /dev/index.php/Admin/Guanggao/index.html
INFO: [ app_init ] --START--
INFO: Run Behavior\BuildLiteBehavior [ RunTime:0.000013s ]
INFO: [ app_init ] --END-- [ RunTime:0.000052s ]
INFO: [ app_begin ] --START--
INFO: Run Behavior\ReadHtmlCacheBehavior [ RunTime:0.000531s ]
INFO: [ app_begin ] --END-- [ RunTime:0.000576s ]
SQL: SHOW COLUMNS FROM `tp_guanggao` [ RunTime:0.0018s ]
NOTIC: [8] Use of undefined constant SESSION_PREFIX - assumed 'SESSION_PREFIX' /Applications/MAMP/htdocs/dev/Application/Admin/Controller/CommonController.class.php 第 27 行.
NOTIC: [8] A session had already been started - ignoring session_start() /Applications/MAMP/htdocs/dev/ThinkPHP/Common/functions.php 第 1263 行.
SQL: SHOW COLUMNS FROM `tp_menu` [ RunTime:0.0017s ]
SQL: SELECT * FROM `tp_menu` ORDER BY step asc  [ RunTime:0.0003s ]
NOTIC: [8] Undefined index: adv_name /Applications/MAMP/htdocs/dev/Application/Admin/Controller/GuanggaoController.class.php 第 20 行.
SQL: SELECT COUNT(*) AS tp_count FROM `tp_guanggao` LIMIT 1   [ RunTime:0.0001s ]
SQL: SELECT * FROM `tp_guanggao` ORDER BY addtime desc LIMIT 0,20   [ RunTime:0.0002s ]
INFO: [ view_parse ] --START--
INFO: [ template_filter ] --START--
INFO: Run Behavior\ContentReplaceBehavior [ RunTime:0.000090s ]
INFO: [ template_filter ] --END-- [ RunTime:0.000139s ]
NOTIC: [8] Undefined variable: name /Applications/MAMP/htdocs/dev/Application/Runtime/Cache/Admin/862740d00b0f449b10e2168b0dd97581.php 第 33 行.
NOTIC: [8] Undefined variable: type /Applications/MAMP/htdocs/dev/Application/Runtime/Cache/Admin/862740d00b0f449b10e2168b0dd97581.php 第 86 行.
INFO: Run Behavior\ParseTemplateBehavior [ RunTime:0.017932s ]
INFO: [ view_parse ] --END-- [ RunTime:0.017965s ]
INFO: [ view_filter ] --START--
INFO: Run Behavior\WriteHtmlCacheBehavior [ RunTime:0.000151s ]
INFO: [ view_filter ] --END-- [ RunTime:0.000175s ]
INFO: [ app_end ] --START--
INFO: Run Behavior\ShowPageTraceBehavior [ RunTime:0.000525s ]
INFO: [ app_end ] --END-- [ RunTime:0.000551s ]

[ 2017-12-05T15:17:24+08:00 ] ::1 /dev/index.php/Admin/Order/index.html
INFO: [ app_init ] --START--
INFO: Run Behavior\BuildLiteBehavior [ RunTime:0.000013s ]
INFO: [ app_init ] --END-- [ RunTime:0.000057s ]
INFO: [ app_begin ] --START--
INFO: Run Behavior\ReadHtmlCacheBehavior [ RunTime:0.000441s ]
INFO: [ app_begin ] --END-- [ RunTime:0.000476s ]
NOTIC: [2] Declaration of Admin\Controller\OrderController::show() should be compatible with Think\Controller::show($content, $charset = '', $contentType = '', $prefix = '') /Applications/MAMP/htdocs/dev/Application/Admin/Controller/OrderController.class.php 第 4 行.
SQL: SHOW COLUMNS FROM `tp_order` [ RunTime:0.0029s ]
SQL: SHOW COLUMNS FROM `tp_order_product` [ RunTime:0.0017s ]
NOTIC: [8] Use of undefined constant SESSION_PREFIX - assumed 'SESSION_PREFIX' /Applications/MAMP/htdocs/dev/Application/Admin/Controller/CommonController.class.php 第 27 行.
NOTIC: [8] A session had already been started - ignoring session_start() /Applications/MAMP/htdocs/dev/ThinkPHP/Common/functions.php 第 1263 行.
SQL: SHOW COLUMNS FROM `tp_menu` [ RunTime:0.0018s ]
SQL: SELECT * FROM `tp_menu` ORDER BY step asc  [ RunTime:0.0002s ]
NOTIC: [8] Undefined index: pay_type /Applications/MAMP/htdocs/dev/Application/Admin/Controller/OrderController.class.php 第 25 行.
NOTIC: [8] Undefined index: pay_status /Applications/MAMP/htdocs/dev/Application/Admin/Controller/OrderController.class.php 第 26 行.
NOTIC: [8] Undefined index: start_time /Applications/MAMP/htdocs/dev/Application/Admin/Controller/OrderController.class.php 第 27 行.
NOTIC: [8] Undefined index: end_time /Applications/MAMP/htdocs/dev/Application/Admin/Controller/OrderController.class.php 第 28 行.
SQL: SELECT COUNT(*) AS tp_count FROM `tp_order` WHERE ( 1=1 AND del=0 ) LIMIT 1   [ RunTime:0.0001s ]
SQL: SELECT * FROM `tp_order` WHERE ( 1=1 AND del=0 ) ORDER BY id desc LIMIT 0,25   [ RunTime:0.0004s ]
SQL: SHOW COLUMNS FROM `tp_user` [ RunTime:0.0032s ]
SQL: SELECT `name` FROM `tp_user` WHERE ( id=8 ) LIMIT 1   [ RunTime:0.0001s ]
SQL: SELECT `name` FROM `tp_user` WHERE ( id=10 ) LIMIT 1   [ RunTime:0.0001s ]
SQL: SELECT `name` FROM `tp_user` WHERE ( id=10 ) LIMIT 1   [ RunTime:0.0001s ]
SQL: SELECT `name` FROM `tp_user` WHERE ( id=10 ) LIMIT 1   [ RunTime:0.0001s ]
SQL: SELECT `name` FROM `tp_user` WHERE ( id=9 ) LIMIT 1   [ RunTime:0.0001s ]
SQL: SELECT `name` FROM `tp_user` WHERE ( id=4 ) LIMIT 1   [ RunTime:0.0001s ]
SQL: SELECT `name` FROM `tp_user` WHERE ( id=8 ) LIMIT 1   [ RunTime:0.0001s ]
SQL: SELECT `name` FROM `tp_user` WHERE ( id=4 ) LIMIT 1   [ RunTime:0.0001s ]
SQL: SELECT `name` FROM `tp_user` WHERE ( id=4 ) LIMIT 1   [ RunTime:0.0001s ]
SQL: SELECT `name` FROM `tp_user` WHERE ( id=4 ) LIMIT 1   [ RunTime:0.0001s ]
SQL: SELECT `name` FROM `tp_user` WHERE ( id=4 ) LIMIT 1   [ RunTime:0.0001s ]
SQL: SELECT `name` FROM `tp_user` WHERE ( id=4 ) LIMIT 1   [ RunTime:0.0001s ]
SQL: SELECT `name` FROM `tp_user` WHERE ( id=4 ) LIMIT 1   [ RunTime:0.0001s ]
SQL: SELECT `name` FROM `tp_user` WHERE ( id=4 ) LIMIT 1   [ RunTime:0.0001s ]
SQL: SELECT `name` FROM `tp_user` WHERE ( id=4 ) LIMIT 1   [ RunTime:0.0001s ]
SQL: SELECT `name` FROM `tp_user` WHERE ( id=4 ) LIMIT 1   [ RunTime:0.0001s ]
SQL: SELECT `name` FROM `tp_user` WHERE ( id=4 ) LIMIT 1   [ RunTime:0.0001s ]
SQL: SELECT `name` FROM `tp_user` WHERE ( id=4 ) LIMIT 1   [ RunTime:0.0001s ]
SQL: SELECT `name` FROM `tp_user` WHERE ( id=4 ) LIMIT 1   [ RunTime:0.0001s ]
SQL: SELECT `name` FROM `tp_user` WHERE ( id=4 ) LIMIT 1   [ RunTime:0.0001s ]
SQL: SELECT `name` FROM `tp_user` WHERE ( id=4 ) LIMIT 1   [ RunTime:0.0001s ]
SQL: SELECT `name` FROM `tp_user` WHERE ( id=4 ) LIMIT 1   [ RunTime:0.0001s ]
SQL: SELECT `name` FROM `tp_user` WHERE ( id=4 ) LIMIT 1   [ RunTime:0.0001s ]
SQL: SELECT `name` FROM `tp_user` WHERE ( id=4 ) LIMIT 1   [ RunTime:0.0001s ]
SQL: SELECT `name` FROM `tp_user` WHERE ( id=4 ) LIMIT 1   [ RunTime:0.0001s ]
NOTIC: [8] Undefined index: admininfo /Applications/MAMP/htdocs/dev/Application/Admin/Controller/OrderController.class.php 第 115 行.
INFO: [ view_parse ] --START--
INFO: [ template_filter ] --START--
INFO: Run Behavior\ContentReplaceBehavior [ RunTime:0.000079s ]
INFO: [ template_filter ] --END-- [ RunTime:0.000117s ]
NOTIC: [8] Undefined variable: pay_type /Applications/MAMP/htdocs/dev/Application/Runtime/Cache/Admin/18bc66a7b6334412ab8e61a2539ecfbd.php 第 42 行.
NOTIC: [8] Undefined variable: pay_type /Applications/MAMP/htdocs/dev/Application/Runtime/Cache/Admin/18bc66a7b6334412ab8e61a2539ecfbd.php 第 43 行.
NOTIC: [8] Undefined variable: pay_status /Applications/MAMP/htdocs/dev/Application/Runtime/Cache/Admin/18bc66a7b6334412ab8e61a2539ecfbd.php 第 52 行.
NOTIC: [8] Undefined variable: pay_status /Applications/MAMP/htdocs/dev/Application/Runtime/Cache/Admin/18bc66a7b6334412ab8e61a2539ecfbd.php 第 52 行.
NOTIC: [8] Undefined variable: pay_status /Applications/MAMP/htdocs/dev/Application/Runtime/Cache/Admin/18bc66a7b6334412ab8e61a2539ecfbd.php 第 52 行.
NOTIC: [8] Undefined variable: pay_status /Applications/MAMP/htdocs/dev/Application/Runtime/Cache/Admin/18bc66a7b6334412ab8e61a2539ecfbd.php 第 52 行.
NOTIC: [8] Undefined variable: pay_status /Applications/MAMP/htdocs/dev/Application/Runtime/Cache/Admin/18bc66a7b6334412ab8e61a2539ecfbd.php 第 52 行.
NOTIC: [8] Undefined variable: pay_status /Applications/MAMP/htdocs/dev/Application/Runtime/Cache/Admin/18bc66a7b6334412ab8e61a2539ecfbd.php 第 52 行.
NOTIC: [8] Undefined variable: pay_status /Applications/MAMP/htdocs/dev/Application/Runtime/Cache/Admin/18bc66a7b6334412ab8e61a2539ecfbd.php 第 54 行.
NOTIC: [8] Undefined variable: pay_status /Applications/MAMP/htdocs/dev/Application/Runtime/Cache/Admin/18bc66a7b6334412ab8e61a2539ecfbd.php 第 55 行.
NOTIC: [8] Undefined variable: start_time /Applications/MAMP/htdocs/dev/Application/Runtime/Cache/Admin/18bc66a7b6334412ab8e61a2539ecfbd.php 第 61 行.
NOTIC: [8] Undefined variable: end_time /Applications/MAMP/htdocs/dev/Application/Runtime/Cache/Admin/18bc66a7b6334412ab8e61a2539ecfbd.php 第 62 行.
NOTIC: [8] Undefined index: name /Applications/MAMP/htdocs/dev/Application/Runtime/Cache/Admin/18bc66a7b6334412ab8e61a2539ecfbd.php 第 88 行.
NOTIC: [8] Undefined index: name /Applications/MAMP/htdocs/dev/Application/Runtime/Cache/Admin/18bc66a7b6334412ab8e61a2539ecfbd.php 第 88 行.
NOTIC: [8] Undefined index: name /Applications/MAMP/htdocs/dev/Application/Runtime/Cache/Admin/18bc66a7b6334412ab8e61a2539ecfbd.php 第 88 行.
NOTIC: [8] Undefined index: name /Applications/MAMP/htdocs/dev/Application/Runtime/Cache/Admin/18bc66a7b6334412ab8e61a2539ecfbd.php 第 88 行.
NOTIC: [8] Undefined index: name /Applications/MAMP/htdocs/dev/Application/Runtime/Cache/Admin/18bc66a7b6334412ab8e61a2539ecfbd.php 第 88 行.
NOTIC: [8] Undefined index: name /Applications/MAMP/htdocs/dev/Application/Runtime/Cache/Admin/18bc66a7b6334412ab8e61a2539ecfbd.php 第 88 行.
NOTIC: [8] Undefined index: name /Applications/MAMP/htdocs/dev/Application/Runtime/Cache/Admin/18bc66a7b6334412ab8e61a2539ecfbd.php 第 88 行.
NOTIC: [8] Undefined index: name /Applications/MAMP/htdocs/dev/Application/Runtime/Cache/Admin/18bc66a7b6334412ab8e61a2539ecfbd.php 第 88 行.
NOTIC: [8] Undefined index: name /Applications/MAMP/htdocs/dev/Application/Runtime/Cache/Admin/18bc66a7b6334412ab8e61a2539ecfbd.php 第 88 行.
NOTIC: [8] Undefined index: name /Applications/MAMP/htdocs/dev/Application/Runtime/Cache/Admin/18bc66a7b6334412ab8e61a2539ecfbd.php 第 88 行.
NOTIC: [8] Undefined index: name /Applications/MAMP/htdocs/dev/Application/Runtime/Cache/Admin/18bc66a7b6334412ab8e61a2539ecfbd.php 第 88 行.
NOTIC: [8] Undefined index: name /Applications/MAMP/htdocs/dev/Application/Runtime/Cache/Admin/18bc66a7b6334412ab8e61a2539ecfbd.php 第 88 行.
NOTIC: [8] Undefined index: name /Applications/MAMP/htdocs/dev/Application/Runtime/Cache/Admin/18bc66a7b6334412ab8e61a2539ecfbd.php 第 88 行.
NOTIC: [8] Undefined index: name /Applications/MAMP/htdocs/dev/Application/Runtime/Cache/Admin/18bc66a7b6334412ab8e61a2539ecfbd.php 第 88 行.
NOTIC: [8] Undefined index: name /Applications/MAMP/htdocs/dev/Application/Runtime/Cache/Admin/18bc66a7b6334412ab8e61a2539ecfbd.php 第 88 行.
NOTIC: [8] Undefined index: name /Applications/MAMP/htdocs/dev/Application/Runtime/Cache/Admin/18bc66a7b6334412ab8e61a2539ecfbd.php 第 88 行.
NOTIC: [8] Undefined index: name /Applications/MAMP/htdocs/dev/Application/Runtime/Cache/Admin/18bc66a7b6334412ab8e61a2539ecfbd.php 第 88 行.
NOTIC: [8] Undefined index: name /Applications/MAMP/htdocs/dev/Application/Runtime/Cache/Admin/18bc66a7b6334412ab8e61a2539ecfbd.php 第 88 行.
NOTIC: [8] Undefined index: name /Applications/MAMP/htdocs/dev/Application/Runtime/Cache/Admin/18bc66a7b6334412ab8e61a2539ecfbd.php 第 88 行.
NOTIC: [8] Undefined index: name /Applications/MAMP/htdocs/dev/Application/Runtime/Cache/Admin/18bc66a7b6334412ab8e61a2539ecfbd.php 第 88 行.
NOTIC: [8] Undefined index: name /Applications/MAMP/htdocs/dev/Application/Runtime/Cache/Admin/18bc66a7b6334412ab8e61a2539ecfbd.php 第 88 行.
NOTIC: [8] Undefined index: name /Applications/MAMP/htdocs/dev/Application/Runtime/Cache/Admin/18bc66a7b6334412ab8e61a2539ecfbd.php 第 88 行.
NOTIC: [8] Undefined index: name /Applications/MAMP/htdocs/dev/Application/Runtime/Cache/Admin/18bc66a7b6334412ab8e61a2539ecfbd.php 第 88 行.
NOTIC: [8] Undefined index: name /Applications/MAMP/htdocs/dev/Application/Runtime/Cache/Admin/18bc66a7b6334412ab8e61a2539ecfbd.php 第 88 行.
NOTIC: [8] Undefined index: name /Applications/MAMP/htdocs/dev/Application/Runtime/Cache/Admin/18bc66a7b6334412ab8e61a2539ecfbd.php 第 88 行.
INFO: Run Behavior\ParseTemplateBehavior [ RunTime:0.019155s ]
INFO: [ view_parse ] --END-- [ RunTime:0.019184s ]
INFO: [ view_filter ] --START--
INFO: Run Behavior\WriteHtmlCacheBehavior [ RunTime:0.000186s ]
INFO: [ view_filter ] --END-- [ RunTime:0.000206s ]
INFO: [ app_end ] --START--
INFO: Run Behavior\ShowPageTraceBehavior [ RunTime:0.000597s ]
INFO: [ app_end ] --END-- [ RunTime:0.000656s ]

[ 2017-12-05T15:17:26+08:00 ] ::1 /dev/index.php/Admin/User/userList.html
INFO: [ app_init ] --START--
INFO: Run Behavior\BuildLiteBehavior [ RunTime:0.000018s ]
INFO: [ app_init ] --END-- [ RunTime:0.000069s ]
INFO: [ app_begin ] --START--
INFO: Run Behavior\ReadHtmlCacheBehavior [ RunTime:0.000416s ]
INFO: [ app_begin ] --END-- [ RunTime:0.000471s ]
NOTIC: [2] Declaration of Admin\Controller\UserController::show() should be compatible with Think\Controller::show($content, $charset = '', $contentType = '', $prefix = '') /Applications/MAMP/htdocs/dev/Application/Admin/Controller/UserController.class.php 第 14 行.
SQL: SHOW COLUMNS FROM `tp_order` [ RunTime:0.0021s ]
SQL: SHOW COLUMNS FROM `tp_order_product` [ RunTime:0.0018s ]
SQL: SHOW COLUMNS FROM `tp_user` [ RunTime:0.0025s ]
NOTIC: [8] Use of undefined constant SESSION_PREFIX - assumed 'SESSION_PREFIX' /Applications/MAMP/htdocs/dev/Application/Admin/Controller/CommonController.class.php 第 27 行.
NOTIC: [8] A session had already been started - ignoring session_start() /Applications/MAMP/htdocs/dev/ThinkPHP/Common/functions.php 第 1263 行.
SQL: SHOW COLUMNS FROM `tp_menu` [ RunTime:0.0021s ]
SQL: SELECT * FROM `tp_menu` ORDER BY step asc  [ RunTime:0.0003s ]
NOTIC: [8] Undefined index: type /Applications/MAMP/htdocs/dev/Application/Admin/Controller/UserController.class.php 第 74 行.
NOTIC: [8] Undefined index: id /Applications/MAMP/htdocs/dev/Application/Admin/Controller/UserController.class.php 第 75 行.
NOTIC: [8] Undefined index: tel /Applications/MAMP/htdocs/dev/Application/Admin/Controller/UserController.class.php 第 76 行.
NOTIC: [8] Undefined index: name /Applications/MAMP/htdocs/dev/Application/Admin/Controller/UserController.class.php 第 77 行.
NOTIC: [8] Undefined index: name /Applications/MAMP/htdocs/dev/Application/Admin/Controller/UserController.class.php 第 79 行.
SQL: SHOW COLUMNS FROM `tp_user` [ RunTime:0.0024s ]
SQL: SELECT COUNT(*) AS tp_count FROM `tp_user` WHERE ( 1=1 ) LIMIT 1   [ RunTime:0.0001s ]
NOTIC: [8] Undefined index: page /Applications/MAMP/htdocs/dev/Application/Admin/Controller/UserController.class.php 第 89 行.
SQL: SELECT * FROM `tp_user` WHERE ( 1=1 ) ORDER BY id desc LIMIT 0,5   [ RunTime:0.0005s ]
INFO: [ view_parse ] --START--
INFO: [ template_filter ] --START--
INFO: Run Behavior\ContentReplaceBehavior [ RunTime:0.000099s ]
INFO: [ template_filter ] --END-- [ RunTime:0.000133s ]
INFO: Run Behavior\ParseTemplateBehavior [ RunTime:0.018848s ]
INFO: [ view_parse ] --END-- [ RunTime:0.018897s ]
INFO: [ view_filter ] --START--
INFO: Run Behavior\WriteHtmlCacheBehavior [ RunTime:0.000258s ]
INFO: [ view_filter ] --END-- [ RunTime:0.000295s ]
INFO: [ app_end ] --START--
INFO: Run Behavior\ShowPageTraceBehavior [ RunTime:0.000782s ]
INFO: [ app_end ] --END-- [ RunTime:0.000828s ]

[ 2017-12-05T15:17:28+08:00 ] ::1 /dev/index.php/Admin/Post/index.html
INFO: [ app_init ] --START--
INFO: Run Behavior\BuildLiteBehavior [ RunTime:0.000011s ]
INFO: [ app_init ] --END-- [ RunTime:0.000048s ]
INFO: [ app_begin ] --START--
INFO: Run Behavior\ReadHtmlCacheBehavior [ RunTime:0.000556s ]
INFO: [ app_begin ] --END-- [ RunTime:0.000621s ]
SQL: SHOW COLUMNS FROM `tp_post` [ RunTime:0.0026s ]
NOTIC: [8] Use of undefined constant SESSION_PREFIX - assumed 'SESSION_PREFIX' /Applications/MAMP/htdocs/dev/Application/Admin/Controller/CommonController.class.php 第 27 行.
NOTIC: [8] A session had already been started - ignoring session_start() /Applications/MAMP/htdocs/dev/ThinkPHP/Common/functions.php 第 1263 行.
SQL: SHOW COLUMNS FROM `tp_menu` [ RunTime:0.0020s ]
SQL: SELECT * FROM `tp_menu` ORDER BY step asc  [ RunTime:0.0003s ]
SQL: SELECT COUNT(*) AS tp_count FROM `tp_post` LIMIT 1   [ RunTime:0.0001s ]
SQL: SELECT * FROM `tp_post` LIMIT 0,20   [ RunTime:0.0001s ]
INFO: [ view_parse ] --START--
INFO: [ template_filter ] --START--
INFO: Run Behavior\ContentReplaceBehavior [ RunTime:0.000067s ]
INFO: [ template_filter ] --END-- [ RunTime:0.000103s ]
INFO: Run Behavior\ParseTemplateBehavior [ RunTime:0.019220s ]
INFO: [ view_parse ] --END-- [ RunTime:0.019270s ]
INFO: [ view_filter ] --START--
INFO: Run Behavior\WriteHtmlCacheBehavior [ RunTime:0.000256s ]
INFO: [ view_filter ] --END-- [ RunTime:0.000297s ]
INFO: [ app_end ] --START--
INFO: Run Behavior\ShowPageTraceBehavior [ RunTime:0.000567s ]
INFO: [ app_end ] --END-- [ RunTime:0.000597s ]

[ 2017-12-05T15:29:21+08:00 ] ::1 /dev/index.php/Admin/NewsCate/index.html
INFO: [ app_init ] --START--
INFO: Run Behavior\BuildLiteBehavior [ RunTime:0.000016s ]
INFO: [ app_init ] --END-- [ RunTime:0.000083s ]
INFO: [ app_begin ] --START--
INFO: Run Behavior\ReadHtmlCacheBehavior [ RunTime:0.000799s ]
INFO: [ app_begin ] --END-- [ RunTime:0.000843s ]
SQL: SHOW COLUMNS FROM `tp_news_cat` [ RunTime:0.0056s ]
NOTIC: [8] Use of undefined constant SESSION_PREFIX - assumed 'SESSION_PREFIX' /Applications/MAMP/htdocs/dev/Application/Admin/Controller/CommonController.class.php 第 27 行.
NOTIC: [8] A session had already been started - ignoring session_start() /Applications/MAMP/htdocs/dev/ThinkPHP/Common/functions.php 第 1263 行.
SQL: SHOW COLUMNS FROM `tp_menu` [ RunTime:0.0033s ]
SQL: SELECT * FROM `tp_menu` ORDER BY step asc  [ RunTime:0.0003s ]
SQL: SELECT * FROM `tp_news_cat` WHERE ( 1=1 ) ORDER BY id desc  [ RunTime:0.0001s ]
INFO: [ view_parse ] --START--
INFO: [ template_filter ] --START--
INFO: Run Behavior\ContentReplaceBehavior [ RunTime:0.000125s ]
INFO: [ template_filter ] --END-- [ RunTime:0.000294s ]
INFO: Run Behavior\ParseTemplateBehavior [ RunTime:0.034184s ]
INFO: [ view_parse ] --END-- [ RunTime:0.034228s ]
INFO: [ view_filter ] --START--
INFO: Run Behavior\WriteHtmlCacheBehavior [ RunTime:0.000494s ]
INFO: [ view_filter ] --END-- [ RunTime:0.000530s ]
INFO: [ app_end ] --START--
INFO: Run Behavior\ShowPageTraceBehavior [ RunTime:0.000932s ]
INFO: [ app_end ] --END-- [ RunTime:0.000972s ]

[ 2017-12-05T15:29:22+08:00 ] ::1 /dev/index.php/Admin/News/index.html
INFO: [ app_init ] --START--
INFO: Run Behavior\BuildLiteBehavior [ RunTime:0.000027s ]
INFO: [ app_init ] --END-- [ RunTime:0.000120s ]
INFO: [ app_begin ] --START--
INFO: Run Behavior\ReadHtmlCacheBehavior [ RunTime:0.000495s ]
INFO: [ app_begin ] --END-- [ RunTime:0.000531s ]
SQL: SHOW COLUMNS FROM `tp_news` [ RunTime:0.0032s ]
SQL: SHOW COLUMNS FROM `tp_news_cat` [ RunTime:0.0018s ]
SQL: SELECT * FROM `tp_news_cat` WHERE ( 1=1 ) ORDER BY id desc  [ RunTime:0.0002s ]
NOTIC: [8] Use of undefined constant SESSION_PREFIX - assumed 'SESSION_PREFIX' /Applications/MAMP/htdocs/dev/Application/Admin/Controller/CommonController.class.php 第 27 行.
NOTIC: [8] A session had already been started - ignoring session_start() /Applications/MAMP/htdocs/dev/ThinkPHP/Common/functions.php 第 1263 行.
SQL: SHOW COLUMNS FROM `tp_menu` [ RunTime:0.0019s ]
SQL: SELECT * FROM `tp_menu` ORDER BY step asc  [ RunTime:0.0003s ]
NOTIC: [8] Undefined index: cid /Applications/MAMP/htdocs/dev/Application/Admin/Controller/NewsController.class.php 第 26 行.
NOTIC: [8] Undefined index: news_name /Applications/MAMP/htdocs/dev/Application/Admin/Controller/NewsController.class.php 第 27 行.
SQL: SELECT COUNT(*) AS tp_count FROM `tp_news` LIMIT 1   [ RunTime:0.0002s ]
SQL: SELECT * FROM `tp_news` ORDER BY id desc LIMIT 0,25   [ RunTime:0.0002s ]
SQL: SELECT `name` FROM `tp_news_cat` WHERE ( id=1 ) LIMIT 1   [ RunTime:0.0001s ]
INFO: [ view_parse ] --START--
INFO: [ template_filter ] --START--
INFO: Run Behavior\ContentReplaceBehavior [ RunTime:0.000065s ]
INFO: [ template_filter ] --END-- [ RunTime:0.000100s ]
INFO: Run Behavior\ParseTemplateBehavior [ RunTime:0.019128s ]
INFO: [ view_parse ] --END-- [ RunTime:0.019202s ]
INFO: [ view_filter ] --START--
INFO: Run Behavior\WriteHtmlCacheBehavior [ RunTime:0.000280s ]
INFO: [ view_filter ] --END-- [ RunTime:0.000323s ]
INFO: [ app_end ] --START--
INFO: Run Behavior\ShowPageTraceBehavior [ RunTime:0.000693s ]
INFO: [ app_end ] --END-- [ RunTime:0.000731s ]

[ 2017-12-05T15:29:22+08:00 ] ::1 /dev/index.php/Admin/News/index.html
INFO: [ app_init ] --START--
INFO: Run Behavior\BuildLiteBehavior [ RunTime:0.000009s ]
INFO: [ app_init ] --END-- [ RunTime:0.000046s ]
INFO: [ app_begin ] --START--
INFO: Run Behavior\ReadHtmlCacheBehavior [ RunTime:0.000380s ]
INFO: [ app_begin ] --END-- [ RunTime:0.000409s ]
SQL: SHOW COLUMNS FROM `tp_news` [ RunTime:0.0087s ]
SQL: SHOW COLUMNS FROM `tp_news_cat` [ RunTime:0.0024s ]
SQL: SELECT * FROM `tp_news_cat` WHERE ( 1=1 ) ORDER BY id desc  [ RunTime:0.0001s ]
NOTIC: [8] Use of undefined constant SESSION_PREFIX - assumed 'SESSION_PREFIX' /Applications/MAMP/htdocs/dev/Application/Admin/Controller/CommonController.class.php 第 27 行.
NOTIC: [8] A session had already been started - ignoring session_start() /Applications/MAMP/htdocs/dev/ThinkPHP/Common/functions.php 第 1263 行.
SQL: SHOW COLUMNS FROM `tp_menu` [ RunTime:0.0019s ]
SQL: SELECT * FROM `tp_menu` ORDER BY step asc  [ RunTime:0.0003s ]
NOTIC: [8] Undefined index: cid /Applications/MAMP/htdocs/dev/Application/Admin/Controller/NewsController.class.php 第 26 行.
NOTIC: [8] Undefined index: news_name /Applications/MAMP/htdocs/dev/Application/Admin/Controller/NewsController.class.php 第 27 行.
SQL: SELECT COUNT(*) AS tp_count FROM `tp_news` LIMIT 1   [ RunTime:0.0001s ]
SQL: SELECT * FROM `tp_news` ORDER BY id desc LIMIT 0,25   [ RunTime:0.0002s ]
SQL: SELECT `name` FROM `tp_news_cat` WHERE ( id=1 ) LIMIT 1   [ RunTime:0.0001s ]
INFO: [ view_parse ] --START--
INFO: [ template_filter ] --START--
INFO: Run Behavior\ContentReplaceBehavior [ RunTime:0.000069s ]
INFO: [ template_filter ] --END-- [ RunTime:0.000107s ]
INFO: Run Behavior\ParseTemplateBehavior [ RunTime:0.018962s ]
INFO: [ view_parse ] --END-- [ RunTime:0.019027s ]
INFO: [ view_filter ] --START--
INFO: Run Behavior\WriteHtmlCacheBehavior [ RunTime:0.000191s ]
INFO: [ view_filter ] --END-- [ RunTime:0.000215s ]
INFO: [ app_end ] --START--
INFO: Run Behavior\ShowPageTraceBehavior [ RunTime:0.000549s ]
INFO: [ app_end ] --END-- [ RunTime:0.000578s ]

[ 2017-12-05T15:29:24+08:00 ] ::1 /dev/index.php/Admin/News/add.html
INFO: [ app_init ] --START--
INFO: Run Behavior\BuildLiteBehavior [ RunTime:0.000056s ]
INFO: [ app_init ] --END-- [ RunTime:0.000142s ]
INFO: [ app_begin ] --START--
INFO: Run Behavior\ReadHtmlCacheBehavior [ RunTime:0.000633s ]
INFO: [ app_begin ] --END-- [ RunTime:0.000691s ]
SQL: SHOW COLUMNS FROM `tp_news` [ RunTime:0.0071s ]
SQL: SHOW COLUMNS FROM `tp_news_cat` [ RunTime:0.0016s ]
SQL: SELECT * FROM `tp_news_cat` WHERE ( 1=1 ) ORDER BY id desc  [ RunTime:0.0001s ]
NOTIC: [8] Use of undefined constant SESSION_PREFIX - assumed 'SESSION_PREFIX' /Applications/MAMP/htdocs/dev/Application/Admin/Controller/CommonController.class.php 第 27 行.
NOTIC: [8] A session had already been started - ignoring session_start() /Applications/MAMP/htdocs/dev/ThinkPHP/Common/functions.php 第 1263 行.
SQL: SHOW COLUMNS FROM `tp_menu` [ RunTime:0.0020s ]
SQL: SELECT * FROM `tp_menu` ORDER BY step asc  [ RunTime:0.0003s ]
NOTIC: [8] Undefined index: news_id /Applications/MAMP/htdocs/dev/Application/Admin/Controller/NewsController.class.php 第 89 行.
SQL: SELECT * FROM `tp_news` WHERE ( id=0 ) LIMIT 1   [ RunTime:0.0145s ]
INFO: [ view_parse ] --START--
INFO: [ template_filter ] --START--
INFO: Run Behavior\ContentReplaceBehavior [ RunTime:0.000076s ]
INFO: [ template_filter ] --END-- [ RunTime:0.000112s ]
NOTIC: [8] Undefined index: news_id /Applications/MAMP/htdocs/dev/Application/Runtime/Cache/Admin/2dfc02e2d7eeff6052237f403f7435fe.php 第 25 行.
INFO: Run Behavior\ParseTemplateBehavior [ RunTime:0.013740s ]
INFO: [ view_parse ] --END-- [ RunTime:0.013777s ]
INFO: [ view_filter ] --START--
INFO: Run Behavior\WriteHtmlCacheBehavior [ RunTime:0.000174s ]
INFO: [ view_filter ] --END-- [ RunTime:0.000198s ]
INFO: [ app_end ] --START--
INFO: Run Behavior\ShowPageTraceBehavior [ RunTime:0.000436s ]
INFO: [ app_end ] --END-- [ RunTime:0.000461s ]

[ 2017-12-05T15:30:44+08:00 ] ::1 /dev/index.php/Admin/NewsCate/index.html
INFO: [ app_init ] --START--
INFO: Run Behavior\BuildLiteBehavior [ RunTime:0.000013s ]
INFO: [ app_init ] --END-- [ RunTime:0.000067s ]
INFO: [ app_begin ] --START--
INFO: Run Behavior\ReadHtmlCacheBehavior [ RunTime:0.000808s ]
INFO: [ app_begin ] --END-- [ RunTime:0.000862s ]
SQL: SHOW COLUMNS FROM `tp_news_cat` [ RunTime:0.0016s ]
NOTIC: [8] Use of undefined constant SESSION_PREFIX - assumed 'SESSION_PREFIX' /Applications/MAMP/htdocs/dev/Application/Admin/Controller/CommonController.class.php 第 27 行.
NOTIC: [8] A session had already been started - ignoring session_start() /Applications/MAMP/htdocs/dev/ThinkPHP/Common/functions.php 第 1263 行.
SQL: SHOW COLUMNS FROM `tp_menu` [ RunTime:0.0015s ]
SQL: SELECT * FROM `tp_menu` ORDER BY step asc  [ RunTime:0.0002s ]
SQL: SELECT * FROM `tp_news_cat` WHERE ( 1=1 ) ORDER BY id desc  [ RunTime:0.0001s ]
INFO: [ view_parse ] --START--
INFO: [ template_filter ] --START--
INFO: Run Behavior\ContentReplaceBehavior [ RunTime:0.000076s ]
INFO: [ template_filter ] --END-- [ RunTime:0.000114s ]
INFO: Run Behavior\ParseTemplateBehavior [ RunTime:0.029795s ]
INFO: [ view_parse ] --END-- [ RunTime:0.029825s ]
INFO: [ view_filter ] --START--
INFO: Run Behavior\WriteHtmlCacheBehavior [ RunTime:0.000619s ]
INFO: [ view_filter ] --END-- [ RunTime:0.000664s ]
INFO: [ app_end ] --START--
INFO: Run Behavior\ShowPageTraceBehavior [ RunTime:0.001036s ]
INFO: [ app_end ] --END-- [ RunTime:0.001084s ]

[ 2017-12-05T15:30:45+08:00 ] ::1 /dev/index.php/Admin/NewsCate/add.html
INFO: [ app_init ] --START--
INFO: Run Behavior\BuildLiteBehavior [ RunTime:0.000014s ]
INFO: [ app_init ] --END-- [ RunTime:0.000065s ]
INFO: [ app_begin ] --START--
INFO: Run Behavior\ReadHtmlCacheBehavior [ RunTime:0.000410s ]
INFO: [ app_begin ] --END-- [ RunTime:0.000449s ]
SQL: SHOW COLUMNS FROM `tp_news_cat` [ RunTime:0.0038s ]
NOTIC: [8] Use of undefined constant SESSION_PREFIX - assumed 'SESSION_PREFIX' /Applications/MAMP/htdocs/dev/Application/Admin/Controller/CommonController.class.php 第 27 行.
NOTIC: [8] A session had already been started - ignoring session_start() /Applications/MAMP/htdocs/dev/ThinkPHP/Common/functions.php 第 1263 行.
SQL: SHOW COLUMNS FROM `tp_menu` [ RunTime:0.0016s ]
SQL: SELECT * FROM `tp_menu` ORDER BY step asc  [ RunTime:0.0003s ]
NOTIC: [8] Undefined index: cid /Applications/MAMP/htdocs/dev/Application/Admin/Controller/NewsCateController.class.php 第 34 行.
INFO: [ view_parse ] --START--
INFO: [ template_filter ] --START--
INFO: Run Behavior\ContentReplaceBehavior [ RunTime:0.000067s ]
INFO: [ template_filter ] --END-- [ RunTime:0.000125s ]
NOTIC: [8] Undefined variable: cate_info /Applications/MAMP/htdocs/dev/Application/Runtime/Cache/Admin/c244bd15fb2e73a8a03938cf734af1d5.php 第 30 行.
NOTIC: [8] Undefined variable: cate_info /Applications/MAMP/htdocs/dev/Application/Runtime/Cache/Admin/c244bd15fb2e73a8a03938cf734af1d5.php 第 37 行.
INFO: Run Behavior\ParseTemplateBehavior [ RunTime:0.017579s ]
INFO: [ view_parse ] --END-- [ RunTime:0.017663s ]
INFO: [ view_filter ] --START--
INFO: Run Behavior\WriteHtmlCacheBehavior [ RunTime:0.000223s ]
INFO: [ view_filter ] --END-- [ RunTime:0.000258s ]
INFO: [ app_end ] --START--
INFO: Run Behavior\ShowPageTraceBehavior [ RunTime:0.000659s ]
INFO: [ app_end ] --END-- [ RunTime:0.000703s ]

[ 2017-12-05T15:30:46+08:00 ] ::1 /dev/index.php/Admin/News/index.html
INFO: [ app_init ] --START--
INFO: Run Behavior\BuildLiteBehavior [ RunTime:0.000029s ]
INFO: [ app_init ] --END-- [ RunTime:0.000125s ]
INFO: [ app_begin ] --START--
INFO: Run Behavior\ReadHtmlCacheBehavior [ RunTime:0.000408s ]
INFO: [ app_begin ] --END-- [ RunTime:0.000442s ]
SQL: SHOW COLUMNS FROM `tp_news` [ RunTime:0.0018s ]
SQL: SHOW COLUMNS FROM `tp_news_cat` [ RunTime:0.0018s ]
SQL: SELECT * FROM `tp_news_cat` WHERE ( 1=1 ) ORDER BY id desc  [ RunTime:0.0001s ]
NOTIC: [8] Use of undefined constant SESSION_PREFIX - assumed 'SESSION_PREFIX' /Applications/MAMP/htdocs/dev/Application/Admin/Controller/CommonController.class.php 第 27 行.
NOTIC: [8] A session had already been started - ignoring session_start() /Applications/MAMP/htdocs/dev/ThinkPHP/Common/functions.php 第 1263 行.
SQL: SHOW COLUMNS FROM `tp_menu` [ RunTime:0.0016s ]
SQL: SELECT * FROM `tp_menu` ORDER BY step asc  [ RunTime:0.0003s ]
NOTIC: [8] Undefined index: cid /Applications/MAMP/htdocs/dev/Application/Admin/Controller/NewsController.class.php 第 26 行.
NOTIC: [8] Undefined index: news_name /Applications/MAMP/htdocs/dev/Application/Admin/Controller/NewsController.class.php 第 27 行.
SQL: SELECT COUNT(*) AS tp_count FROM `tp_news` LIMIT 1   [ RunTime:0.0001s ]
SQL: SELECT * FROM `tp_news` ORDER BY id desc LIMIT 0,25   [ RunTime:0.0002s ]
SQL: SELECT `name` FROM `tp_news_cat` WHERE ( id=1 ) LIMIT 1   [ RunTime:0.0001s ]
INFO: [ view_parse ] --START--
INFO: [ template_filter ] --START--
INFO: Run Behavior\ContentReplaceBehavior [ RunTime:0.000099s ]
INFO: [ template_filter ] --END-- [ RunTime:0.000150s ]
INFO: Run Behavior\ParseTemplateBehavior [ RunTime:0.025447s ]
INFO: [ view_parse ] --END-- [ RunTime:0.025490s ]
INFO: [ view_filter ] --START--
INFO: Run Behavior\WriteHtmlCacheBehavior [ RunTime:0.000176s ]
INFO: [ view_filter ] --END-- [ RunTime:0.000205s ]
INFO: [ app_end ] --START--
INFO: Run Behavior\ShowPageTraceBehavior [ RunTime:0.000460s ]
INFO: [ app_end ] --END-- [ RunTime:0.000484s ]

[ 2017-12-05T15:30:46+08:00 ] ::1 /dev/index.php/Admin/News/add.html
INFO: [ app_init ] --START--
INFO: Run Behavior\BuildLiteBehavior [ RunTime:0.000009s ]
INFO: [ app_init ] --END-- [ RunTime:0.000056s ]
INFO: [ app_begin ] --START--
INFO: Run Behavior\ReadHtmlCacheBehavior [ RunTime:0.000512s ]
INFO: [ app_begin ] --END-- [ RunTime:0.000548s ]
SQL: SHOW COLUMNS FROM `tp_news` [ RunTime:0.0021s ]
SQL: SHOW COLUMNS FROM `tp_news_cat` [ RunTime:0.0017s ]
SQL: SELECT * FROM `tp_news_cat` WHERE ( 1=1 ) ORDER BY id desc  [ RunTime:0.0001s ]
NOTIC: [8] Use of undefined constant SESSION_PREFIX - assumed 'SESSION_PREFIX' /Applications/MAMP/htdocs/dev/Application/Admin/Controller/CommonController.class.php 第 27 行.
NOTIC: [8] A session had already been started - ignoring session_start() /Applications/MAMP/htdocs/dev/ThinkPHP/Common/functions.php 第 1263 行.
SQL: SHOW COLUMNS FROM `tp_menu` [ RunTime:0.0023s ]
SQL: SELECT * FROM `tp_menu` ORDER BY step asc  [ RunTime:0.0003s ]
NOTIC: [8] Undefined index: news_id /Applications/MAMP/htdocs/dev/Application/Admin/Controller/NewsController.class.php 第 89 行.
SQL: SELECT * FROM `tp_news` WHERE ( id=0 ) LIMIT 1   [ RunTime:0.0002s ]
INFO: [ view_parse ] --START--
INFO: [ template_filter ] --START--
INFO: Run Behavior\ContentReplaceBehavior [ RunTime:0.000078s ]
INFO: [ template_filter ] --END-- [ RunTime:0.000121s ]
NOTIC: [8] Undefined index: news_id /Applications/MAMP/htdocs/dev/Application/Runtime/Cache/Admin/2dfc02e2d7eeff6052237f403f7435fe.php 第 25 行.
INFO: Run Behavior\ParseTemplateBehavior [ RunTime:0.018439s ]
INFO: [ view_parse ] --END-- [ RunTime:0.018479s ]
INFO: [ view_filter ] --START--
INFO: Run Behavior\WriteHtmlCacheBehavior [ RunTime:0.000176s ]
INFO: [ view_filter ] --END-- [ RunTime:0.000205s ]
INFO: [ app_end ] --START--
INFO: Run Behavior\ShowPageTraceBehavior [ RunTime:0.000514s ]
INFO: [ app_end ] --END-- [ RunTime:0.000545s ]

[ 2017-12-05T15:30:47+08:00 ] ::1 /dev/index.php/Admin/News/index.html
INFO: [ app_init ] --START--
INFO: Run Behavior\BuildLiteBehavior [ RunTime:0.000009s ]
INFO: [ app_init ] --END-- [ RunTime:0.000038s ]
INFO: [ app_begin ] --START--
INFO: Run Behavior\ReadHtmlCacheBehavior [ RunTime:0.000315s ]
INFO: [ app_begin ] --END-- [ RunTime:0.000341s ]
SQL: SHOW COLUMNS FROM `tp_news` [ RunTime:0.0032s ]
SQL: SHOW COLUMNS FROM `tp_news_cat` [ RunTime:0.0016s ]
SQL: SELECT * FROM `tp_news_cat` WHERE ( 1=1 ) ORDER BY id desc  [ RunTime:0.0001s ]
NOTIC: [8] Use of undefined constant SESSION_PREFIX - assumed 'SESSION_PREFIX' /Applications/MAMP/htdocs/dev/Application/Admin/Controller/CommonController.class.php 第 27 行.
NOTIC: [8] A session had already been started - ignoring session_start() /Applications/MAMP/htdocs/dev/ThinkPHP/Common/functions.php 第 1263 行.
SQL: SHOW COLUMNS FROM `tp_menu` [ RunTime:0.0016s ]
SQL: SELECT * FROM `tp_menu` ORDER BY step asc  [ RunTime:0.0003s ]
NOTIC: [8] Undefined index: cid /Applications/MAMP/htdocs/dev/Application/Admin/Controller/NewsController.class.php 第 26 行.
NOTIC: [8] Undefined index: news_name /Applications/MAMP/htdocs/dev/Application/Admin/Controller/NewsController.class.php 第 27 行.
SQL: SELECT COUNT(*) AS tp_count FROM `tp_news` LIMIT 1   [ RunTime:0.0001s ]
SQL: SELECT * FROM `tp_news` ORDER BY id desc LIMIT 0,25   [ RunTime:0.0002s ]
SQL: SELECT `name` FROM `tp_news_cat` WHERE ( id=1 ) LIMIT 1   [ RunTime:0.0001s ]
INFO: [ view_parse ] --START--
INFO: [ template_filter ] --START--
INFO: Run Behavior\ContentReplaceBehavior [ RunTime:0.000068s ]
INFO: [ template_filter ] --END-- [ RunTime:0.000106s ]
INFO: Run Behavior\ParseTemplateBehavior [ RunTime:0.012223s ]
INFO: [ view_parse ] --END-- [ RunTime:0.012259s ]
INFO: [ view_filter ] --START--
INFO: Run Behavior\WriteHtmlCacheBehavior [ RunTime:0.000150s ]
INFO: [ view_filter ] --END-- [ RunTime:0.000172s ]
INFO: [ app_end ] --START--
INFO: Run Behavior\ShowPageTraceBehavior [ RunTime:0.000472s ]
INFO: [ app_end ] --END-- [ RunTime:0.000500s ]

[ 2017-12-05T17:26:01+08:00 ] ::1 /dev/index.php/Admin/GroupBuy/groupOpenList.html
INFO: [ app_init ] --START--
INFO: Run Behavior\BuildLiteBehavior [ RunTime:0.000013s ]
INFO: [ app_init ] --END-- [ RunTime:0.000060s ]
INFO: [ app_begin ] --START--
INFO: Run Behavior\ReadHtmlCacheBehavior [ RunTime:0.000969s ]
INFO: [ app_begin ] --END-- [ RunTime:0.001024s ]
NOTIC: [8] Use of undefined constant SESSION_PREFIX - assumed 'SESSION_PREFIX' /Applications/MAMP/htdocs/dev/Application/Admin/Controller/CommonController.class.php 第 27 行.
NOTIC: [8] A session had already been started - ignoring session_start() /Applications/MAMP/htdocs/dev/ThinkPHP/Common/functions.php 第 1263 行.
SQL: SHOW COLUMNS FROM `tp_menu` [ RunTime:0.0037s ]
SQL: SELECT * FROM `tp_menu` ORDER BY step asc  [ RunTime:0.0005s ]
SQL: SHOW COLUMNS FROM `tp_group_joins_open` [ RunTime:0.0062s ]
SQL: SELECT COUNT(*) AS tp_count FROM `tp_group_joins_open` WHERE (  1=1  ) LIMIT 1   [ RunTime:0.0010s ]
SQL: SELECT a.*,g.starttime,g.endtime,p.name,p.photo_x,u.uname,u.photo FROM tp_group_joins_open a LEFT JOIN tp_product p on p.id = a.pid LEFT JOIN tp_user u on u.id = a.uid LEFT JOIN tp_group_joins G on G.pid = a.pid  WHERE (  1=1  ) ORDER BY time desc LIMIT 0,25   [ RunTime:0.0003s ]
INFO: [ view_parse ] --START--
INFO: [ template_filter ] --START--
INFO: Run Behavior\ContentReplaceBehavior [ RunTime:0.000147s ]
INFO: [ template_filter ] --END-- [ RunTime:0.000199s ]
INFO: Run Behavior\ParseTemplateBehavior [ RunTime:0.028736s ]
INFO: [ view_parse ] --END-- [ RunTime:0.028789s ]
INFO: [ view_filter ] --START--
INFO: Run Behavior\WriteHtmlCacheBehavior [ RunTime:0.000704s ]
INFO: [ view_filter ] --END-- [ RunTime:0.000758s ]
INFO: [ app_end ] --START--
INFO: Run Behavior\ShowPageTraceBehavior [ RunTime:0.001236s ]
INFO: [ app_end ] --END-- [ RunTime:0.001290s ]

[ 2017-12-05T17:26:03+08:00 ] ::1 /dev/index.php/Admin/GroupBuy/add.html
INFO: [ app_init ] --START--
INFO: Run Behavior\BuildLiteBehavior [ RunTime:0.000010s ]
INFO: [ app_init ] --END-- [ RunTime:0.000051s ]
INFO: [ app_begin ] --START--
INFO: Run Behavior\ReadHtmlCacheBehavior [ RunTime:0.000545s ]
INFO: [ app_begin ] --END-- [ RunTime:0.000593s ]
NOTIC: [8] Use of undefined constant SESSION_PREFIX - assumed 'SESSION_PREFIX' /Applications/MAMP/htdocs/dev/Application/Admin/Controller/CommonController.class.php 第 27 行.
NOTIC: [8] A session had already been started - ignoring session_start() /Applications/MAMP/htdocs/dev/ThinkPHP/Common/functions.php 第 1263 行.
SQL: SHOW COLUMNS FROM `tp_menu` [ RunTime:0.0023s ]
SQL: SELECT * FROM `tp_menu` ORDER BY step asc  [ RunTime:0.0003s ]
SQL: SHOW COLUMNS FROM `tp_product` [ RunTime:0.0031s ]
SQL: SELECT `name`,`photo_x`,`id` FROM `tp_product` WHERE (  del=0 and is_down=0 )  [ RunTime:0.0001s ]
INFO: [ view_parse ] --START--
INFO: [ template_filter ] --START--
INFO: Run Behavior\ContentReplaceBehavior [ RunTime:0.000105s ]
INFO: [ template_filter ] --END-- [ RunTime:0.000148s ]
INFO: Run Behavior\ParseTemplateBehavior [ RunTime:0.035429s ]
INFO: [ view_parse ] --END-- [ RunTime:0.035474s ]
INFO: [ view_filter ] --START--
INFO: Run Behavior\WriteHtmlCacheBehavior [ RunTime:0.000219s ]
INFO: [ view_filter ] --END-- [ RunTime:0.000252s ]
INFO: [ app_end ] --START--
INFO: Run Behavior\ShowPageTraceBehavior [ RunTime:0.000726s ]
INFO: [ app_end ] --END-- [ RunTime:0.000760s ]

[ 2017-12-05T17:26:04+08:00 ] ::1 /dev/index.php/Admin/GroupBuy/joinGroupBuyLog.html
INFO: [ app_init ] --START--
INFO: Run Behavior\BuildLiteBehavior [ RunTime:0.000010s ]
INFO: [ app_init ] --END-- [ RunTime:0.000046s ]
INFO: [ app_begin ] --START--
INFO: Run Behavior\ReadHtmlCacheBehavior [ RunTime:0.000397s ]
INFO: [ app_begin ] --END-- [ RunTime:0.000427s ]
NOTIC: [8] Use of undefined constant SESSION_PREFIX - assumed 'SESSION_PREFIX' /Applications/MAMP/htdocs/dev/Application/Admin/Controller/CommonController.class.php 第 27 行.
NOTIC: [8] A session had already been started - ignoring session_start() /Applications/MAMP/htdocs/dev/ThinkPHP/Common/functions.php 第 1263 行.
SQL: SHOW COLUMNS FROM `tp_menu` [ RunTime:0.0021s ]
SQL: SELECT * FROM `tp_menu` ORDER BY step asc  [ RunTime:0.0003s ]
SQL: SHOW COLUMNS FROM `tp_group_join_users` [ RunTime:0.0032s ]
SQL: SELECT COUNT(*) AS tp_count FROM `tp_group_join_users` LIMIT 1   [ RunTime:0.0001s ]
SQL: SELECT a.*,p.name,p.photo_x,u.uname,u.photo FROM tp_group_join_users a LEFT JOIN tp_product p on p.id = a.pid LEFT JOIN tp_user u on u.id = a.uid LEFT JOIN tp_group_joins_open G on G.pid = a.group_open_id  ORDER BY pay_time desc LIMIT 0,25   [ RunTime:0.0002s ]
NOTIC: [8] Undefined index: admininfo /Applications/MAMP/htdocs/dev/Application/Admin/Controller/GroupBuyController.class.php 第 203 行.
INFO: [ view_parse ] --START--
INFO: [ template_filter ] --START--
INFO: Run Behavior\ContentReplaceBehavior [ RunTime:0.000153s ]
INFO: [ template_filter ] --END-- [ RunTime:0.000220s ]
INFO: Run Behavior\ParseTemplateBehavior [ RunTime:0.024583s ]
INFO: [ view_parse ] --END-- [ RunTime:0.024645s ]
INFO: [ view_filter ] --START--
INFO: Run Behavior\WriteHtmlCacheBehavior [ RunTime:0.000385s ]
INFO: [ view_filter ] --END-- [ RunTime:0.000427s ]
INFO: [ app_end ] --START--
INFO: Run Behavior\ShowPageTraceBehavior [ RunTime:0.001218s ]
INFO: [ app_end ] --END-- [ RunTime:0.001265s ]

[ 2017-12-05T17:26:04+08:00 ] ::1 /dev/index.php/Admin/GroupBuy/groupOpenList.html
INFO: [ app_init ] --START--
INFO: Run Behavior\BuildLiteBehavior [ RunTime:0.000015s ]
INFO: [ app_init ] --END-- [ RunTime:0.000083s ]
INFO: [ app_begin ] --START--
INFO: Run Behavior\ReadHtmlCacheBehavior [ RunTime:0.000569s ]
INFO: [ app_begin ] --END-- [ RunTime:0.000612s ]
NOTIC: [8] Use of undefined constant SESSION_PREFIX - assumed 'SESSION_PREFIX' /Applications/MAMP/htdocs/dev/Application/Admin/Controller/CommonController.class.php 第 27 行.
NOTIC: [8] A session had already been started - ignoring session_start() /Applications/MAMP/htdocs/dev/ThinkPHP/Common/functions.php 第 1263 行.
SQL: SHOW COLUMNS FROM `tp_menu` [ RunTime:0.0019s ]
SQL: SELECT * FROM `tp_menu` ORDER BY step asc  [ RunTime:0.0003s ]
SQL: SHOW COLUMNS FROM `tp_group_joins_open` [ RunTime:0.0020s ]
SQL: SELECT COUNT(*) AS tp_count FROM `tp_group_joins_open` WHERE (  1=1  ) LIMIT 1   [ RunTime:0.0001s ]
SQL: SELECT a.*,g.starttime,g.endtime,p.name,p.photo_x,u.uname,u.photo FROM tp_group_joins_open a LEFT JOIN tp_product p on p.id = a.pid LEFT JOIN tp_user u on u.id = a.uid LEFT JOIN tp_group_joins G on G.pid = a.pid  WHERE (  1=1  ) ORDER BY time desc LIMIT 0,25   [ RunTime:0.0002s ]
INFO: [ view_parse ] --START--
INFO: [ template_filter ] --START--
INFO: Run Behavior\ContentReplaceBehavior [ RunTime:0.000072s ]
INFO: [ template_filter ] --END-- [ RunTime:0.000109s ]
INFO: Run Behavior\ParseTemplateBehavior [ RunTime:0.025213s ]
INFO: [ view_parse ] --END-- [ RunTime:0.025264s ]
INFO: [ view_filter ] --START--
INFO: Run Behavior\WriteHtmlCacheBehavior [ RunTime:0.000159s ]
INFO: [ view_filter ] --END-- [ RunTime:0.000184s ]
INFO: [ app_end ] --START--
INFO: Run Behavior\ShowPageTraceBehavior [ RunTime:0.000530s ]
INFO: [ app_end ] --END-- [ RunTime:0.000559s ]

[ 2017-12-05T17:26:05+08:00 ] ::1 /dev/index.php/Admin/GroupBuy/groupOpenList.html
INFO: [ app_init ] --START--
INFO: Run Behavior\BuildLiteBehavior [ RunTime:0.000009s ]
INFO: [ app_init ] --END-- [ RunTime:0.000040s ]
INFO: [ app_begin ] --START--
INFO: Run Behavior\ReadHtmlCacheBehavior [ RunTime:0.000363s ]
INFO: [ app_begin ] --END-- [ RunTime:0.000389s ]
NOTIC: [8] Use of undefined constant SESSION_PREFIX - assumed 'SESSION_PREFIX' /Applications/MAMP/htdocs/dev/Application/Admin/Controller/CommonController.class.php 第 27 行.
NOTIC: [8] A session had already been started - ignoring session_start() /Applications/MAMP/htdocs/dev/ThinkPHP/Common/functions.php 第 1263 行.
SQL: SHOW COLUMNS FROM `tp_menu` [ RunTime:0.0072s ]
SQL: SELECT * FROM `tp_menu` ORDER BY step asc  [ RunTime:0.0003s ]
SQL: SHOW COLUMNS FROM `tp_group_joins_open` [ RunTime:0.0018s ]
SQL: SELECT COUNT(*) AS tp_count FROM `tp_group_joins_open` WHERE (  1=1  ) LIMIT 1   [ RunTime:0.0001s ]
SQL: SELECT a.*,g.starttime,g.endtime,p.name,p.photo_x,u.uname,u.photo FROM tp_group_joins_open a LEFT JOIN tp_product p on p.id = a.pid LEFT JOIN tp_user u on u.id = a.uid LEFT JOIN tp_group_joins G on G.pid = a.pid  WHERE (  1=1  ) ORDER BY time desc LIMIT 0,25   [ RunTime:0.0002s ]
INFO: [ view_parse ] --START--
INFO: [ template_filter ] --START--
INFO: Run Behavior\ContentReplaceBehavior [ RunTime:0.000070s ]
INFO: [ template_filter ] --END-- [ RunTime:0.000104s ]
INFO: Run Behavior\ParseTemplateBehavior [ RunTime:0.013032s ]
INFO: [ view_parse ] --END-- [ RunTime:0.013091s ]
INFO: [ view_filter ] --START--
INFO: Run Behavior\WriteHtmlCacheBehavior [ RunTime:0.000209s ]
INFO: [ view_filter ] --END-- [ RunTime:0.000243s ]
INFO: [ app_end ] --START--
INFO: Run Behavior\ShowPageTraceBehavior [ RunTime:0.000625s ]
INFO: [ app_end ] --END-- [ RunTime:0.000662s ]

[ 2017-12-05T17:26:05+08:00 ] ::1 /dev/index.php/Admin/GroupBuy/add.html
INFO: [ app_init ] --START--
INFO: Run Behavior\BuildLiteBehavior [ RunTime:0.000056s ]
INFO: [ app_init ] --END-- [ RunTime:0.000103s ]
INFO: [ app_begin ] --START--
INFO: Run Behavior\ReadHtmlCacheBehavior [ RunTime:0.000384s ]
INFO: [ app_begin ] --END-- [ RunTime:0.000419s ]
NOTIC: [8] Use of undefined constant SESSION_PREFIX - assumed 'SESSION_PREFIX' /Applications/MAMP/htdocs/dev/Application/Admin/Controller/CommonController.class.php 第 27 行.
NOTIC: [8] A session had already been started - ignoring session_start() /Applications/MAMP/htdocs/dev/ThinkPHP/Common/functions.php 第 1263 行.
SQL: SHOW COLUMNS FROM `tp_menu` [ RunTime:0.0071s ]
SQL: SELECT * FROM `tp_menu` ORDER BY step asc  [ RunTime:0.0003s ]
SQL: SHOW COLUMNS FROM `tp_product` [ RunTime:0.0018s ]
SQL: SELECT `name`,`photo_x`,`id` FROM `tp_product` WHERE (  del=0 and is_down=0 )  [ RunTime:0.0001s ]
INFO: [ view_parse ] --START--
INFO: [ template_filter ] --START--
INFO: Run Behavior\ContentReplaceBehavior [ RunTime:0.000088s ]
INFO: [ template_filter ] --END-- [ RunTime:0.000125s ]
INFO: Run Behavior\ParseTemplateBehavior [ RunTime:0.012197s ]
INFO: [ view_parse ] --END-- [ RunTime:0.012243s ]
INFO: [ view_filter ] --START--
INFO: Run Behavior\WriteHtmlCacheBehavior [ RunTime:0.000199s ]
INFO: [ view_filter ] --END-- [ RunTime:0.000228s ]
INFO: [ app_end ] --START--
INFO: Run Behavior\ShowPageTraceBehavior [ RunTime:0.000768s ]
INFO: [ app_end ] --END-- [ RunTime:0.000812s ]

[ 2017-12-05T17:26:06+08:00 ] ::1 /dev/index.php/Admin/GroupBuy/index.html
INFO: [ app_init ] --START--
INFO: Run Behavior\BuildLiteBehavior [ RunTime:0.000010s ]
INFO: [ app_init ] --END-- [ RunTime:0.000042s ]
INFO: [ app_begin ] --START--
INFO: Run Behavior\ReadHtmlCacheBehavior [ RunTime:0.000369s ]
INFO: [ app_begin ] --END-- [ RunTime:0.000401s ]
NOTIC: [8] Use of undefined constant SESSION_PREFIX - assumed 'SESSION_PREFIX' /Applications/MAMP/htdocs/dev/Application/Admin/Controller/CommonController.class.php 第 27 行.
NOTIC: [8] A session had already been started - ignoring session_start() /Applications/MAMP/htdocs/dev/ThinkPHP/Common/functions.php 第 1263 行.
SQL: SHOW COLUMNS FROM `tp_menu` [ RunTime:0.0019s ]
SQL: SELECT * FROM `tp_menu` ORDER BY step asc  [ RunTime:0.0002s ]
SQL: SHOW COLUMNS FROM `tp_group_joins` [ RunTime:0.0016s ]
SQL: SELECT COUNT(*) AS tp_count FROM `tp_group_joins` LIMIT 1   [ RunTime:0.0001s ]
SQL: SELECT a.*,p.name,p.photo_x FROM tp_group_joins a LEFT JOIN tp_product p on p.id = a.pid  ORDER BY id desc LIMIT 0,25   [ RunTime:0.0001s ]
INFO: [ view_parse ] --START--
INFO: [ template_filter ] --START--
INFO: Run Behavior\ContentReplaceBehavior [ RunTime:0.000108s ]
INFO: [ template_filter ] --END-- [ RunTime:0.000166s ]
INFO: Run Behavior\ParseTemplateBehavior [ RunTime:0.019013s ]
INFO: [ view_parse ] --END-- [ RunTime:0.019061s ]
INFO: [ view_filter ] --START--
INFO: Run Behavior\WriteHtmlCacheBehavior [ RunTime:0.000388s ]
INFO: [ view_filter ] --END-- [ RunTime:0.000453s ]
INFO: [ app_end ] --START--
INFO: Run Behavior\ShowPageTraceBehavior [ RunTime:0.000714s ]
INFO: [ app_end ] --END-- [ RunTime:0.000755s ]

[ 2017-12-05T17:26:07+08:00 ] ::1 /dev/index.php/Admin/GroupBuy/joinGroupBuyLog.html
INFO: [ app_init ] --START--
INFO: Run Behavior\BuildLiteBehavior [ RunTime:0.000028s ]
INFO: [ app_init ] --END-- [ RunTime:0.000148s ]
INFO: [ app_begin ] --START--
INFO: Run Behavior\ReadHtmlCacheBehavior [ RunTime:0.000752s ]
INFO: [ app_begin ] --END-- [ RunTime:0.000815s ]
NOTIC: [8] Use of undefined constant SESSION_PREFIX - assumed 'SESSION_PREFIX' /Applications/MAMP/htdocs/dev/Application/Admin/Controller/CommonController.class.php 第 27 行.
NOTIC: [8] A session had already been started - ignoring session_start() /Applications/MAMP/htdocs/dev/ThinkPHP/Common/functions.php 第 1263 行.
SQL: SHOW COLUMNS FROM `tp_menu` [ RunTime:0.0020s ]
SQL: SELECT * FROM `tp_menu` ORDER BY step asc  [ RunTime:0.0003s ]
SQL: SHOW COLUMNS FROM `tp_group_join_users` [ RunTime:0.0020s ]
SQL: SELECT COUNT(*) AS tp_count FROM `tp_group_join_users` LIMIT 1   [ RunTime:0.0001s ]
SQL: SELECT a.*,p.name,p.photo_x,u.uname,u.photo FROM tp_group_join_users a LEFT JOIN tp_product p on p.id = a.pid LEFT JOIN tp_user u on u.id = a.uid LEFT JOIN tp_group_joins_open G on G.pid = a.group_open_id  ORDER BY pay_time desc LIMIT 0,25   [ RunTime:0.0002s ]
NOTIC: [8] Undefined index: admininfo /Applications/MAMP/htdocs/dev/Application/Admin/Controller/GroupBuyController.class.php 第 203 行.
INFO: [ view_parse ] --START--
INFO: [ template_filter ] --START--
INFO: Run Behavior\ContentReplaceBehavior [ RunTime:0.000073s ]
INFO: [ template_filter ] --END-- [ RunTime:0.000118s ]
INFO: Run Behavior\ParseTemplateBehavior [ RunTime:0.011313s ]
INFO: [ view_parse ] --END-- [ RunTime:0.011353s ]
INFO: [ view_filter ] --START--
INFO: Run Behavior\WriteHtmlCacheBehavior [ RunTime:0.000147s ]
INFO: [ view_filter ] --END-- [ RunTime:0.000170s ]
INFO: [ app_end ] --START--
INFO: Run Behavior\ShowPageTraceBehavior [ RunTime:0.000418s ]
INFO: [ app_end ] --END-- [ RunTime:0.000442s ]

[ 2017-12-05T23:12:49+08:00 ] ::1 /dev/index.php/admin
INFO: [ app_init ] --START--
INFO: Run Behavior\BuildLiteBehavior [ RunTime:0.000025s ]
INFO: [ app_init ] --END-- [ RunTime:0.000104s ]
INFO: [ app_begin ] --START--
INFO: Run Behavior\ReadHtmlCacheBehavior [ RunTime:0.001957s ]
INFO: [ app_begin ] --END-- [ RunTime:0.002095s ]
NOTIC: [8] Use of undefined constant SESSION_PREFIX - assumed 'SESSION_PREFIX' /Applications/MAMP/htdocs/dev/Application/Admin/Controller/CommonController.class.php 第 27 行.
NOTIC: [8] A session had already been started - ignoring session_start() /Applications/MAMP/htdocs/dev/ThinkPHP/Common/functions.php 第 1263 行.
SQL: SHOW COLUMNS FROM `tp_menu` [ RunTime:0.0095s ]
SQL: SELECT * FROM `tp_menu` ORDER BY step asc  [ RunTime:0.0008s ]
INFO: [ view_parse ] --START--
INFO: [ template_filter ] --START--
INFO: Run Behavior\ContentReplaceBehavior [ RunTime:0.000099s ]
INFO: [ template_filter ] --END-- [ RunTime:0.000137s ]
INFO: Run Behavior\ParseTemplateBehavior [ RunTime:0.023823s ]
INFO: [ view_parse ] --END-- [ RunTime:0.023866s ]
INFO: [ view_filter ] --START--
INFO: Run Behavior\WriteHtmlCacheBehavior [ RunTime:0.000512s ]
INFO: [ view_filter ] --END-- [ RunTime:0.000582s ]
INFO: [ app_end ] --START--
INFO: Run Behavior\ShowPageTraceBehavior [ RunTime:0.001296s ]
INFO: [ app_end ] --END-- [ RunTime:0.001352s ]

[ 2017-12-05T23:12:49+08:00 ] ::1 /dev/index.php/Admin/Index/welcome.html
INFO: [ app_init ] --START--
INFO: Run Behavior\BuildLiteBehavior [ RunTime:0.000024s ]
INFO: [ app_init ] --END-- [ RunTime:0.000088s ]
INFO: [ app_begin ] --START--
INFO: Run Behavior\ReadHtmlCacheBehavior [ RunTime:0.000551s ]
INFO: [ app_begin ] --END-- [ RunTime:0.000591s ]
NOTIC: [8] Use of undefined constant SESSION_PREFIX - assumed 'SESSION_PREFIX' /Applications/MAMP/htdocs/dev/Application/Admin/Controller/CommonController.class.php 第 27 行.
NOTIC: [8] A session had already been started - ignoring session_start() /Applications/MAMP/htdocs/dev/ThinkPHP/Common/functions.php 第 1263 行.
SQL: SHOW COLUMNS FROM `tp_menu` [ RunTime:0.0019s ]
SQL: SELECT * FROM `tp_menu` ORDER BY step asc  [ RunTime:0.0003s ]
INFO: [ app_end ] --START--
INFO: Run Behavior\ShowPageTraceBehavior [ RunTime:0.001253s ]
INFO: [ app_end ] --END-- [ RunTime:0.001328s ]

