[ 2017-12-19T12:53:55+08:00 ] ::1 /dev/index.php/Admin/Index/index.html
INFO: [ app_init ] --START--
INFO: Run Behavior\BuildLiteBehavior [ RunTime:0.000044s ]
INFO: [ app_init ] --END-- [ RunTime:0.000204s ]
INFO: [ app_begin ] --START--
INFO: Run Behavior\ReadHtmlCacheBehavior [ RunTime:0.001290s ]
INFO: [ app_begin ] --END-- [ RunTime:0.001454s ]
NOTIC: [8] Use of undefined constant SESSION_PREFIX - assumed 'SESSION_PREFIX' /Applications/MAMP/htdocs/dev/Application/Admin/Controller/CommonController.class.php 第 27 行.
NOTIC: [8] A session had already been started - ignoring session_start() /Applications/MAMP/htdocs/dev/ThinkPHP/Common/functions.php 第 1263 行.
ERR: SQLSTATE[HY000] [1049] Unknown database 'weshop32'

[ 2017-12-19T12:54:27+08:00 ] ::1 /dev/index.php/Admin/Index/index.html
INFO: [ app_init ] --START--
INFO: Run Behavior\BuildLiteBehavior [ RunTime:0.000054s ]
INFO: [ app_init ] --END-- [ RunTime:0.000223s ]
INFO: [ app_begin ] --START--
INFO: Run Behavior\ReadHtmlCacheBehavior [ RunTime:0.000715s ]
INFO: [ app_begin ] --END-- [ RunTime:0.000831s ]
NOTIC: [8] Use of undefined constant SESSION_PREFIX - assumed 'SESSION_PREFIX' /Applications/MAMP/htdocs/dev/Application/Admin/Controller/CommonController.class.php 第 27 行.
NOTIC: [8] A session had already been started - ignoring session_start() /Applications/MAMP/htdocs/dev/ThinkPHP/Common/functions.php 第 1263 行.
SQL: SHOW COLUMNS FROM `tp_menu` [ RunTime:0.0039s ]
SQL: SELECT * FROM `tp_menu` ORDER BY step asc  [ RunTime:0.0010s ]
INFO: [ view_parse ] --START--
INFO: [ template_filter ] --START--
INFO: Run Behavior\ContentReplaceBehavior [ RunTime:0.000197s ]
INFO: [ template_filter ] --END-- [ RunTime:0.000335s ]
INFO: Run Behavior\ParseTemplateBehavior [ RunTime:0.050204s ]
INFO: [ view_parse ] --END-- [ RunTime:0.050455s ]
INFO: [ view_filter ] --START--
INFO: Run Behavior\WriteHtmlCacheBehavior [ RunTime:0.000845s ]
INFO: [ view_filter ] --END-- [ RunTime:0.000951s ]
INFO: [ app_end ] --START--
INFO: Run Behavior\ShowPageTraceBehavior [ RunTime:0.000967s ]
INFO: [ app_end ] --END-- [ RunTime:0.001044s ]

[ 2017-12-19T12:54:28+08:00 ] ::1 /dev/index.php/Admin/Index/welcome.html
INFO: [ app_init ] --START--
INFO: Run Behavior\BuildLiteBehavior [ RunTime:0.000020s ]
INFO: [ app_init ] --END-- [ RunTime:0.000095s ]
INFO: [ app_begin ] --START--
INFO: Run Behavior\ReadHtmlCacheBehavior [ RunTime:0.000425s ]
INFO: [ app_begin ] --END-- [ RunTime:0.000498s ]
NOTIC: [8] Use of undefined constant SESSION_PREFIX - assumed 'SESSION_PREFIX' /Applications/MAMP/htdocs/dev/Application/Admin/Controller/CommonController.class.php 第 27 行.
NOTIC: [8] A session had already been started - ignoring session_start() /Applications/MAMP/htdocs/dev/ThinkPHP/Common/functions.php 第 1263 行.
SQL: SHOW COLUMNS FROM `tp_menu` [ RunTime:0.0075s ]
SQL: SELECT * FROM `tp_menu` ORDER BY step asc  [ RunTime:0.0003s ]
INFO: [ app_end ] --START--
INFO: Run Behavior\ShowPageTraceBehavior [ RunTime:0.001291s ]
INFO: [ app_end ] --END-- [ RunTime:0.001433s ]

[ 2017-12-19T12:54:30+08:00 ] ::1 /dev/index.php/Admin/Admin/index.html
INFO: [ app_init ] --START--
INFO: Run Behavior\BuildLiteBehavior [ RunTime:0.000028s ]
INFO: [ app_init ] --END-- [ RunTime:0.000118s ]
INFO: [ app_begin ] --START--
INFO: Run Behavior\ReadHtmlCacheBehavior [ RunTime:0.000502s ]
INFO: [ app_begin ] --END-- [ RunTime:0.000590s ]
NOTIC: [8] Use of undefined constant SESSION_PREFIX - assumed 'SESSION_PREFIX' /Applications/MAMP/htdocs/dev/Application/Admin/Controller/CommonController.class.php 第 27 行.
NOTIC: [8] A session had already been started - ignoring session_start() /Applications/MAMP/htdocs/dev/ThinkPHP/Common/functions.php 第 1263 行.
SQL: SHOW COLUMNS FROM `tp_menu` [ RunTime:0.0020s ]
SQL: SELECT * FROM `tp_menu` ORDER BY step asc  [ RunTime:0.0002s ]
SQL: SHOW COLUMNS FROM `tp_admin` [ RunTime:0.0021s ]
SQL: SELECT COUNT(*) AS tp_count FROM `tp_admin` LIMIT 1   [ RunTime:0.0003s ]
SQL: SELECT * FROM `tp_admin` LIMIT 0,10   [ RunTime:0.0008s ]
INFO: [ view_parse ] --START--
INFO: [ template_filter ] --START--
INFO: Run Behavior\ContentReplaceBehavior [ RunTime:0.000233s ]
INFO: [ template_filter ] --END-- [ RunTime:0.000474s ]
SQL: SHOW COLUMNS FROM `tp_role` [ RunTime:0.0020s ]
SQL: SELECT * FROM `tp_role`  [ RunTime:0.0003s ]
INFO: Run Behavior\ParseTemplateBehavior [ RunTime:0.028560s ]
INFO: [ view_parse ] --END-- [ RunTime:0.028647s ]
INFO: [ view_filter ] --START--
INFO: Run Behavior\WriteHtmlCacheBehavior [ RunTime:0.000212s ]
INFO: [ view_filter ] --END-- [ RunTime:0.000275s ]
INFO: [ app_end ] --START--
INFO: Run Behavior\ShowPageTraceBehavior [ RunTime:0.000511s ]
INFO: [ app_end ] --END-- [ RunTime:0.000581s ]

[ 2017-12-19T12:54:32+08:00 ] ::1 /dev/index.php/Admin/Role/index.html
INFO: [ app_init ] --START--
INFO: Run Behavior\BuildLiteBehavior [ RunTime:0.000023s ]
INFO: [ app_init ] --END-- [ RunTime:0.000116s ]
INFO: [ app_begin ] --START--
INFO: Run Behavior\ReadHtmlCacheBehavior [ RunTime:0.000554s ]
INFO: [ app_begin ] --END-- [ RunTime:0.000652s ]
NOTIC: [8] Use of undefined constant SESSION_PREFIX - assumed 'SESSION_PREFIX' /Applications/MAMP/htdocs/dev/Application/Admin/Controller/CommonController.class.php 第 27 行.
NOTIC: [8] A session had already been started - ignoring session_start() /Applications/MAMP/htdocs/dev/ThinkPHP/Common/functions.php 第 1263 行.
SQL: SHOW COLUMNS FROM `tp_menu` [ RunTime:0.0027s ]
SQL: SELECT * FROM `tp_menu` ORDER BY step asc  [ RunTime:0.0002s ]
SQL: SHOW COLUMNS FROM `tp_role` [ RunTime:0.0019s ]
SQL: SELECT * FROM `tp_role`  [ RunTime:0.0001s ]
INFO: [ view_parse ] --START--
INFO: [ template_filter ] --START--
INFO: Run Behavior\ContentReplaceBehavior [ RunTime:0.000101s ]
INFO: [ template_filter ] --END-- [ RunTime:0.000187s ]
NOTIC: [8] Undefined variable: page /Applications/MAMP/htdocs/dev/Application/Runtime/Cache/Admin/b35d77029c5f30642b30c7a996208f53.php 第 82 行.
INFO: Run Behavior\ParseTemplateBehavior [ RunTime:0.020170s ]
INFO: [ view_parse ] --END-- [ RunTime:0.020246s ]
INFO: [ view_filter ] --START--
INFO: Run Behavior\WriteHtmlCacheBehavior [ RunTime:0.000231s ]
INFO: [ view_filter ] --END-- [ RunTime:0.000295s ]
INFO: [ app_end ] --START--
INFO: Run Behavior\ShowPageTraceBehavior [ RunTime:0.000662s ]
INFO: [ app_end ] --END-- [ RunTime:0.000747s ]

[ 2017-12-19T12:54:33+08:00 ] ::1 /dev/index.php/Admin/Menu/index.html
INFO: [ app_init ] --START--
INFO: Run Behavior\BuildLiteBehavior [ RunTime:0.000020s ]
INFO: [ app_init ] --END-- [ RunTime:0.000096s ]
INFO: [ app_begin ] --START--
INFO: Run Behavior\ReadHtmlCacheBehavior [ RunTime:0.000402s ]
INFO: [ app_begin ] --END-- [ RunTime:0.000472s ]
NOTIC: [8] Use of undefined constant SESSION_PREFIX - assumed 'SESSION_PREFIX' /Applications/MAMP/htdocs/dev/Application/Admin/Controller/CommonController.class.php 第 27 行.
NOTIC: [8] A session had already been started - ignoring session_start() /Applications/MAMP/htdocs/dev/ThinkPHP/Common/functions.php 第 1263 行.
SQL: SHOW COLUMNS FROM `tp_menu` [ RunTime:0.0026s ]
SQL: SELECT * FROM `tp_menu` ORDER BY step asc  [ RunTime:0.0002s ]
INFO: [ view_parse ] --START--
INFO: [ template_filter ] --START--
INFO: Run Behavior\ContentReplaceBehavior [ RunTime:0.000099s ]
INFO: [ template_filter ] --END-- [ RunTime:0.000179s ]
NOTIC: [8] Undefined variable: page /Applications/MAMP/htdocs/dev/Application/Runtime/Cache/Admin/b956215329b6f9aca22277599a4efdfc.php 第 91 行.
INFO: Run Behavior\ParseTemplateBehavior [ RunTime:0.029487s ]
INFO: [ view_parse ] --END-- [ RunTime:0.029569s ]
INFO: [ view_filter ] --START--
INFO: Run Behavior\WriteHtmlCacheBehavior [ RunTime:0.000280s ]
INFO: [ view_filter ] --END-- [ RunTime:0.000348s ]
INFO: [ app_end ] --START--
INFO: Run Behavior\ShowPageTraceBehavior [ RunTime:0.000569s ]
INFO: [ app_end ] --END-- [ RunTime:0.000729s ]

[ 2017-12-19T12:54:34+08:00 ] ::1 /dev/index.php/Admin/Role/index.html
INFO: [ app_init ] --START--
INFO: Run Behavior\BuildLiteBehavior [ RunTime:0.000025s ]
INFO: [ app_init ] --END-- [ RunTime:0.000118s ]
INFO: [ app_begin ] --START--
INFO: Run Behavior\ReadHtmlCacheBehavior [ RunTime:0.000518s ]
INFO: [ app_begin ] --END-- [ RunTime:0.000608s ]
NOTIC: [8] Use of undefined constant SESSION_PREFIX - assumed 'SESSION_PREFIX' /Applications/MAMP/htdocs/dev/Application/Admin/Controller/CommonController.class.php 第 27 行.
NOTIC: [8] A session had already been started - ignoring session_start() /Applications/MAMP/htdocs/dev/ThinkPHP/Common/functions.php 第 1263 行.
SQL: SHOW COLUMNS FROM `tp_menu` [ RunTime:0.0069s ]
SQL: SELECT * FROM `tp_menu` ORDER BY step asc  [ RunTime:0.0002s ]
SQL: SHOW COLUMNS FROM `tp_role` [ RunTime:0.0014s ]
SQL: SELECT * FROM `tp_role`  [ RunTime:0.0001s ]
INFO: [ view_parse ] --START--
INFO: [ template_filter ] --START--
INFO: Run Behavior\ContentReplaceBehavior [ RunTime:0.000088s ]
INFO: [ template_filter ] --END-- [ RunTime:0.000202s ]
NOTIC: [8] Undefined variable: page /Applications/MAMP/htdocs/dev/Application/Runtime/Cache/Admin/b35d77029c5f30642b30c7a996208f53.php 第 82 行.
INFO: Run Behavior\ParseTemplateBehavior [ RunTime:0.013493s ]
INFO: [ view_parse ] --END-- [ RunTime:0.013575s ]
INFO: [ view_filter ] --START--
INFO: Run Behavior\WriteHtmlCacheBehavior [ RunTime:0.000356s ]
INFO: [ view_filter ] --END-- [ RunTime:0.000446s ]
INFO: [ app_end ] --START--
INFO: Run Behavior\ShowPageTraceBehavior [ RunTime:0.000598s ]
INFO: [ app_end ] --END-- [ RunTime:0.000687s ]

[ 2017-12-19T13:04:07+08:00 ] ::1 /dev/index.php/Admin/Admin/index.html
INFO: [ app_init ] --START--
INFO: Run Behavior\BuildLiteBehavior [ RunTime:0.000022s ]
INFO: [ app_init ] --END-- [ RunTime:0.000083s ]
INFO: [ app_begin ] --START--
INFO: Run Behavior\ReadHtmlCacheBehavior [ RunTime:0.001010s ]
INFO: [ app_begin ] --END-- [ RunTime:0.001065s ]
NOTIC: [8] Use of undefined constant SESSION_PREFIX - assumed 'SESSION_PREFIX' /Applications/MAMP/htdocs/dev/Application/Admin/Controller/CommonController.class.php 第 27 行.
NOTIC: [8] A session had already been started - ignoring session_start() /Applications/MAMP/htdocs/dev/ThinkPHP/Common/functions.php 第 1263 行.
SQL: SHOW COLUMNS FROM `tp_menu` [ RunTime:0.0049s ]
SQL: SELECT * FROM `tp_menu` ORDER BY step asc  [ RunTime:0.0009s ]
SQL: SHOW COLUMNS FROM `tp_admin` [ RunTime:0.0018s ]
SQL: SELECT COUNT(*) AS tp_count FROM `tp_admin` LIMIT 1   [ RunTime:0.0002s ]
SQL: SELECT * FROM `tp_admin` LIMIT 0,10   [ RunTime:0.0009s ]
INFO: [ view_parse ] --START--
INFO: [ template_filter ] --START--
INFO: Run Behavior\ContentReplaceBehavior [ RunTime:0.000152s ]
INFO: [ template_filter ] --END-- [ RunTime:0.000207s ]
SQL: SHOW COLUMNS FROM `tp_role` [ RunTime:0.0053s ]
SQL: SELECT * FROM `tp_role`  [ RunTime:0.0003s ]
INFO: Run Behavior\ParseTemplateBehavior [ RunTime:0.042064s ]
INFO: [ view_parse ] --END-- [ RunTime:0.042092s ]
INFO: [ view_filter ] --START--
INFO: Run Behavior\WriteHtmlCacheBehavior [ RunTime:0.006757s ]
INFO: [ view_filter ] --END-- [ RunTime:0.006814s ]
INFO: [ app_end ] --START--
INFO: Run Behavior\ShowPageTraceBehavior [ RunTime:0.011881s ]
INFO: [ app_end ] --END-- [ RunTime:0.011956s ]

[ 2017-12-19T13:04:08+08:00 ] ::1 /dev/index.php/Admin/Role/index.html
INFO: [ app_init ] --START--
INFO: Run Behavior\BuildLiteBehavior [ RunTime:0.000010s ]
INFO: [ app_init ] --END-- [ RunTime:0.000044s ]
INFO: [ app_begin ] --START--
INFO: Run Behavior\ReadHtmlCacheBehavior [ RunTime:0.000403s ]
INFO: [ app_begin ] --END-- [ RunTime:0.000455s ]
NOTIC: [8] Use of undefined constant SESSION_PREFIX - assumed 'SESSION_PREFIX' /Applications/MAMP/htdocs/dev/Application/Admin/Controller/CommonController.class.php 第 27 行.
NOTIC: [8] A session had already been started - ignoring session_start() /Applications/MAMP/htdocs/dev/ThinkPHP/Common/functions.php 第 1263 行.
SQL: SHOW COLUMNS FROM `tp_menu` [ RunTime:0.0030s ]
SQL: SELECT * FROM `tp_menu` ORDER BY step asc  [ RunTime:0.0004s ]
SQL: SHOW COLUMNS FROM `tp_role` [ RunTime:0.0029s ]
SQL: SELECT * FROM `tp_role`  [ RunTime:0.0001s ]
INFO: [ view_parse ] --START--
INFO: [ template_filter ] --START--
INFO: Run Behavior\ContentReplaceBehavior [ RunTime:0.000073s ]
INFO: [ template_filter ] --END-- [ RunTime:0.000110s ]
NOTIC: [8] Undefined variable: page /Applications/MAMP/htdocs/dev/Application/Runtime/Cache/Admin/b35d77029c5f30642b30c7a996208f53.php 第 82 行.
INFO: Run Behavior\ParseTemplateBehavior [ RunTime:0.024676s ]
INFO: [ view_parse ] --END-- [ RunTime:0.024724s ]
INFO: [ view_filter ] --START--
INFO: Run Behavior\WriteHtmlCacheBehavior [ RunTime:0.000212s ]
INFO: [ view_filter ] --END-- [ RunTime:0.000241s ]
INFO: [ app_end ] --START--
INFO: Run Behavior\ShowPageTraceBehavior [ RunTime:0.000850s ]
INFO: [ app_end ] --END-- [ RunTime:0.000886s ]

[ 2017-12-19T13:04:09+08:00 ] ::1 /dev/index.php/Admin/Menu/index.html
INFO: [ app_init ] --START--
INFO: Run Behavior\BuildLiteBehavior [ RunTime:0.000013s ]
INFO: [ app_init ] --END-- [ RunTime:0.000055s ]
INFO: [ app_begin ] --START--
INFO: Run Behavior\ReadHtmlCacheBehavior [ RunTime:0.000535s ]
INFO: [ app_begin ] --END-- [ RunTime:0.000590s ]
NOTIC: [8] Use of undefined constant SESSION_PREFIX - assumed 'SESSION_PREFIX' /Applications/MAMP/htdocs/dev/Application/Admin/Controller/CommonController.class.php 第 27 行.
NOTIC: [8] A session had already been started - ignoring session_start() /Applications/MAMP/htdocs/dev/ThinkPHP/Common/functions.php 第 1263 行.
SQL: SHOW COLUMNS FROM `tp_menu` [ RunTime:0.0019s ]
SQL: SELECT * FROM `tp_menu` ORDER BY step asc  [ RunTime:0.0002s ]
INFO: [ view_parse ] --START--
INFO: [ template_filter ] --START--
INFO: Run Behavior\ContentReplaceBehavior [ RunTime:0.000076s ]
INFO: [ template_filter ] --END-- [ RunTime:0.000116s ]
NOTIC: [8] Undefined variable: page /Applications/MAMP/htdocs/dev/Application/Runtime/Cache/Admin/b956215329b6f9aca22277599a4efdfc.php 第 91 行.
INFO: Run Behavior\ParseTemplateBehavior [ RunTime:0.018795s ]
INFO: [ view_parse ] --END-- [ RunTime:0.018839s ]
INFO: [ view_filter ] --START--
INFO: Run Behavior\WriteHtmlCacheBehavior [ RunTime:0.000149s ]
INFO: [ view_filter ] --END-- [ RunTime:0.000173s ]
INFO: [ app_end ] --START--
INFO: Run Behavior\ShowPageTraceBehavior [ RunTime:0.000648s ]
INFO: [ app_end ] --END-- [ RunTime:0.000712s ]

[ 2017-12-19T13:04:10+08:00 ] ::1 /dev/index.php/Admin/Role/index.html
INFO: [ app_init ] --START--
INFO: Run Behavior\BuildLiteBehavior [ RunTime:0.000044s ]
INFO: [ app_init ] --END-- [ RunTime:0.001751s ]
INFO: [ app_begin ] --START--
INFO: Run Behavior\ReadHtmlCacheBehavior [ RunTime:0.000795s ]
INFO: [ app_begin ] --END-- [ RunTime:0.000888s ]
NOTIC: [8] Use of undefined constant SESSION_PREFIX - assumed 'SESSION_PREFIX' /Applications/MAMP/htdocs/dev/Application/Admin/Controller/CommonController.class.php 第 27 行.
NOTIC: [8] A session had already been started - ignoring session_start() /Applications/MAMP/htdocs/dev/ThinkPHP/Common/functions.php 第 1263 行.
SQL: SHOW COLUMNS FROM `tp_menu` [ RunTime:0.0023s ]
SQL: SELECT * FROM `tp_menu` ORDER BY step asc  [ RunTime:0.0001s ]
SQL: SHOW COLUMNS FROM `tp_role` [ RunTime:0.0014s ]
SQL: SELECT * FROM `tp_role`  [ RunTime:0.0001s ]
INFO: [ view_parse ] --START--
INFO: [ template_filter ] --START--
INFO: Run Behavior\ContentReplaceBehavior [ RunTime:0.000084s ]
INFO: [ template_filter ] --END-- [ RunTime:0.000131s ]
NOTIC: [8] Undefined variable: page /Applications/MAMP/htdocs/dev/Application/Runtime/Cache/Admin/b35d77029c5f30642b30c7a996208f53.php 第 82 行.
INFO: Run Behavior\ParseTemplateBehavior [ RunTime:0.011405s ]
INFO: [ view_parse ] --END-- [ RunTime:0.011448s ]
INFO: [ view_filter ] --START--
INFO: Run Behavior\WriteHtmlCacheBehavior [ RunTime:0.000243s ]
INFO: [ view_filter ] --END-- [ RunTime:0.000284s ]
INFO: [ app_end ] --START--
INFO: Run Behavior\ShowPageTraceBehavior [ RunTime:0.000868s ]
INFO: [ app_end ] --END-- [ RunTime:0.000913s ]

[ 2017-12-19T13:04:10+08:00 ] ::1 /dev/index.php/Admin/Menu/index.html
INFO: [ app_init ] --START--
INFO: Run Behavior\BuildLiteBehavior [ RunTime:0.000037s ]
INFO: [ app_init ] --END-- [ RunTime:0.000158s ]
INFO: [ app_begin ] --START--
INFO: Run Behavior\ReadHtmlCacheBehavior [ RunTime:0.000691s ]
INFO: [ app_begin ] --END-- [ RunTime:0.000792s ]
NOTIC: [8] Use of undefined constant SESSION_PREFIX - assumed 'SESSION_PREFIX' /Applications/MAMP/htdocs/dev/Application/Admin/Controller/CommonController.class.php 第 27 行.
NOTIC: [8] A session had already been started - ignoring session_start() /Applications/MAMP/htdocs/dev/ThinkPHP/Common/functions.php 第 1263 行.
SQL: SHOW COLUMNS FROM `tp_menu` [ RunTime:0.0080s ]
SQL: SELECT * FROM `tp_menu` ORDER BY step asc  [ RunTime:0.0007s ]
INFO: [ view_parse ] --START--
INFO: [ template_filter ] --START--
INFO: Run Behavior\ContentReplaceBehavior [ RunTime:0.000104s ]
INFO: [ template_filter ] --END-- [ RunTime:0.000183s ]
NOTIC: [8] Undefined variable: page /Applications/MAMP/htdocs/dev/Application/Runtime/Cache/Admin/b956215329b6f9aca22277599a4efdfc.php 第 91 行.
INFO: Run Behavior\ParseTemplateBehavior [ RunTime:0.017241s ]
INFO: [ view_parse ] --END-- [ RunTime:0.017338s ]
INFO: [ view_filter ] --START--
INFO: Run Behavior\WriteHtmlCacheBehavior [ RunTime:0.000255s ]
INFO: [ view_filter ] --END-- [ RunTime:0.000296s ]
INFO: [ app_end ] --START--
INFO: Run Behavior\ShowPageTraceBehavior [ RunTime:0.001107s ]
INFO: [ app_end ] --END-- [ RunTime:0.001174s ]

[ 2017-12-19T13:04:11+08:00 ] ::1 /dev/index.php/Admin/Role/index.html
INFO: [ app_init ] --START--
INFO: Run Behavior\BuildLiteBehavior [ RunTime:0.000041s ]
INFO: [ app_init ] --END-- [ RunTime:0.000123s ]
INFO: [ app_begin ] --START--
INFO: Run Behavior\ReadHtmlCacheBehavior [ RunTime:0.001215s ]
INFO: [ app_begin ] --END-- [ RunTime:0.001381s ]
NOTIC: [8] Use of undefined constant SESSION_PREFIX - assumed 'SESSION_PREFIX' /Applications/MAMP/htdocs/dev/Application/Admin/Controller/CommonController.class.php 第 27 行.
NOTIC: [8] A session had already been started - ignoring session_start() /Applications/MAMP/htdocs/dev/ThinkPHP/Common/functions.php 第 1263 行.
SQL: SHOW COLUMNS FROM `tp_menu` [ RunTime:0.0082s ]
SQL: SELECT * FROM `tp_menu` ORDER BY step asc  [ RunTime:0.0002s ]
SQL: SHOW COLUMNS FROM `tp_role` [ RunTime:0.0021s ]
SQL: SELECT * FROM `tp_role`  [ RunTime:0.0002s ]
INFO: [ view_parse ] --START--
INFO: [ template_filter ] --START--
INFO: Run Behavior\ContentReplaceBehavior [ RunTime:0.000106s ]
INFO: [ template_filter ] --END-- [ RunTime:0.000176s ]
NOTIC: [8] Undefined variable: page /Applications/MAMP/htdocs/dev/Application/Runtime/Cache/Admin/b35d77029c5f30642b30c7a996208f53.php 第 82 行.
INFO: Run Behavior\ParseTemplateBehavior [ RunTime:0.012667s ]
INFO: [ view_parse ] --END-- [ RunTime:0.012711s ]
INFO: [ view_filter ] --START--
INFO: Run Behavior\WriteHtmlCacheBehavior [ RunTime:0.000254s ]
INFO: [ view_filter ] --END-- [ RunTime:0.000286s ]
INFO: [ app_end ] --START--
INFO: Run Behavior\ShowPageTraceBehavior [ RunTime:0.000523s ]
INFO: [ app_end ] --END-- [ RunTime:0.000553s ]

[ 2017-12-19T13:04:12+08:00 ] ::1 /dev/index.php/Admin/Menu/index.html
INFO: [ app_init ] --START--
INFO: Run Behavior\BuildLiteBehavior [ RunTime:0.000012s ]
INFO: [ app_init ] --END-- [ RunTime:0.000053s ]
INFO: [ app_begin ] --START--
INFO: Run Behavior\ReadHtmlCacheBehavior [ RunTime:0.000414s ]
INFO: [ app_begin ] --END-- [ RunTime:0.000450s ]
NOTIC: [8] Use of undefined constant SESSION_PREFIX - assumed 'SESSION_PREFIX' /Applications/MAMP/htdocs/dev/Application/Admin/Controller/CommonController.class.php 第 27 行.
NOTIC: [8] A session had already been started - ignoring session_start() /Applications/MAMP/htdocs/dev/ThinkPHP/Common/functions.php 第 1263 行.
SQL: SHOW COLUMNS FROM `tp_menu` [ RunTime:0.0111s ]
SQL: SELECT * FROM `tp_menu` ORDER BY step asc  [ RunTime:0.0002s ]
INFO: [ view_parse ] --START--
INFO: [ template_filter ] --START--
INFO: Run Behavior\ContentReplaceBehavior [ RunTime:0.000074s ]
INFO: [ template_filter ] --END-- [ RunTime:0.000109s ]
NOTIC: [8] Undefined variable: page /Applications/MAMP/htdocs/dev/Application/Runtime/Cache/Admin/b956215329b6f9aca22277599a4efdfc.php 第 91 行.
INFO: Run Behavior\ParseTemplateBehavior [ RunTime:0.013816s ]
INFO: [ view_parse ] --END-- [ RunTime:0.013877s ]
INFO: [ view_filter ] --START--
INFO: Run Behavior\WriteHtmlCacheBehavior [ RunTime:0.000255s ]
INFO: [ view_filter ] --END-- [ RunTime:0.000284s ]
INFO: [ app_end ] --START--
INFO: Run Behavior\ShowPageTraceBehavior [ RunTime:0.000956s ]
INFO: [ app_end ] --END-- [ RunTime:0.001032s ]

[ 2017-12-19T13:04:18+08:00 ] ::1 /dev/index.php/Admin/Menu/add.html
INFO: [ app_init ] --START--
INFO: Run Behavior\BuildLiteBehavior [ RunTime:0.000079s ]
INFO: [ app_init ] --END-- [ RunTime:0.000153s ]
INFO: [ app_begin ] --START--
INFO: Run Behavior\ReadHtmlCacheBehavior [ RunTime:0.000640s ]
INFO: [ app_begin ] --END-- [ RunTime:0.000710s ]
NOTIC: [8] Use of undefined constant SESSION_PREFIX - assumed 'SESSION_PREFIX' /Applications/MAMP/htdocs/dev/Application/Admin/Controller/CommonController.class.php 第 27 行.
NOTIC: [8] A session had already been started - ignoring session_start() /Applications/MAMP/htdocs/dev/ThinkPHP/Common/functions.php 第 1263 行.
SQL: SHOW COLUMNS FROM `tp_menu` [ RunTime:0.0018s ]
SQL: SELECT * FROM `tp_menu` ORDER BY step asc  [ RunTime:0.0003s ]
INFO: [ view_parse ] --START--
INFO: [ template_filter ] --START--
INFO: Run Behavior\ContentReplaceBehavior [ RunTime:0.000095s ]
INFO: [ template_filter ] --END-- [ RunTime:0.000126s ]
NOTIC: [8] Undefined index: menu_pid /Applications/MAMP/htdocs/dev/Application/Runtime/Cache/Admin/156394b56931e8e3952d26e16cfd3f35.php 第 58 行.
NOTIC: [8] Undefined variable: menuInfo /Applications/MAMP/htdocs/dev/Application/Runtime/Cache/Admin/156394b56931e8e3952d26e16cfd3f35.php 第 59 行.
NOTIC: [8] Undefined index: menu_pid /Applications/MAMP/htdocs/dev/Application/Runtime/Cache/Admin/156394b56931e8e3952d26e16cfd3f35.php 第 58 行.
NOTIC: [8] Undefined variable: menuInfo /Applications/MAMP/htdocs/dev/Application/Runtime/Cache/Admin/156394b56931e8e3952d26e16cfd3f35.php 第 59 行.
NOTIC: [8] Undefined index: menu_pid /Applications/MAMP/htdocs/dev/Application/Runtime/Cache/Admin/156394b56931e8e3952d26e16cfd3f35.php 第 58 行.
NOTIC: [8] Undefined variable: menuInfo /Applications/MAMP/htdocs/dev/Application/Runtime/Cache/Admin/156394b56931e8e3952d26e16cfd3f35.php 第 59 行.
NOTIC: [8] Undefined index: menu_pid /Applications/MAMP/htdocs/dev/Application/Runtime/Cache/Admin/156394b56931e8e3952d26e16cfd3f35.php 第 58 行.
NOTIC: [8] Undefined variable: menuInfo /Applications/MAMP/htdocs/dev/Application/Runtime/Cache/Admin/156394b56931e8e3952d26e16cfd3f35.php 第 59 行.
NOTIC: [8] Undefined index: menu_pid /Applications/MAMP/htdocs/dev/Application/Runtime/Cache/Admin/156394b56931e8e3952d26e16cfd3f35.php 第 58 行.
NOTIC: [8] Undefined variable: menuInfo /Applications/MAMP/htdocs/dev/Application/Runtime/Cache/Admin/156394b56931e8e3952d26e16cfd3f35.php 第 59 行.
NOTIC: [8] Undefined index: menu_pid /Applications/MAMP/htdocs/dev/Application/Runtime/Cache/Admin/156394b56931e8e3952d26e16cfd3f35.php 第 58 行.
NOTIC: [8] Undefined variable: menuInfo /Applications/MAMP/htdocs/dev/Application/Runtime/Cache/Admin/156394b56931e8e3952d26e16cfd3f35.php 第 59 行.
NOTIC: [8] Undefined index: menu_pid /Applications/MAMP/htdocs/dev/Application/Runtime/Cache/Admin/156394b56931e8e3952d26e16cfd3f35.php 第 58 行.
NOTIC: [8] Undefined variable: menuInfo /Applications/MAMP/htdocs/dev/Application/Runtime/Cache/Admin/156394b56931e8e3952d26e16cfd3f35.php 第 59 行.
NOTIC: [8] Undefined index: menu_pid /Applications/MAMP/htdocs/dev/Application/Runtime/Cache/Admin/156394b56931e8e3952d26e16cfd3f35.php 第 58 行.
NOTIC: [8] Undefined variable: menuInfo /Applications/MAMP/htdocs/dev/Application/Runtime/Cache/Admin/156394b56931e8e3952d26e16cfd3f35.php 第 59 行.
NOTIC: [8] Undefined index: menu_pid /Applications/MAMP/htdocs/dev/Application/Runtime/Cache/Admin/156394b56931e8e3952d26e16cfd3f35.php 第 58 行.
NOTIC: [8] Undefined variable: menuInfo /Applications/MAMP/htdocs/dev/Application/Runtime/Cache/Admin/156394b56931e8e3952d26e16cfd3f35.php 第 59 行.
NOTIC: [8] Undefined index: menu_pid /Applications/MAMP/htdocs/dev/Application/Runtime/Cache/Admin/156394b56931e8e3952d26e16cfd3f35.php 第 58 行.
NOTIC: [8] Undefined variable: menuInfo /Applications/MAMP/htdocs/dev/Application/Runtime/Cache/Admin/156394b56931e8e3952d26e16cfd3f35.php 第 59 行.
NOTIC: [8] Undefined index: menu_pid /Applications/MAMP/htdocs/dev/Application/Runtime/Cache/Admin/156394b56931e8e3952d26e16cfd3f35.php 第 58 行.
NOTIC: [8] Undefined variable: menuInfo /Applications/MAMP/htdocs/dev/Application/Runtime/Cache/Admin/156394b56931e8e3952d26e16cfd3f35.php 第 59 行.
NOTIC: [8] Undefined index: menu_pid /Applications/MAMP/htdocs/dev/Application/Runtime/Cache/Admin/156394b56931e8e3952d26e16cfd3f35.php 第 58 行.
NOTIC: [8] Undefined variable: menuInfo /Applications/MAMP/htdocs/dev/Application/Runtime/Cache/Admin/156394b56931e8e3952d26e16cfd3f35.php 第 59 行.
NOTIC: [8] Undefined index: menu_pid /Applications/MAMP/htdocs/dev/Application/Runtime/Cache/Admin/156394b56931e8e3952d26e16cfd3f35.php 第 58 行.
NOTIC: [8] Undefined variable: menuInfo /Applications/MAMP/htdocs/dev/Application/Runtime/Cache/Admin/156394b56931e8e3952d26e16cfd3f35.php 第 59 行.
NOTIC: [8] Undefined index: menu_pid /Applications/MAMP/htdocs/dev/Application/Runtime/Cache/Admin/156394b56931e8e3952d26e16cfd3f35.php 第 58 行.
NOTIC: [8] Undefined variable: menuInfo /Applications/MAMP/htdocs/dev/Application/Runtime/Cache/Admin/156394b56931e8e3952d26e16cfd3f35.php 第 59 行.
NOTIC: [8] Undefined index: menu_pid /Applications/MAMP/htdocs/dev/Application/Runtime/Cache/Admin/156394b56931e8e3952d26e16cfd3f35.php 第 58 行.
NOTIC: [8] Undefined variable: menuInfo /Applications/MAMP/htdocs/dev/Application/Runtime/Cache/Admin/156394b56931e8e3952d26e16cfd3f35.php 第 59 行.
NOTIC: [8] Undefined index: menu_pid /Applications/MAMP/htdocs/dev/Application/Runtime/Cache/Admin/156394b56931e8e3952d26e16cfd3f35.php 第 58 行.
NOTIC: [8] Undefined variable: menuInfo /Applications/MAMP/htdocs/dev/Application/Runtime/Cache/Admin/156394b56931e8e3952d26e16cfd3f35.php 第 59 行.
NOTIC: [8] Undefined variable: menuInfo /Applications/MAMP/htdocs/dev/Application/Runtime/Cache/Admin/156394b56931e8e3952d26e16cfd3f35.php 第 69 行.
NOTIC: [8] Undefined variable: menuInfo /Applications/MAMP/htdocs/dev/Application/Runtime/Cache/Admin/156394b56931e8e3952d26e16cfd3f35.php 第 75 行.
NOTIC: [8] Undefined variable: menuInfo /Applications/MAMP/htdocs/dev/Application/Runtime/Cache/Admin/156394b56931e8e3952d26e16cfd3f35.php 第 81 行.
NOTIC: [8] Undefined variable: menuInfo /Applications/MAMP/htdocs/dev/Application/Runtime/Cache/Admin/156394b56931e8e3952d26e16cfd3f35.php 第 87 行.
NOTIC: [8] Undefined variable: menuInfo /Applications/MAMP/htdocs/dev/Application/Runtime/Cache/Admin/156394b56931e8e3952d26e16cfd3f35.php 第 94 行.
NOTIC: [8] Undefined variable: menuInfo /Applications/MAMP/htdocs/dev/Application/Runtime/Cache/Admin/156394b56931e8e3952d26e16cfd3f35.php 第 95 行.
NOTIC: [8] Undefined variable: menuInfo /Applications/MAMP/htdocs/dev/Application/Runtime/Cache/Admin/156394b56931e8e3952d26e16cfd3f35.php 第 103 行.
NOTIC: [8] Undefined variable: menuInfo /Applications/MAMP/htdocs/dev/Application/Runtime/Cache/Admin/156394b56931e8e3952d26e16cfd3f35.php 第 104 行.
NOTIC: [8] Undefined variable: menuInfo /Applications/MAMP/htdocs/dev/Application/Runtime/Cache/Admin/156394b56931e8e3952d26e16cfd3f35.php 第 110 行.
INFO: Run Behavior\ParseTemplateBehavior [ RunTime:0.025767s ]
INFO: [ view_parse ] --END-- [ RunTime:0.025886s ]
INFO: [ view_filter ] --START--
INFO: Run Behavior\WriteHtmlCacheBehavior [ RunTime:0.001081s ]
INFO: [ view_filter ] --END-- [ RunTime:0.001214s ]
INFO: [ app_end ] --START--
INFO: Run Behavior\ShowPageTraceBehavior [ RunTime:0.000741s ]
INFO: [ app_end ] --END-- [ RunTime:0.000787s ]

