[ 2017-12-07T10:34:55+08:00 ] ::1 /dev/index.php/admin
INFO: [ app_init ] --START--
INFO: Run Behavior\BuildLiteBehavior [ RunTime:0.000165s ]
INFO: [ app_init ] --END-- [ RunTime:0.000638s ]
INFO: [ app_begin ] --START--
INFO: Run Behavior\ReadHtmlCacheBehavior [ RunTime:0.001040s ]
INFO: [ app_begin ] --END-- [ RunTime:0.001096s ]
NOTIC: [8] Use of undefined constant SESSION_PREFIX - assumed 'SESSION_PREFIX' /Applications/MAMP/htdocs/dev/Application/Admin/Controller/CommonController.class.php 第 27 行.
NOTIC: [8] A session had already been started - ignoring session_start() /Applications/MAMP/htdocs/dev/ThinkPHP/Common/functions.php 第 1263 行.
SQL: SHOW COLUMNS FROM `tp_menu` [ RunTime:0.0426s ]
SQL: SELECT * FROM `tp_menu` ORDER BY step asc  [ RunTime:0.0007s ]
INFO: [ view_parse ] --START--
INFO: [ template_filter ] --START--
INFO: Run Behavior\ContentReplaceBehavior [ RunTime:0.000093s ]
INFO: [ template_filter ] --END-- [ RunTime:0.000133s ]
INFO: Run Behavior\ParseTemplateBehavior [ RunTime:0.027476s ]
INFO: [ view_parse ] --END-- [ RunTime:0.027541s ]
INFO: [ view_filter ] --START--
INFO: Run Behavior\WriteHtmlCacheBehavior [ RunTime:0.000629s ]
INFO: [ view_filter ] --END-- [ RunTime:0.000675s ]
INFO: [ app_end ] --START--
INFO: Run Behavior\ShowPageTraceBehavior [ RunTime:0.009618s ]
INFO: [ app_end ] --END-- [ RunTime:0.009730s ]

[ 2017-12-07T10:34:56+08:00 ] ::1 /dev/index.php/Admin/Index/welcome.html
INFO: [ app_init ] --START--
INFO: Run Behavior\BuildLiteBehavior [ RunTime:0.000016s ]
INFO: [ app_init ] --END-- [ RunTime:0.000074s ]
INFO: [ app_begin ] --START--
INFO: Run Behavior\ReadHtmlCacheBehavior [ RunTime:0.000531s ]
INFO: [ app_begin ] --END-- [ RunTime:0.000580s ]
NOTIC: [8] Use of undefined constant SESSION_PREFIX - assumed 'SESSION_PREFIX' /Applications/MAMP/htdocs/dev/Application/Admin/Controller/CommonController.class.php 第 27 行.
NOTIC: [8] A session had already been started - ignoring session_start() /Applications/MAMP/htdocs/dev/ThinkPHP/Common/functions.php 第 1263 行.
SQL: SHOW COLUMNS FROM `tp_menu` [ RunTime:0.0021s ]
SQL: SELECT * FROM `tp_menu` ORDER BY step asc  [ RunTime:0.0003s ]
INFO: [ app_end ] --START--
INFO: Run Behavior\ShowPageTraceBehavior [ RunTime:0.000503s ]
INFO: [ app_end ] --END-- [ RunTime:0.000553s ]

[ 2017-12-07T10:34:59+08:00 ] ::1 /dev/index.php/Admin/GroupBuy/add.html
INFO: [ app_init ] --START--
INFO: Run Behavior\BuildLiteBehavior [ RunTime:0.000023s ]
INFO: [ app_init ] --END-- [ RunTime:0.000056s ]
INFO: [ app_begin ] --START--
INFO: Run Behavior\ReadHtmlCacheBehavior [ RunTime:0.000391s ]
INFO: [ app_begin ] --END-- [ RunTime:0.000423s ]
NOTIC: [8] Use of undefined constant SESSION_PREFIX - assumed 'SESSION_PREFIX' /Applications/MAMP/htdocs/dev/Application/Admin/Controller/CommonController.class.php 第 27 行.
NOTIC: [8] A session had already been started - ignoring session_start() /Applications/MAMP/htdocs/dev/ThinkPHP/Common/functions.php 第 1263 行.
SQL: SHOW COLUMNS FROM `tp_menu` [ RunTime:0.0017s ]
SQL: SELECT * FROM `tp_menu` ORDER BY step asc  [ RunTime:0.0003s ]
SQL: SHOW COLUMNS FROM `tp_product` [ RunTime:0.0109s ]
SQL: SELECT `name`,`photo_x`,`id` FROM `tp_product` WHERE (  del=0 and is_down=0 )  [ RunTime:0.0084s ]
INFO: [ view_parse ] --START--
INFO: [ template_filter ] --START--
INFO: Run Behavior\ContentReplaceBehavior [ RunTime:0.000693s ]
INFO: [ template_filter ] --END-- [ RunTime:0.000766s ]
INFO: Run Behavior\ParseTemplateBehavior [ RunTime:0.024429s ]
INFO: [ view_parse ] --END-- [ RunTime:0.024513s ]
INFO: [ view_filter ] --START--
INFO: Run Behavior\WriteHtmlCacheBehavior [ RunTime:0.000248s ]
INFO: [ view_filter ] --END-- [ RunTime:0.000282s ]
INFO: [ app_end ] --START--
INFO: Run Behavior\ShowPageTraceBehavior [ RunTime:0.000844s ]
INFO: [ app_end ] --END-- [ RunTime:0.000910s ]

[ 2017-12-07T10:35:00+08:00 ] ::1 /dev/index.php/Admin/GroupBuy/index.html
INFO: [ app_init ] --START--
INFO: Run Behavior\BuildLiteBehavior [ RunTime:0.000021s ]
INFO: [ app_init ] --END-- [ RunTime:0.000103s ]
INFO: [ app_begin ] --START--
INFO: Run Behavior\ReadHtmlCacheBehavior [ RunTime:0.000583s ]
INFO: [ app_begin ] --END-- [ RunTime:0.000718s ]
NOTIC: [8] Use of undefined constant SESSION_PREFIX - assumed 'SESSION_PREFIX' /Applications/MAMP/htdocs/dev/Application/Admin/Controller/CommonController.class.php 第 27 行.
NOTIC: [8] A session had already been started - ignoring session_start() /Applications/MAMP/htdocs/dev/ThinkPHP/Common/functions.php 第 1263 行.
SQL: SHOW COLUMNS FROM `tp_menu` [ RunTime:0.0021s ]
SQL: SELECT * FROM `tp_menu` ORDER BY step asc  [ RunTime:0.0003s ]
SQL: SHOW COLUMNS FROM `tp_group_joins` [ RunTime:0.0256s ]
SQL: SELECT COUNT(*) AS tp_count FROM `tp_group_joins` LIMIT 1   [ RunTime:0.0095s ]
SQL: SELECT a.*,p.name,p.photo_x FROM tp_group_joins a LEFT JOIN tp_product p on p.id = a.pid  ORDER BY id desc LIMIT 0,25   [ RunTime:0.0024s ]
INFO: [ view_parse ] --START--
INFO: [ template_filter ] --START--
INFO: Run Behavior\ContentReplaceBehavior [ RunTime:0.000096s ]
INFO: [ template_filter ] --END-- [ RunTime:0.000142s ]
INFO: Run Behavior\ParseTemplateBehavior [ RunTime:0.026401s ]
INFO: [ view_parse ] --END-- [ RunTime:0.026463s ]
INFO: [ view_filter ] --START--
INFO: Run Behavior\WriteHtmlCacheBehavior [ RunTime:0.000447s ]
INFO: [ view_filter ] --END-- [ RunTime:0.000519s ]
INFO: [ app_end ] --START--
INFO: Run Behavior\ShowPageTraceBehavior [ RunTime:0.001420s ]
INFO: [ app_end ] --END-- [ RunTime:0.001516s ]

[ 2017-12-07T12:10:07+08:00 ] ::1 /dev/index.php/Admin/GroupBuy/groupOpenList.html
INFO: [ app_init ] --START--
INFO: Run Behavior\BuildLiteBehavior [ RunTime:0.000012s ]
INFO: [ app_init ] --END-- [ RunTime:0.000058s ]
INFO: [ app_begin ] --START--
INFO: Run Behavior\ReadHtmlCacheBehavior [ RunTime:0.000960s ]
INFO: [ app_begin ] --END-- [ RunTime:0.001027s ]
NOTIC: [8] Use of undefined constant SESSION_PREFIX - assumed 'SESSION_PREFIX' /Applications/MAMP/htdocs/dev/Application/Admin/Controller/CommonController.class.php 第 27 行.
NOTIC: [8] A session had already been started - ignoring session_start() /Applications/MAMP/htdocs/dev/ThinkPHP/Common/functions.php 第 1263 行.
SQL: SHOW COLUMNS FROM `tp_menu` [ RunTime:0.0058s ]
SQL: SELECT * FROM `tp_menu` ORDER BY step asc  [ RunTime:0.0003s ]
SQL: SHOW COLUMNS FROM `tp_group_joins_open` [ RunTime:0.0126s ]
SQL: SELECT COUNT(*) AS tp_count FROM `tp_group_joins_open` WHERE (  1=1  ) LIMIT 1   [ RunTime:0.0006s ]
SQL: SELECT a.*,g.starttime,g.endtime,p.name,p.photo_x,u.uname,u.photo FROM tp_group_joins_open a LEFT JOIN tp_product p on p.id = a.pid LEFT JOIN tp_user u on u.id = a.uid LEFT JOIN tp_group_joins G on G.pid = a.pid  WHERE (  1=1  ) ORDER BY time desc LIMIT 0,25   [ RunTime:0.0170s ]
INFO: [ view_parse ] --START--
INFO: [ template_filter ] --START--
INFO: Run Behavior\ContentReplaceBehavior [ RunTime:0.000114s ]
INFO: [ template_filter ] --END-- [ RunTime:0.000157s ]
INFO: Run Behavior\ParseTemplateBehavior [ RunTime:0.034373s ]
INFO: [ view_parse ] --END-- [ RunTime:0.034431s ]
INFO: [ view_filter ] --START--
INFO: Run Behavior\WriteHtmlCacheBehavior [ RunTime:0.000593s ]
INFO: [ view_filter ] --END-- [ RunTime:0.000636s ]
INFO: [ app_end ] --START--
INFO: Run Behavior\ShowPageTraceBehavior [ RunTime:0.002222s ]
INFO: [ app_end ] --END-- [ RunTime:0.002285s ]

[ 2017-12-07T12:10:08+08:00 ] ::1 /dev/index.php/Admin/GroupBuy/groupOpenList.html
INFO: [ app_init ] --START--
INFO: Run Behavior\BuildLiteBehavior [ RunTime:0.000012s ]
INFO: [ app_init ] --END-- [ RunTime:0.000053s ]
INFO: [ app_begin ] --START--
INFO: Run Behavior\ReadHtmlCacheBehavior [ RunTime:0.000514s ]
INFO: [ app_begin ] --END-- [ RunTime:0.000550s ]
NOTIC: [8] Use of undefined constant SESSION_PREFIX - assumed 'SESSION_PREFIX' /Applications/MAMP/htdocs/dev/Application/Admin/Controller/CommonController.class.php 第 27 行.
NOTIC: [8] A session had already been started - ignoring session_start() /Applications/MAMP/htdocs/dev/ThinkPHP/Common/functions.php 第 1263 行.
SQL: SHOW COLUMNS FROM `tp_menu` [ RunTime:0.0041s ]
SQL: SELECT * FROM `tp_menu` ORDER BY step asc  [ RunTime:0.0003s ]
SQL: SHOW COLUMNS FROM `tp_group_joins_open` [ RunTime:0.0016s ]
SQL: SELECT COUNT(*) AS tp_count FROM `tp_group_joins_open` WHERE (  1=1  ) LIMIT 1   [ RunTime:0.0001s ]
SQL: SELECT a.*,g.starttime,g.endtime,p.name,p.photo_x,u.uname,u.photo FROM tp_group_joins_open a LEFT JOIN tp_product p on p.id = a.pid LEFT JOIN tp_user u on u.id = a.uid LEFT JOIN tp_group_joins G on G.pid = a.pid  WHERE (  1=1  ) ORDER BY time desc LIMIT 0,25   [ RunTime:0.0001s ]
INFO: [ view_parse ] --START--
INFO: [ template_filter ] --START--
INFO: Run Behavior\ContentReplaceBehavior [ RunTime:0.000087s ]
INFO: [ template_filter ] --END-- [ RunTime:0.000142s ]
INFO: Run Behavior\ParseTemplateBehavior [ RunTime:0.012315s ]
INFO: [ view_parse ] --END-- [ RunTime:0.012363s ]
INFO: [ view_filter ] --START--
INFO: Run Behavior\WriteHtmlCacheBehavior [ RunTime:0.000563s ]
INFO: [ view_filter ] --END-- [ RunTime:0.000598s ]
INFO: [ app_end ] --START--
INFO: Run Behavior\ShowPageTraceBehavior [ RunTime:0.000646s ]
INFO: [ app_end ] --END-- [ RunTime:0.000677s ]

[ 2017-12-07T12:10:09+08:00 ] ::1 /dev/index.php/Admin/GroupBuy/groupOpenList.html
INFO: [ app_init ] --START--
INFO: Run Behavior\BuildLiteBehavior [ RunTime:0.000009s ]
INFO: [ app_init ] --END-- [ RunTime:0.000043s ]
INFO: [ app_begin ] --START--
INFO: Run Behavior\ReadHtmlCacheBehavior [ RunTime:0.000426s ]
INFO: [ app_begin ] --END-- [ RunTime:0.000460s ]
NOTIC: [8] Use of undefined constant SESSION_PREFIX - assumed 'SESSION_PREFIX' /Applications/MAMP/htdocs/dev/Application/Admin/Controller/CommonController.class.php 第 27 行.
NOTIC: [8] A session had already been started - ignoring session_start() /Applications/MAMP/htdocs/dev/ThinkPHP/Common/functions.php 第 1263 行.
SQL: SHOW COLUMNS FROM `tp_menu` [ RunTime:0.0023s ]
SQL: SELECT * FROM `tp_menu` ORDER BY step asc  [ RunTime:0.0005s ]
SQL: SHOW COLUMNS FROM `tp_group_joins_open` [ RunTime:0.0021s ]
SQL: SELECT COUNT(*) AS tp_count FROM `tp_group_joins_open` WHERE (  1=1  ) LIMIT 1   [ RunTime:0.0001s ]
SQL: SELECT a.*,g.starttime,g.endtime,p.name,p.photo_x,u.uname,u.photo FROM tp_group_joins_open a LEFT JOIN tp_product p on p.id = a.pid LEFT JOIN tp_user u on u.id = a.uid LEFT JOIN tp_group_joins G on G.pid = a.pid  WHERE (  1=1  ) ORDER BY time desc LIMIT 0,25   [ RunTime:0.0002s ]
INFO: [ view_parse ] --START--
INFO: [ template_filter ] --START--
INFO: Run Behavior\ContentReplaceBehavior [ RunTime:0.000072s ]
INFO: [ template_filter ] --END-- [ RunTime:0.000114s ]
INFO: Run Behavior\ParseTemplateBehavior [ RunTime:0.012439s ]
INFO: [ view_parse ] --END-- [ RunTime:0.012486s ]
INFO: [ view_filter ] --START--
INFO: Run Behavior\WriteHtmlCacheBehavior [ RunTime:0.000184s ]
INFO: [ view_filter ] --END-- [ RunTime:0.000212s ]
INFO: [ app_end ] --START--
INFO: Run Behavior\ShowPageTraceBehavior [ RunTime:0.000512s ]
INFO: [ app_end ] --END-- [ RunTime:0.000542s ]

[ 2017-12-07T12:10:09+08:00 ] ::1 /dev/index.php/Admin/GroupBuy/groupOpenList.html
INFO: [ app_init ] --START--
INFO: Run Behavior\BuildLiteBehavior [ RunTime:0.000011s ]
INFO: [ app_init ] --END-- [ RunTime:0.000085s ]
INFO: [ app_begin ] --START--
INFO: Run Behavior\ReadHtmlCacheBehavior [ RunTime:0.000682s ]
INFO: [ app_begin ] --END-- [ RunTime:0.000710s ]
NOTIC: [8] Use of undefined constant SESSION_PREFIX - assumed 'SESSION_PREFIX' /Applications/MAMP/htdocs/dev/Application/Admin/Controller/CommonController.class.php 第 27 行.
NOTIC: [8] A session had already been started - ignoring session_start() /Applications/MAMP/htdocs/dev/ThinkPHP/Common/functions.php 第 1263 行.
SQL: SHOW COLUMNS FROM `tp_menu` [ RunTime:0.0071s ]
SQL: SELECT * FROM `tp_menu` ORDER BY step asc  [ RunTime:0.0003s ]
SQL: SHOW COLUMNS FROM `tp_group_joins_open` [ RunTime:0.0018s ]
SQL: SELECT COUNT(*) AS tp_count FROM `tp_group_joins_open` WHERE (  1=1  ) LIMIT 1   [ RunTime:0.0001s ]
SQL: SELECT a.*,g.starttime,g.endtime,p.name,p.photo_x,u.uname,u.photo FROM tp_group_joins_open a LEFT JOIN tp_product p on p.id = a.pid LEFT JOIN tp_user u on u.id = a.uid LEFT JOIN tp_group_joins G on G.pid = a.pid  WHERE (  1=1  ) ORDER BY time desc LIMIT 0,25   [ RunTime:0.0003s ]
INFO: [ view_parse ] --START--
INFO: [ template_filter ] --START--
INFO: Run Behavior\ContentReplaceBehavior [ RunTime:0.000105s ]
INFO: [ template_filter ] --END-- [ RunTime:0.000158s ]
INFO: Run Behavior\ParseTemplateBehavior [ RunTime:0.013639s ]
INFO: [ view_parse ] --END-- [ RunTime:0.013689s ]
INFO: [ view_filter ] --START--
INFO: Run Behavior\WriteHtmlCacheBehavior [ RunTime:0.000182s ]
INFO: [ view_filter ] --END-- [ RunTime:0.000210s ]
INFO: [ app_end ] --START--
INFO: Run Behavior\ShowPageTraceBehavior [ RunTime:0.000539s ]
INFO: [ app_end ] --END-- [ RunTime:0.000571s ]

[ 2017-12-07T12:10:09+08:00 ] ::1 /dev/index.php/Admin/GroupBuy/groupOpenList.html
INFO: [ app_init ] --START--
INFO: Run Behavior\BuildLiteBehavior [ RunTime:0.000010s ]
INFO: [ app_init ] --END-- [ RunTime:0.000043s ]
INFO: [ app_begin ] --START--
INFO: Run Behavior\ReadHtmlCacheBehavior [ RunTime:0.000366s ]
INFO: [ app_begin ] --END-- [ RunTime:0.000394s ]
NOTIC: [8] Use of undefined constant SESSION_PREFIX - assumed 'SESSION_PREFIX' /Applications/MAMP/htdocs/dev/Application/Admin/Controller/CommonController.class.php 第 27 行.
NOTIC: [8] A session had already been started - ignoring session_start() /Applications/MAMP/htdocs/dev/ThinkPHP/Common/functions.php 第 1263 行.
SQL: SHOW COLUMNS FROM `tp_menu` [ RunTime:0.0067s ]
SQL: SELECT * FROM `tp_menu` ORDER BY step asc  [ RunTime:0.0003s ]
SQL: SHOW COLUMNS FROM `tp_group_joins_open` [ RunTime:0.0026s ]
SQL: SELECT COUNT(*) AS tp_count FROM `tp_group_joins_open` WHERE (  1=1  ) LIMIT 1   [ RunTime:0.0001s ]
SQL: SELECT a.*,g.starttime,g.endtime,p.name,p.photo_x,u.uname,u.photo FROM tp_group_joins_open a LEFT JOIN tp_product p on p.id = a.pid LEFT JOIN tp_user u on u.id = a.uid LEFT JOIN tp_group_joins G on G.pid = a.pid  WHERE (  1=1  ) ORDER BY time desc LIMIT 0,25   [ RunTime:0.0002s ]
INFO: [ view_parse ] --START--
INFO: [ template_filter ] --START--
INFO: Run Behavior\ContentReplaceBehavior [ RunTime:0.000070s ]
INFO: [ template_filter ] --END-- [ RunTime:0.000145s ]
INFO: Run Behavior\ParseTemplateBehavior [ RunTime:0.011941s ]
INFO: [ view_parse ] --END-- [ RunTime:0.011990s ]
INFO: [ view_filter ] --START--
INFO: Run Behavior\WriteHtmlCacheBehavior [ RunTime:0.000325s ]
INFO: [ view_filter ] --END-- [ RunTime:0.000378s ]
INFO: [ app_end ] --START--
INFO: Run Behavior\ShowPageTraceBehavior [ RunTime:0.000621s ]
INFO: [ app_end ] --END-- [ RunTime:0.000660s ]

[ 2017-12-07T12:10:10+08:00 ] ::1 /dev/index.php/Admin/GroupBuy/groupOpenList.html
INFO: [ app_init ] --START--
INFO: Run Behavior\BuildLiteBehavior [ RunTime:0.000008s ]
INFO: [ app_init ] --END-- [ RunTime:0.000038s ]
INFO: [ app_begin ] --START--
INFO: Run Behavior\ReadHtmlCacheBehavior [ RunTime:0.000311s ]
INFO: [ app_begin ] --END-- [ RunTime:0.000335s ]
NOTIC: [8] Use of undefined constant SESSION_PREFIX - assumed 'SESSION_PREFIX' /Applications/MAMP/htdocs/dev/Application/Admin/Controller/CommonController.class.php 第 27 行.
NOTIC: [8] A session had already been started - ignoring session_start() /Applications/MAMP/htdocs/dev/ThinkPHP/Common/functions.php 第 1263 行.
SQL: SHOW COLUMNS FROM `tp_menu` [ RunTime:0.0072s ]
SQL: SELECT * FROM `tp_menu` ORDER BY step asc  [ RunTime:0.0003s ]
SQL: SHOW COLUMNS FROM `tp_group_joins_open` [ RunTime:0.0016s ]
SQL: SELECT COUNT(*) AS tp_count FROM `tp_group_joins_open` WHERE (  1=1  ) LIMIT 1   [ RunTime:0.0001s ]
SQL: SELECT a.*,g.starttime,g.endtime,p.name,p.photo_x,u.uname,u.photo FROM tp_group_joins_open a LEFT JOIN tp_product p on p.id = a.pid LEFT JOIN tp_user u on u.id = a.uid LEFT JOIN tp_group_joins G on G.pid = a.pid  WHERE (  1=1  ) ORDER BY time desc LIMIT 0,25   [ RunTime:0.0001s ]
INFO: [ view_parse ] --START--
INFO: [ template_filter ] --START--
INFO: Run Behavior\ContentReplaceBehavior [ RunTime:0.000072s ]
INFO: [ template_filter ] --END-- [ RunTime:0.000111s ]
INFO: Run Behavior\ParseTemplateBehavior [ RunTime:0.025358s ]
INFO: [ view_parse ] --END-- [ RunTime:0.025411s ]
INFO: [ view_filter ] --START--
INFO: Run Behavior\WriteHtmlCacheBehavior [ RunTime:0.000496s ]
INFO: [ view_filter ] --END-- [ RunTime:0.000548s ]
INFO: [ app_end ] --START--
INFO: Run Behavior\ShowPageTraceBehavior [ RunTime:0.000560s ]
INFO: [ app_end ] --END-- [ RunTime:0.000592s ]

