[ 2018-03-01T16:50:24+08:00 ] ::1 /wechat_shop_3.4/index.php/admin
INFO: [ app_init ] --START--
INFO: Run Behavior\BuildLiteBehavior [ RunTime:0.000318s ]
INFO: [ app_init ] --END-- [ RunTime:0.001012s ]
INFO: [ app_begin ] --START--
INFO: Run Behavior\ReadHtmlCacheBehavior [ RunTime:0.001080s ]
INFO: [ app_begin ] --END-- [ RunTime:0.001138s ]
NOTIC: [8] Use of undefined constant SESSION_PREFIX - assumed 'SESSION_PREFIX' /Applications/MAMP/htdocs/wechat_shop_3.4/Application/Admin/Controller/CommonController.class.php 第 27 行.
NOTIC: [8] A session had already been started - ignoring session_start() /Applications/MAMP/htdocs/wechat_shop_3.4/ThinkPHP/Common/functions.php 第 1263 行.
INFO: [ view_parse ] --START--
INFO: [ template_filter ] --START--
INFO: Run Behavior\ContentReplaceBehavior [ RunTime:0.000538s ]
INFO: [ template_filter ] --END-- [ RunTime:0.000630s ]
INFO: Run Behavior\ParseTemplateBehavior [ RunTime:0.017768s ]
INFO: [ view_parse ] --END-- [ RunTime:0.017819s ]
INFO: [ view_filter ] --START--
INFO: Run Behavior\WriteHtmlCacheBehavior [ RunTime:0.000431s ]
INFO: [ view_filter ] --END-- [ RunTime:0.000463s ]

[ 2018-03-01T16:50:25+08:00 ] ::1 /wechat_shop_3.4/index.php/Admin/Common/verify.html
INFO: [ app_init ] --START--
INFO: Run Behavior\BuildLiteBehavior [ RunTime:0.000009s ]
INFO: [ app_init ] --END-- [ RunTime:0.000041s ]
INFO: [ app_begin ] --START--
INFO: Run Behavior\ReadHtmlCacheBehavior [ RunTime:0.000451s ]
INFO: [ app_begin ] --END-- [ RunTime:0.000499s ]
NOTIC: [8] Use of undefined constant SESSION_PREFIX - assumed 'SESSION_PREFIX' /Applications/MAMP/htdocs/wechat_shop_3.4/Application/Admin/Controller/CommonController.class.php 第 27 行.
NOTIC: [8] A session had already been started - ignoring session_start() /Applications/MAMP/htdocs/wechat_shop_3.4/ThinkPHP/Common/functions.php 第 1263 行.
INFO: [ app_end ] --START--
INFO: Run Behavior\ShowPageTraceBehavior [ RunTime:0.000749s ]
INFO: [ app_end ] --END-- [ RunTime:0.000839s ]

