[ 2019-03-22T13:25:25+08:00 ] ::1 /wechat_shop/admin.php
INFO: [ app_init ] --START--
INFO: Run Behavior\BuildLiteBehavior [ RunTime:0.000075s ]
INFO: [ app_init ] --END-- [ RunTime:0.000391s ]
INFO: [ app_begin ] --START--
INFO: Run Behavior\ReadHtmlCacheBehavior [ RunTime:0.000163s ]
INFO: [ app_begin ] --END-- [ RunTime:0.000469s ]
NOTIC: [8] A session had already been started - ignoring session_start() /var/www/html/wechat_shop/ThinkPHP/Common/functions.php 第 1263 行.
INFO: [ view_parse ] --START--
INFO: [ template_filter ] --START--
INFO: Run Behavior\ContentReplaceBehavior [ RunTime:0.000222s ]
INFO: [ template_filter ] --END-- [ RunTime:0.000568s ]
INFO: Run Behavior\ParseTemplateBehavior [ RunTime:0.005997s ]
INFO: [ view_parse ] --END-- [ RunTime:0.006310s ]
INFO: [ view_filter ] --START--
INFO: Run Behavior\WriteHtmlCacheBehavior [ RunTime:0.001841s ]
INFO: [ view_filter ] --END-- [ RunTime:0.002159s ]

[ 2019-03-22T13:25:25+08:00 ] ::1 /wechat_shop/admin.php/Common/verify.html
INFO: [ app_init ] --START--
INFO: Run Behavior\BuildLiteBehavior [ RunTime:0.000038s ]
INFO: [ app_init ] --END-- [ RunTime:0.000196s ]
INFO: [ app_begin ] --START--
INFO: Run Behavior\ReadHtmlCacheBehavior [ RunTime:0.000076s ]
INFO: [ app_begin ] --END-- [ RunTime:0.000235s ]
NOTIC: [8] A session had already been started - ignoring session_start() /var/www/html/wechat_shop/ThinkPHP/Common/functions.php 第 1263 行.
INFO: [ app_end ] --START--
INFO: Run Behavior\ShowPageTraceBehavior [ RunTime:0.000096s ]
INFO: [ app_end ] --END-- [ RunTime:0.000234s ]

[ 2019-03-22T13:25:38+08:00 ] ::1 /wechat_shop/admin.php/Index/login.html
INFO: [ app_init ] --START--
INFO: Run Behavior\BuildLiteBehavior [ RunTime:0.000073s ]
INFO: [ app_init ] --END-- [ RunTime:0.000388s ]
INFO: [ app_begin ] --START--
INFO: Run Behavior\ReadHtmlCacheBehavior [ RunTime:0.000133s ]
INFO: [ app_begin ] --END-- [ RunTime:0.000436s ]
NOTIC: [8] A session had already been started - ignoring session_start() /var/www/html/wechat_shop/ThinkPHP/Common/functions.php 第 1263 行.
SQL: SHOW COLUMNS FROM `tp_admin` [ RunTime:0.0013s ]
SQL: SELECT * FROM `tp_admin` WHERE `uname` = 'admin' AND `pword` = '21232f297a57a5a743894a0e4a801fc3' LIMIT 1   [ RunTime:0.0062s ]

[ 2019-03-22T13:25:39+08:00 ] ::1 /wechat_shop/admin.php/Index/index.html
INFO: [ app_init ] --START--
INFO: Run Behavior\BuildLiteBehavior [ RunTime:0.000030s ]
INFO: [ app_init ] --END-- [ RunTime:0.000143s ]
INFO: [ app_begin ] --START--
INFO: Run Behavior\ReadHtmlCacheBehavior [ RunTime:0.000048s ]
INFO: [ app_begin ] --END-- [ RunTime:0.000140s ]
NOTIC: [8] A session had already been started - ignoring session_start() /var/www/html/wechat_shop/ThinkPHP/Common/functions.php 第 1263 行.
SQL: SHOW COLUMNS FROM `tp_menu` [ RunTime:0.0004s ]
SQL: SELECT * FROM `tp_menu` ORDER BY step asc  [ RunTime:0.0087s ]
INFO: [ view_parse ] --START--
INFO: [ template_filter ] --START--
INFO: Run Behavior\ContentReplaceBehavior [ RunTime:0.000254s ]
INFO: [ template_filter ] --END-- [ RunTime:0.000599s ]
INFO: Run Behavior\ParseTemplateBehavior [ RunTime:0.039943s ]
INFO: [ view_parse ] --END-- [ RunTime:0.040155s ]
INFO: [ view_filter ] --START--
INFO: Run Behavior\WriteHtmlCacheBehavior [ RunTime:0.000122s ]
INFO: [ view_filter ] --END-- [ RunTime:0.000328s ]
INFO: [ app_end ] --START--
INFO: Run Behavior\ShowPageTraceBehavior [ RunTime:0.000096s ]
INFO: [ app_end ] --END-- [ RunTime:0.000269s ]

[ 2019-03-22T13:25:39+08:00 ] ::1 /wechat_shop/admin.php/Index/welcome.html
INFO: [ app_init ] --START--
INFO: Run Behavior\BuildLiteBehavior [ RunTime:0.000036s ]
INFO: [ app_init ] --END-- [ RunTime:0.000186s ]
INFO: [ app_begin ] --START--
INFO: Run Behavior\ReadHtmlCacheBehavior [ RunTime:0.000055s ]
INFO: [ app_begin ] --END-- [ RunTime:0.000163s ]
NOTIC: [8] A session had already been started - ignoring session_start() /var/www/html/wechat_shop/ThinkPHP/Common/functions.php 第 1263 行.
SQL: SHOW COLUMNS FROM `tp_menu` [ RunTime:0.0004s ]
SQL: SELECT * FROM `tp_menu` ORDER BY step asc  [ RunTime:0.0003s ]
INFO: [ app_end ] --START--
INFO: Run Behavior\ShowPageTraceBehavior [ RunTime:0.000083s ]
INFO: [ app_end ] --END-- [ RunTime:0.000195s ]

[ 2019-03-22T13:25:41+08:00 ] ::1 /wechat_shop/admin.php/Product/add.html
INFO: [ app_init ] --START--
INFO: Run Behavior\BuildLiteBehavior [ RunTime:0.000083s ]
INFO: [ app_init ] --END-- [ RunTime:0.000458s ]
INFO: [ app_begin ] --START--
INFO: Run Behavior\ReadHtmlCacheBehavior [ RunTime:0.000146s ]
INFO: [ app_begin ] --END-- [ RunTime:0.000406s ]
NOTIC: [8] A session had already been started - ignoring session_start() /var/www/html/wechat_shop/ThinkPHP/Common/functions.php 第 1263 行.
SQL: SHOW COLUMNS FROM `tp_menu` [ RunTime:0.0006s ]
SQL: SELECT * FROM `tp_menu` ORDER BY step asc  [ RunTime:0.0004s ]
NOTIC: [8] Undefined index: id /var/www/html/wechat_shop/Application/Admin/Controller/ProductController.class.php 第 61 行.
NOTIC: [8] Undefined index: page /var/www/html/wechat_shop/Application/Admin/Controller/ProductController.class.php 第 62 行.
NOTIC: [8] Undefined index: name /var/www/html/wechat_shop/Application/Admin/Controller/ProductController.class.php 第 63 行.
NOTIC: [8] Undefined index: type /var/www/html/wechat_shop/Application/Admin/Controller/ProductController.class.php 第 64 行.
NOTIC: [8] Undefined index: submit /var/www/html/wechat_shop/Application/Admin/Controller/ProductController.class.php 第 66 行.
SQL: SHOW COLUMNS FROM `tp_category` [ RunTime:0.0005s ]
SQL: SELECT `id`,`name` FROM `tp_category` WHERE ( tid=1 )  [ RunTime:0.0081s ]
NOTIC: [2] Illegal string offset 'cid' /var/www/html/wechat_shop/Application/Admin/Controller/ProductController.class.php 第 227 行.
NOTIC: [8] Uninitialized string offset: 0 /var/www/html/wechat_shop/Application/Admin/Controller/ProductController.class.php 第 227 行.
SQL: SELECT `tid` FROM `tp_category` WHERE ( id=0 ) LIMIT 1   [ RunTime:0.0002s ]
NOTIC: [8] Undefined index: photo_string /var/www/html/wechat_shop/Application/Admin/Controller/ProductController.class.php 第 235 行.
SQL: SHOW COLUMNS FROM `tp_brand` [ RunTime:0.0004s ]
SQL: SELECT `id`,`name` FROM `tp_brand` WHERE ( 1=1 )  [ RunTime:0.0093s ]
NOTIC: [8] Undefined variable: shop_id /var/www/html/wechat_shop/Application/Admin/Controller/ProductController.class.php 第 252 行.
INFO: [ view_parse ] --START--
INFO: [ template_filter ] --START--
INFO: Run Behavior\ContentReplaceBehavior [ RunTime:0.000232s ]
INFO: [ template_filter ] --END-- [ RunTime:0.000381s ]
NOTIC: [8] Undefined variable: img /var/www/html/wechat_shop/Application/Runtime/Cache/Admin/8b641081e7ea680aaaea87475742484f.php 第 33 行.
NOTIC: [8] Undefined variable: img /var/www/html/wechat_shop/Application/Runtime/Cache/Admin/8b641081e7ea680aaaea87475742484f.php 第 33 行.
NOTIC: [8] Undefined variable: img /var/www/html/wechat_shop/Application/Runtime/Cache/Admin/8b641081e7ea680aaaea87475742484f.php 第 33 行.
NOTIC: [2] Division by zero /var/www/html/wechat_shop/Application/Runtime/Cache/Admin/8b641081e7ea680aaaea87475742484f.php 第 33 行.
NOTIC: [8] Undefined index: name /var/www/html/wechat_shop/Application/Runtime/Cache/Admin/8b641081e7ea680aaaea87475742484f.php 第 91 行.
NOTIC: [8] Undefined index: intro /var/www/html/wechat_shop/Application/Runtime/Cache/Admin/8b641081e7ea680aaaea87475742484f.php 第 98 行.
NOTIC: [8] Undefined variable: catetwo /var/www/html/wechat_shop/Application/Runtime/Cache/Admin/8b641081e7ea680aaaea87475742484f.php 第 113 行.
NOTIC: [8] Undefined index: brand_id /var/www/html/wechat_shop/Application/Runtime/Cache/Admin/8b641081e7ea680aaaea87475742484f.php 第 134 行.
NOTIC: [8] Undefined index: brand_id /var/www/html/wechat_shop/Application/Runtime/Cache/Admin/8b641081e7ea680aaaea87475742484f.php 第 134 行.
NOTIC: [8] Undefined index: company /var/www/html/wechat_shop/Application/Runtime/Cache/Admin/8b641081e7ea680aaaea87475742484f.php 第 145 行.
NOTIC: [8] Undefined index: price /var/www/html/wechat_shop/Application/Runtime/Cache/Admin/8b641081e7ea680aaaea87475742484f.php 第 155 行.
NOTIC: [8] Undefined index: price_yh /var/www/html/wechat_shop/Application/Runtime/Cache/Admin/8b641081e7ea680aaaea87475742484f.php 第 161 行.
NOTIC: [8] Undefined index: pro_number /var/www/html/wechat_shop/Application/Runtime/Cache/Admin/8b641081e7ea680aaaea87475742484f.php 第 169 行.
NOTIC: [8] Undefined index: num /var/www/html/wechat_shop/Application/Runtime/Cache/Admin/8b641081e7ea680aaaea87475742484f.php 第 177 行.
NOTIC: [8] Undefined index: photo_x /var/www/html/wechat_shop/Application/Runtime/Cache/Admin/8b641081e7ea680aaaea87475742484f.php 第 184 行.
NOTIC: [8] Undefined index: photo_d /var/www/html/wechat_shop/Application/Runtime/Cache/Admin/8b641081e7ea680aaaea87475742484f.php 第 195 行.
NOTIC: [8] Undefined variable: img_str /var/www/html/wechat_shop/Application/Runtime/Cache/Admin/8b641081e7ea680aaaea87475742484f.php 第 207 行.
NOTIC: [8] Undefined index: content /var/www/html/wechat_shop/Application/Runtime/Cache/Admin/8b641081e7ea680aaaea87475742484f.php 第 239 行.
NOTIC: [8] Undefined index: renqi /var/www/html/wechat_shop/Application/Runtime/Cache/Admin/8b641081e7ea680aaaea87475742484f.php 第 247 行.
NOTIC: [8] Undefined index: price_jf /var/www/html/wechat_shop/Application/Runtime/Cache/Admin/8b641081e7ea680aaaea87475742484f.php 第 254 行.
NOTIC: [8] Undefined index: sort /var/www/html/wechat_shop/Application/Runtime/Cache/Admin/8b641081e7ea680aaaea87475742484f.php 第 261 行.
NOTIC: [8] Undefined index: is_show /var/www/html/wechat_shop/Application/Runtime/Cache/Admin/8b641081e7ea680aaaea87475742484f.php 第 269 行.
NOTIC: [8] Undefined index: is_show /var/www/html/wechat_shop/Application/Runtime/Cache/Admin/8b641081e7ea680aaaea87475742484f.php 第 270 行.
NOTIC: [8] Undefined index: is_hot /var/www/html/wechat_shop/Application/Runtime/Cache/Admin/8b641081e7ea680aaaea87475742484f.php 第 277 行.
NOTIC: [8] Undefined index: is_hot /var/www/html/wechat_shop/Application/Runtime/Cache/Admin/8b641081e7ea680aaaea87475742484f.php 第 278 行.
NOTIC: [8] Undefined index: id /var/www/html/wechat_shop/Application/Runtime/Cache/Admin/8b641081e7ea680aaaea87475742484f.php 第 294 行.
INFO: Run Behavior\ParseTemplateBehavior [ RunTime:0.029754s ]
INFO: [ view_parse ] --END-- [ RunTime:0.029870s ]
INFO: [ view_filter ] --START--
INFO: Run Behavior\WriteHtmlCacheBehavior [ RunTime:0.000100s ]
INFO: [ view_filter ] --END-- [ RunTime:0.000225s ]
INFO: [ app_end ] --START--
INFO: Run Behavior\ShowPageTraceBehavior [ RunTime:0.000069s ]
INFO: [ app_end ] --END-- [ RunTime:0.000197s ]

[ 2019-03-22T13:25:43+08:00 ] ::1 /wechat_shop/admin.php/Product/index.html
INFO: [ app_init ] --START--
INFO: Run Behavior\BuildLiteBehavior [ RunTime:0.000062s ]
INFO: [ app_init ] --END-- [ RunTime:0.000345s ]
INFO: [ app_begin ] --START--
INFO: Run Behavior\ReadHtmlCacheBehavior [ RunTime:0.000138s ]
INFO: [ app_begin ] --END-- [ RunTime:0.000462s ]
NOTIC: [8] A session had already been started - ignoring session_start() /var/www/html/wechat_shop/ThinkPHP/Common/functions.php 第 1263 行.
SQL: SHOW COLUMNS FROM `tp_menu` [ RunTime:0.0011s ]
SQL: SELECT * FROM `tp_menu` ORDER BY step asc  [ RunTime:0.0008s ]
NOTIC: [8] Undefined index: id /var/www/html/wechat_shop/Application/Admin/Controller/ProductController.class.php 第 14 行.
NOTIC: [8] Undefined index: type /var/www/html/wechat_shop/Application/Admin/Controller/ProductController.class.php 第 17 行.
NOTIC: [8] Undefined index: tuijian /var/www/html/wechat_shop/Application/Admin/Controller/ProductController.class.php 第 18 行.
NOTIC: [8] Undefined index: name /var/www/html/wechat_shop/Application/Admin/Controller/ProductController.class.php 第 19 行.
SQL: SHOW COLUMNS FROM `tp_product` [ RunTime:0.0014s ]
SQL: SELECT COUNT(*) AS tp_count FROM `tp_product` WHERE ( 1=1 AND pro_type=1 AND del<1 ) LIMIT 1   [ RunTime:0.1126s ]
NOTIC: [8] Undefined index: page /var/www/html/wechat_shop/Application/Admin/Controller/ProductController.class.php 第 30 行.
SQL: SELECT * FROM `tp_product` WHERE ( 1=1 AND pro_type=1 AND del<1 ) ORDER BY addtime desc LIMIT 0,20   [ RunTime:0.0013s ]
SQL: SHOW COLUMNS FROM `tp_category` [ RunTime:0.0021s ]
SQL: SELECT `name` FROM `tp_category` WHERE ( id=14 ) LIMIT 1   [ RunTime:0.0004s ]
SQL: SELECT `name` FROM `tp_category` WHERE ( id=8 ) LIMIT 1   [ RunTime:0.0004s ]
SQL: SELECT `name` FROM `tp_category` WHERE ( id=9 ) LIMIT 1   [ RunTime:0.0003s ]
SQL: SELECT `name` FROM `tp_category` WHERE ( id=5 ) LIMIT 1   [ RunTime:0.0003s ]
SQL: SELECT `name` FROM `tp_category` WHERE ( id=5 ) LIMIT 1   [ RunTime:0.0003s ]
SQL: SELECT `name` FROM `tp_category` WHERE ( id=5 ) LIMIT 1   [ RunTime:0.0003s ]
SQL: SELECT `name` FROM `tp_category` WHERE ( id=11 ) LIMIT 1   [ RunTime:0.0003s ]
SQL: SELECT `name` FROM `tp_category` WHERE ( id=8 ) LIMIT 1   [ RunTime:0.0003s ]
INFO: [ view_parse ] --START--
INFO: [ template_filter ] --START--
INFO: Run Behavior\ContentReplaceBehavior [ RunTime:0.000348s ]
INFO: [ template_filter ] --END-- [ RunTime:0.000659s ]
NOTIC: [8] Undefined index: is_sale /var/www/html/wechat_shop/Application/Runtime/Cache/Admin/34e4b095905075aaede5ee9039415509.php 第 70 行.
NOTIC: [8] Undefined index: is_sale /var/www/html/wechat_shop/Application/Runtime/Cache/Admin/34e4b095905075aaede5ee9039415509.php 第 70 行.
NOTIC: [8] Undefined index: is_sale /var/www/html/wechat_shop/Application/Runtime/Cache/Admin/34e4b095905075aaede5ee9039415509.php 第 70 行.
NOTIC: [8] Undefined index: is_sale /var/www/html/wechat_shop/Application/Runtime/Cache/Admin/34e4b095905075aaede5ee9039415509.php 第 70 行.
NOTIC: [8] Undefined index: is_sale /var/www/html/wechat_shop/Application/Runtime/Cache/Admin/34e4b095905075aaede5ee9039415509.php 第 70 行.
NOTIC: [8] Undefined index: is_sale /var/www/html/wechat_shop/Application/Runtime/Cache/Admin/34e4b095905075aaede5ee9039415509.php 第 70 行.
NOTIC: [8] Undefined index: is_sale /var/www/html/wechat_shop/Application/Runtime/Cache/Admin/34e4b095905075aaede5ee9039415509.php 第 70 行.
NOTIC: [8] Undefined index: is_sale /var/www/html/wechat_shop/Application/Runtime/Cache/Admin/34e4b095905075aaede5ee9039415509.php 第 70 行.
INFO: Run Behavior\ParseTemplateBehavior [ RunTime:0.023490s ]
INFO: [ view_parse ] --END-- [ RunTime:0.023666s ]
INFO: [ view_filter ] --START--
INFO: Run Behavior\WriteHtmlCacheBehavior [ RunTime:0.000074s ]
INFO: [ view_filter ] --END-- [ RunTime:0.000178s ]
INFO: [ app_end ] --START--
INFO: Run Behavior\ShowPageTraceBehavior [ RunTime:0.000180s ]
INFO: [ app_end ] --END-- [ RunTime:0.000447s ]

[ 2019-03-22T13:25:44+08:00 ] ::1 /wechat_shop/admin.php/Product/add.html
INFO: [ app_init ] --START--
INFO: Run Behavior\BuildLiteBehavior [ RunTime:0.000063s ]
INFO: [ app_init ] --END-- [ RunTime:0.000341s ]
INFO: [ app_begin ] --START--
INFO: Run Behavior\ReadHtmlCacheBehavior [ RunTime:0.000144s ]
INFO: [ app_begin ] --END-- [ RunTime:0.000412s ]
NOTIC: [8] A session had already been started - ignoring session_start() /var/www/html/wechat_shop/ThinkPHP/Common/functions.php 第 1263 行.
SQL: SHOW COLUMNS FROM `tp_menu` [ RunTime:0.0008s ]
SQL: SELECT * FROM `tp_menu` ORDER BY step asc  [ RunTime:0.0006s ]
NOTIC: [8] Undefined index: id /var/www/html/wechat_shop/Application/Admin/Controller/ProductController.class.php 第 61 行.
NOTIC: [8] Undefined index: page /var/www/html/wechat_shop/Application/Admin/Controller/ProductController.class.php 第 62 行.
NOTIC: [8] Undefined index: name /var/www/html/wechat_shop/Application/Admin/Controller/ProductController.class.php 第 63 行.
NOTIC: [8] Undefined index: type /var/www/html/wechat_shop/Application/Admin/Controller/ProductController.class.php 第 64 行.
NOTIC: [8] Undefined index: submit /var/www/html/wechat_shop/Application/Admin/Controller/ProductController.class.php 第 66 行.
SQL: SHOW COLUMNS FROM `tp_category` [ RunTime:0.0009s ]
SQL: SELECT `id`,`name` FROM `tp_category` WHERE ( tid=1 )  [ RunTime:0.0003s ]
NOTIC: [2] Illegal string offset 'cid' /var/www/html/wechat_shop/Application/Admin/Controller/ProductController.class.php 第 227 行.
NOTIC: [8] Uninitialized string offset: 0 /var/www/html/wechat_shop/Application/Admin/Controller/ProductController.class.php 第 227 行.
SQL: SELECT `tid` FROM `tp_category` WHERE ( id=0 ) LIMIT 1   [ RunTime:0.0003s ]
NOTIC: [8] Undefined index: photo_string /var/www/html/wechat_shop/Application/Admin/Controller/ProductController.class.php 第 235 行.
SQL: SHOW COLUMNS FROM `tp_brand` [ RunTime:0.0008s ]
SQL: SELECT `id`,`name` FROM `tp_brand` WHERE ( 1=1 )  [ RunTime:0.0003s ]
NOTIC: [8] Undefined variable: shop_id /var/www/html/wechat_shop/Application/Admin/Controller/ProductController.class.php 第 252 行.
INFO: [ view_parse ] --START--
INFO: [ template_filter ] --START--
INFO: Run Behavior\ContentReplaceBehavior [ RunTime:0.000447s ]
INFO: [ template_filter ] --END-- [ RunTime:0.000725s ]
NOTIC: [8] Undefined variable: img /var/www/html/wechat_shop/Application/Runtime/Cache/Admin/8b641081e7ea680aaaea87475742484f.php 第 33 行.
NOTIC: [8] Undefined variable: img /var/www/html/wechat_shop/Application/Runtime/Cache/Admin/8b641081e7ea680aaaea87475742484f.php 第 33 行.
NOTIC: [8] Undefined variable: img /var/www/html/wechat_shop/Application/Runtime/Cache/Admin/8b641081e7ea680aaaea87475742484f.php 第 33 行.
NOTIC: [2] Division by zero /var/www/html/wechat_shop/Application/Runtime/Cache/Admin/8b641081e7ea680aaaea87475742484f.php 第 33 行.
NOTIC: [8] Undefined index: name /var/www/html/wechat_shop/Application/Runtime/Cache/Admin/8b641081e7ea680aaaea87475742484f.php 第 91 行.
NOTIC: [8] Undefined index: intro /var/www/html/wechat_shop/Application/Runtime/Cache/Admin/8b641081e7ea680aaaea87475742484f.php 第 98 行.
NOTIC: [8] Undefined variable: catetwo /var/www/html/wechat_shop/Application/Runtime/Cache/Admin/8b641081e7ea680aaaea87475742484f.php 第 113 行.
NOTIC: [8] Undefined index: brand_id /var/www/html/wechat_shop/Application/Runtime/Cache/Admin/8b641081e7ea680aaaea87475742484f.php 第 134 行.
NOTIC: [8] Undefined index: brand_id /var/www/html/wechat_shop/Application/Runtime/Cache/Admin/8b641081e7ea680aaaea87475742484f.php 第 134 行.
NOTIC: [8] Undefined index: company /var/www/html/wechat_shop/Application/Runtime/Cache/Admin/8b641081e7ea680aaaea87475742484f.php 第 145 行.
NOTIC: [8] Undefined index: price /var/www/html/wechat_shop/Application/Runtime/Cache/Admin/8b641081e7ea680aaaea87475742484f.php 第 155 行.
NOTIC: [8] Undefined index: price_yh /var/www/html/wechat_shop/Application/Runtime/Cache/Admin/8b641081e7ea680aaaea87475742484f.php 第 161 行.
NOTIC: [8] Undefined index: pro_number /var/www/html/wechat_shop/Application/Runtime/Cache/Admin/8b641081e7ea680aaaea87475742484f.php 第 169 行.
NOTIC: [8] Undefined index: num /var/www/html/wechat_shop/Application/Runtime/Cache/Admin/8b641081e7ea680aaaea87475742484f.php 第 177 行.
NOTIC: [8] Undefined index: photo_x /var/www/html/wechat_shop/Application/Runtime/Cache/Admin/8b641081e7ea680aaaea87475742484f.php 第 184 行.
NOTIC: [8] Undefined index: photo_d /var/www/html/wechat_shop/Application/Runtime/Cache/Admin/8b641081e7ea680aaaea87475742484f.php 第 195 行.
NOTIC: [8] Undefined variable: img_str /var/www/html/wechat_shop/Application/Runtime/Cache/Admin/8b641081e7ea680aaaea87475742484f.php 第 207 行.
NOTIC: [8] Undefined index: content /var/www/html/wechat_shop/Application/Runtime/Cache/Admin/8b641081e7ea680aaaea87475742484f.php 第 239 行.
NOTIC: [8] Undefined index: renqi /var/www/html/wechat_shop/Application/Runtime/Cache/Admin/8b641081e7ea680aaaea87475742484f.php 第 247 行.
NOTIC: [8] Undefined index: price_jf /var/www/html/wechat_shop/Application/Runtime/Cache/Admin/8b641081e7ea680aaaea87475742484f.php 第 254 行.
NOTIC: [8] Undefined index: sort /var/www/html/wechat_shop/Application/Runtime/Cache/Admin/8b641081e7ea680aaaea87475742484f.php 第 261 行.
NOTIC: [8] Undefined index: is_show /var/www/html/wechat_shop/Application/Runtime/Cache/Admin/8b641081e7ea680aaaea87475742484f.php 第 269 行.
NOTIC: [8] Undefined index: is_show /var/www/html/wechat_shop/Application/Runtime/Cache/Admin/8b641081e7ea680aaaea87475742484f.php 第 270 行.
NOTIC: [8] Undefined index: is_hot /var/www/html/wechat_shop/Application/Runtime/Cache/Admin/8b641081e7ea680aaaea87475742484f.php 第 277 行.
NOTIC: [8] Undefined index: is_hot /var/www/html/wechat_shop/Application/Runtime/Cache/Admin/8b641081e7ea680aaaea87475742484f.php 第 278 行.
NOTIC: [8] Undefined index: id /var/www/html/wechat_shop/Application/Runtime/Cache/Admin/8b641081e7ea680aaaea87475742484f.php 第 294 行.
INFO: Run Behavior\ParseTemplateBehavior [ RunTime:0.018977s ]
INFO: [ view_parse ] --END-- [ RunTime:0.019201s ]
INFO: [ view_filter ] --START--
INFO: Run Behavior\WriteHtmlCacheBehavior [ RunTime:0.000107s ]
INFO: [ view_filter ] --END-- [ RunTime:0.000280s ]
INFO: [ app_end ] --START--
INFO: Run Behavior\ShowPageTraceBehavior [ RunTime:0.000096s ]
INFO: [ app_end ] --END-- [ RunTime:0.000271s ]

[ 2019-03-22T13:25:48+08:00 ] ::1 /wechat_shop/admin.php/Category/add.html
INFO: [ app_init ] --START--
INFO: Run Behavior\BuildLiteBehavior [ RunTime:0.000069s ]
INFO: [ app_init ] --END-- [ RunTime:0.000380s ]
INFO: [ app_begin ] --START--
INFO: Run Behavior\ReadHtmlCacheBehavior [ RunTime:0.000169s ]
INFO: [ app_begin ] --END-- [ RunTime:0.000472s ]
SQL: SHOW COLUMNS FROM `tp_category` [ RunTime:0.0013s ]
SQL: SELECT `id`,`tid`,`name`,`bz_2`,`bz_4` FROM `tp_category` WHERE ( tid=0 AND bz_4<2 ) ORDER BY sort asc,id asc  [ RunTime:0.0006s ]
SQL: SELECT `id`,`tid`,`name`,`bz_2`,`sort` FROM `tp_category` WHERE ( tid=1 ) ORDER BY sort asc,id asc  [ RunTime:0.0005s ]
SQL: SELECT `id`,`tid`,`name`,`bz_2`,`sort` FROM `tp_category` WHERE ( tid=2 ) ORDER BY sort asc,id asc  [ RunTime:0.0005s ]
SQL: SELECT `id`,`tid`,`name`,`bz_2`,`sort` FROM `tp_category` WHERE ( tid=3 ) ORDER BY sort asc,id asc  [ RunTime:0.0005s ]
SQL: SELECT `id`,`tid`,`name`,`bz_2`,`sort` FROM `tp_category` WHERE ( tid=10 ) ORDER BY sort asc,id asc  [ RunTime:0.0006s ]
SQL: SELECT `id`,`tid`,`name`,`bz_2`,`sort` FROM `tp_category` WHERE ( tid=13 ) ORDER BY sort asc,id asc  [ RunTime:0.0005s ]
NOTIC: [8] A session had already been started - ignoring session_start() /var/www/html/wechat_shop/ThinkPHP/Common/functions.php 第 1263 行.
SQL: SHOW COLUMNS FROM `tp_menu` [ RunTime:0.0011s ]
SQL: SELECT * FROM `tp_menu` ORDER BY step asc  [ RunTime:0.0007s ]
NOTIC: [8] Undefined index: cid /var/www/html/wechat_shop/Application/Admin/Controller/CategoryController.class.php 第 41 行.
INFO: [ view_parse ] --START--
INFO: [ template_filter ] --START--
INFO: Run Behavior\ContentReplaceBehavior [ RunTime:0.000314s ]
INFO: [ template_filter ] --END-- [ RunTime:0.000704s ]
NOTIC: [8] Undefined variable: cate_info /var/www/html/wechat_shop/Application/Runtime/Cache/Admin/95612c4b24bfa83d0c6f94203c668e18.php 第 38 行.
NOTIC: [8] Undefined variable: cate_info /var/www/html/wechat_shop/Application/Runtime/Cache/Admin/95612c4b24bfa83d0c6f94203c668e18.php 第 41 行.
NOTIC: [8] Undefined variable: cate_info /var/www/html/wechat_shop/Application/Runtime/Cache/Admin/95612c4b24bfa83d0c6f94203c668e18.php 第 41 行.
NOTIC: [8] Undefined variable: cate_info /var/www/html/wechat_shop/Application/Runtime/Cache/Admin/95612c4b24bfa83d0c6f94203c668e18.php 第 41 行.
NOTIC: [8] Undefined variable: cate_info /var/www/html/wechat_shop/Application/Runtime/Cache/Admin/95612c4b24bfa83d0c6f94203c668e18.php 第 41 行.
NOTIC: [8] Undefined variable: cate_info /var/www/html/wechat_shop/Application/Runtime/Cache/Admin/95612c4b24bfa83d0c6f94203c668e18.php 第 51 行.
NOTIC: [8] Undefined variable: cate_info /var/www/html/wechat_shop/Application/Runtime/Cache/Admin/95612c4b24bfa83d0c6f94203c668e18.php 第 57 行.
NOTIC: [8] Undefined variable: cate_info /var/www/html/wechat_shop/Application/Runtime/Cache/Admin/95612c4b24bfa83d0c6f94203c668e18.php 第 58 行.
NOTIC: [8] Undefined variable: cate_info /var/www/html/wechat_shop/Application/Runtime/Cache/Admin/95612c4b24bfa83d0c6f94203c668e18.php 第 68 行.
NOTIC: [8] Undefined variable: cate_info /var/www/html/wechat_shop/Application/Runtime/Cache/Admin/95612c4b24bfa83d0c6f94203c668e18.php 第 75 行.
NOTIC: [8] Undefined variable: cate_info /var/www/html/wechat_shop/Application/Runtime/Cache/Admin/95612c4b24bfa83d0c6f94203c668e18.php 第 82 行.
INFO: Run Behavior\ParseTemplateBehavior [ RunTime:0.027662s ]
INFO: [ view_parse ] --END-- [ RunTime:0.027944s ]
INFO: [ view_filter ] --START--
INFO: Run Behavior\WriteHtmlCacheBehavior [ RunTime:0.000167s ]
INFO: [ view_filter ] --END-- [ RunTime:0.000419s ]
INFO: [ app_end ] --START--
INFO: Run Behavior\ShowPageTraceBehavior [ RunTime:0.000137s ]
INFO: [ app_end ] --END-- [ RunTime:0.000391s ]

[ 2019-03-22T13:25:49+08:00 ] ::1 /wechat_shop/admin.php/Category/index.html
INFO: [ app_init ] --START--
INFO: Run Behavior\BuildLiteBehavior [ RunTime:0.000071s ]
INFO: [ app_init ] --END-- [ RunTime:0.000419s ]
INFO: [ app_begin ] --START--
INFO: Run Behavior\ReadHtmlCacheBehavior [ RunTime:0.000181s ]
INFO: [ app_begin ] --END-- [ RunTime:0.000481s ]
SQL: SHOW COLUMNS FROM `tp_category` [ RunTime:0.0011s ]
SQL: SELECT `id`,`tid`,`name`,`bz_2`,`bz_4` FROM `tp_category` WHERE ( tid=0 AND bz_4<2 ) ORDER BY sort asc,id asc  [ RunTime:0.0006s ]
SQL: SELECT `id`,`tid`,`name`,`bz_2`,`sort` FROM `tp_category` WHERE ( tid=1 ) ORDER BY sort asc,id asc  [ RunTime:0.0005s ]
SQL: SELECT `id`,`tid`,`name`,`bz_2`,`sort` FROM `tp_category` WHERE ( tid=2 ) ORDER BY sort asc,id asc  [ RunTime:0.0005s ]
SQL: SELECT `id`,`tid`,`name`,`bz_2`,`sort` FROM `tp_category` WHERE ( tid=3 ) ORDER BY sort asc,id asc  [ RunTime:0.0006s ]
SQL: SELECT `id`,`tid`,`name`,`bz_2`,`sort` FROM `tp_category` WHERE ( tid=10 ) ORDER BY sort asc,id asc  [ RunTime:0.0007s ]
SQL: SELECT `id`,`tid`,`name`,`bz_2`,`sort` FROM `tp_category` WHERE ( tid=13 ) ORDER BY sort asc,id asc  [ RunTime:0.0005s ]
NOTIC: [8] A session had already been started - ignoring session_start() /var/www/html/wechat_shop/ThinkPHP/Common/functions.php 第 1263 行.
SQL: SHOW COLUMNS FROM `tp_menu` [ RunTime:0.0011s ]
SQL: SELECT * FROM `tp_menu` ORDER BY step asc  [ RunTime:0.0005s ]
INFO: [ view_parse ] --START--
INFO: [ template_filter ] --START--
INFO: Run Behavior\ContentReplaceBehavior [ RunTime:0.000184s ]
INFO: [ template_filter ] --END-- [ RunTime:0.000422s ]
NOTIC: [8] Undefined variable: name /var/www/html/wechat_shop/Application/Runtime/Cache/Admin/9bfef0f9f473c596f668b6c9a32bfd5c.php 第 28 行.
NOTIC: [8] Undefined variable: tel /var/www/html/wechat_shop/Application/Runtime/Cache/Admin/9bfef0f9f473c596f668b6c9a32bfd5c.php 第 28 行.
INFO: Run Behavior\ParseTemplateBehavior [ RunTime:0.031639s ]
INFO: [ view_parse ] --END-- [ RunTime:0.031857s ]
INFO: [ view_filter ] --START--
INFO: Run Behavior\WriteHtmlCacheBehavior [ RunTime:0.000121s ]
INFO: [ view_filter ] --END-- [ RunTime:0.000309s ]
INFO: [ app_end ] --START--
INFO: Run Behavior\ShowPageTraceBehavior [ RunTime:0.000096s ]
INFO: [ app_end ] --END-- [ RunTime:0.000285s ]

[ 2019-03-22T13:25:52+08:00 ] ::1 /wechat_shop/admin.php/Category/add.html
INFO: [ app_init ] --START--
INFO: Run Behavior\BuildLiteBehavior [ RunTime:0.000071s ]
INFO: [ app_init ] --END-- [ RunTime:0.000379s ]
INFO: [ app_begin ] --START--
INFO: Run Behavior\ReadHtmlCacheBehavior [ RunTime:0.000159s ]
INFO: [ app_begin ] --END-- [ RunTime:0.000458s ]
SQL: SHOW COLUMNS FROM `tp_category` [ RunTime:0.0011s ]
SQL: SELECT `id`,`tid`,`name`,`bz_2`,`bz_4` FROM `tp_category` WHERE ( tid=0 AND bz_4<2 ) ORDER BY sort asc,id asc  [ RunTime:0.0005s ]
SQL: SELECT `id`,`tid`,`name`,`bz_2`,`sort` FROM `tp_category` WHERE ( tid=1 ) ORDER BY sort asc,id asc  [ RunTime:0.0005s ]
SQL: SELECT `id`,`tid`,`name`,`bz_2`,`sort` FROM `tp_category` WHERE ( tid=2 ) ORDER BY sort asc,id asc  [ RunTime:0.0005s ]
SQL: SELECT `id`,`tid`,`name`,`bz_2`,`sort` FROM `tp_category` WHERE ( tid=3 ) ORDER BY sort asc,id asc  [ RunTime:0.0005s ]
SQL: SELECT `id`,`tid`,`name`,`bz_2`,`sort` FROM `tp_category` WHERE ( tid=10 ) ORDER BY sort asc,id asc  [ RunTime:0.0005s ]
SQL: SELECT `id`,`tid`,`name`,`bz_2`,`sort` FROM `tp_category` WHERE ( tid=13 ) ORDER BY sort asc,id asc  [ RunTime:0.0005s ]
NOTIC: [8] A session had already been started - ignoring session_start() /var/www/html/wechat_shop/ThinkPHP/Common/functions.php 第 1263 行.
SQL: SHOW COLUMNS FROM `tp_menu` [ RunTime:0.0009s ]
SQL: SELECT * FROM `tp_menu` ORDER BY step asc  [ RunTime:0.0006s ]
NOTIC: [8] Undefined index: cid /var/www/html/wechat_shop/Application/Admin/Controller/CategoryController.class.php 第 41 行.
INFO: [ view_parse ] --START--
INFO: [ template_filter ] --START--
INFO: Run Behavior\ContentReplaceBehavior [ RunTime:0.000302s ]
INFO: [ template_filter ] --END-- [ RunTime:0.000578s ]
NOTIC: [8] Undefined variable: cate_info /var/www/html/wechat_shop/Application/Runtime/Cache/Admin/95612c4b24bfa83d0c6f94203c668e18.php 第 38 行.
NOTIC: [8] Undefined variable: cate_info /var/www/html/wechat_shop/Application/Runtime/Cache/Admin/95612c4b24bfa83d0c6f94203c668e18.php 第 41 行.
NOTIC: [8] Undefined variable: cate_info /var/www/html/wechat_shop/Application/Runtime/Cache/Admin/95612c4b24bfa83d0c6f94203c668e18.php 第 41 行.
NOTIC: [8] Undefined variable: cate_info /var/www/html/wechat_shop/Application/Runtime/Cache/Admin/95612c4b24bfa83d0c6f94203c668e18.php 第 41 行.
NOTIC: [8] Undefined variable: cate_info /var/www/html/wechat_shop/Application/Runtime/Cache/Admin/95612c4b24bfa83d0c6f94203c668e18.php 第 41 行.
NOTIC: [8] Undefined variable: cate_info /var/www/html/wechat_shop/Application/Runtime/Cache/Admin/95612c4b24bfa83d0c6f94203c668e18.php 第 51 行.
NOTIC: [8] Undefined variable: cate_info /var/www/html/wechat_shop/Application/Runtime/Cache/Admin/95612c4b24bfa83d0c6f94203c668e18.php 第 57 行.
NOTIC: [8] Undefined variable: cate_info /var/www/html/wechat_shop/Application/Runtime/Cache/Admin/95612c4b24bfa83d0c6f94203c668e18.php 第 58 行.
NOTIC: [8] Undefined variable: cate_info /var/www/html/wechat_shop/Application/Runtime/Cache/Admin/95612c4b24bfa83d0c6f94203c668e18.php 第 68 行.
NOTIC: [8] Undefined variable: cate_info /var/www/html/wechat_shop/Application/Runtime/Cache/Admin/95612c4b24bfa83d0c6f94203c668e18.php 第 75 行.
NOTIC: [8] Undefined variable: cate_info /var/www/html/wechat_shop/Application/Runtime/Cache/Admin/95612c4b24bfa83d0c6f94203c668e18.php 第 82 行.
INFO: Run Behavior\ParseTemplateBehavior [ RunTime:0.014157s ]
INFO: [ view_parse ] --END-- [ RunTime:0.014424s ]
INFO: [ view_filter ] --START--
INFO: Run Behavior\WriteHtmlCacheBehavior [ RunTime:0.000159s ]
INFO: [ view_filter ] --END-- [ RunTime:0.000410s ]
INFO: [ app_end ] --START--
INFO: Run Behavior\ShowPageTraceBehavior [ RunTime:0.000133s ]
INFO: [ app_end ] --END-- [ RunTime:0.000385s ]

[ 2019-03-22T13:25:53+08:00 ] ::1 /wechat_shop/admin.php/Category/index.html
INFO: [ app_init ] --START--
INFO: Run Behavior\BuildLiteBehavior [ RunTime:0.000070s ]
INFO: [ app_init ] --END-- [ RunTime:0.000388s ]
INFO: [ app_begin ] --START--
INFO: Run Behavior\ReadHtmlCacheBehavior [ RunTime:0.000150s ]
INFO: [ app_begin ] --END-- [ RunTime:0.000448s ]
SQL: SHOW COLUMNS FROM `tp_category` [ RunTime:0.0015s ]
SQL: SELECT `id`,`tid`,`name`,`bz_2`,`bz_4` FROM `tp_category` WHERE ( tid=0 AND bz_4<2 ) ORDER BY sort asc,id asc  [ RunTime:0.0008s ]
SQL: SELECT `id`,`tid`,`name`,`bz_2`,`sort` FROM `tp_category` WHERE ( tid=1 ) ORDER BY sort asc,id asc  [ RunTime:0.0006s ]
SQL: SELECT `id`,`tid`,`name`,`bz_2`,`sort` FROM `tp_category` WHERE ( tid=2 ) ORDER BY sort asc,id asc  [ RunTime:0.0005s ]
SQL: SELECT `id`,`tid`,`name`,`bz_2`,`sort` FROM `tp_category` WHERE ( tid=3 ) ORDER BY sort asc,id asc  [ RunTime:0.0006s ]
SQL: SELECT `id`,`tid`,`name`,`bz_2`,`sort` FROM `tp_category` WHERE ( tid=10 ) ORDER BY sort asc,id asc  [ RunTime:0.0005s ]
SQL: SELECT `id`,`tid`,`name`,`bz_2`,`sort` FROM `tp_category` WHERE ( tid=13 ) ORDER BY sort asc,id asc  [ RunTime:0.0006s ]
NOTIC: [8] A session had already been started - ignoring session_start() /var/www/html/wechat_shop/ThinkPHP/Common/functions.php 第 1263 行.
SQL: SHOW COLUMNS FROM `tp_menu` [ RunTime:0.0013s ]
SQL: SELECT * FROM `tp_menu` ORDER BY step asc  [ RunTime:0.0008s ]
INFO: [ view_parse ] --START--
INFO: [ template_filter ] --START--
INFO: Run Behavior\ContentReplaceBehavior [ RunTime:0.000171s ]
INFO: [ template_filter ] --END-- [ RunTime:0.000369s ]
NOTIC: [8] Undefined variable: name /var/www/html/wechat_shop/Application/Runtime/Cache/Admin/9bfef0f9f473c596f668b6c9a32bfd5c.php 第 28 行.
NOTIC: [8] Undefined variable: tel /var/www/html/wechat_shop/Application/Runtime/Cache/Admin/9bfef0f9f473c596f668b6c9a32bfd5c.php 第 28 行.
INFO: Run Behavior\ParseTemplateBehavior [ RunTime:0.015321s ]
INFO: [ view_parse ] --END-- [ RunTime:0.015513s ]
INFO: [ view_filter ] --START--
INFO: Run Behavior\WriteHtmlCacheBehavior [ RunTime:0.000068s ]
INFO: [ view_filter ] --END-- [ RunTime:0.000176s ]
INFO: [ app_end ] --START--
INFO: Run Behavior\ShowPageTraceBehavior [ RunTime:0.000055s ]
INFO: [ app_end ] --END-- [ RunTime:0.000163s ]

[ 2019-03-22T13:25:56+08:00 ] ::1 /wechat_shop/admin.php/Category/add.html
INFO: [ app_init ] --START--
INFO: Run Behavior\BuildLiteBehavior [ RunTime:0.000031s ]
INFO: [ app_init ] --END-- [ RunTime:0.000162s ]
INFO: [ app_begin ] --START--
INFO: Run Behavior\ReadHtmlCacheBehavior [ RunTime:0.000068s ]
INFO: [ app_begin ] --END-- [ RunTime:0.000197s ]
SQL: SHOW COLUMNS FROM `tp_category` [ RunTime:0.0004s ]
SQL: SELECT `id`,`tid`,`name`,`bz_2`,`bz_4` FROM `tp_category` WHERE ( tid=0 AND bz_4<2 ) ORDER BY sort asc,id asc  [ RunTime:0.0002s ]
SQL: SELECT `id`,`tid`,`name`,`bz_2`,`sort` FROM `tp_category` WHERE ( tid=1 ) ORDER BY sort asc,id asc  [ RunTime:0.0002s ]
SQL: SELECT `id`,`tid`,`name`,`bz_2`,`sort` FROM `tp_category` WHERE ( tid=2 ) ORDER BY sort asc,id asc  [ RunTime:0.0002s ]
SQL: SELECT `id`,`tid`,`name`,`bz_2`,`sort` FROM `tp_category` WHERE ( tid=3 ) ORDER BY sort asc,id asc  [ RunTime:0.0002s ]
SQL: SELECT `id`,`tid`,`name`,`bz_2`,`sort` FROM `tp_category` WHERE ( tid=10 ) ORDER BY sort asc,id asc  [ RunTime:0.0001s ]
SQL: SELECT `id`,`tid`,`name`,`bz_2`,`sort` FROM `tp_category` WHERE ( tid=13 ) ORDER BY sort asc,id asc  [ RunTime:0.0002s ]
NOTIC: [8] A session had already been started - ignoring session_start() /var/www/html/wechat_shop/ThinkPHP/Common/functions.php 第 1263 行.
SQL: SHOW COLUMNS FROM `tp_menu` [ RunTime:0.0004s ]
SQL: SELECT * FROM `tp_menu` ORDER BY step asc  [ RunTime:0.0003s ]
NOTIC: [8] Undefined index: cid /var/www/html/wechat_shop/Application/Admin/Controller/CategoryController.class.php 第 41 行.
INFO: [ view_parse ] --START--
INFO: [ template_filter ] --START--
INFO: Run Behavior\ContentReplaceBehavior [ RunTime:0.000133s ]
INFO: [ template_filter ] --END-- [ RunTime:0.000270s ]
NOTIC: [8] Undefined variable: cate_info /var/www/html/wechat_shop/Application/Runtime/Cache/Admin/95612c4b24bfa83d0c6f94203c668e18.php 第 38 行.
NOTIC: [8] Undefined variable: cate_info /var/www/html/wechat_shop/Application/Runtime/Cache/Admin/95612c4b24bfa83d0c6f94203c668e18.php 第 41 行.
NOTIC: [8] Undefined variable: cate_info /var/www/html/wechat_shop/Application/Runtime/Cache/Admin/95612c4b24bfa83d0c6f94203c668e18.php 第 41 行.
NOTIC: [8] Undefined variable: cate_info /var/www/html/wechat_shop/Application/Runtime/Cache/Admin/95612c4b24bfa83d0c6f94203c668e18.php 第 41 行.
NOTIC: [8] Undefined variable: cate_info /var/www/html/wechat_shop/Application/Runtime/Cache/Admin/95612c4b24bfa83d0c6f94203c668e18.php 第 41 行.
NOTIC: [8] Undefined variable: cate_info /var/www/html/wechat_shop/Application/Runtime/Cache/Admin/95612c4b24bfa83d0c6f94203c668e18.php 第 51 行.
NOTIC: [8] Undefined variable: cate_info /var/www/html/wechat_shop/Application/Runtime/Cache/Admin/95612c4b24bfa83d0c6f94203c668e18.php 第 57 行.
NOTIC: [8] Undefined variable: cate_info /var/www/html/wechat_shop/Application/Runtime/Cache/Admin/95612c4b24bfa83d0c6f94203c668e18.php 第 58 行.
NOTIC: [8] Undefined variable: cate_info /var/www/html/wechat_shop/Application/Runtime/Cache/Admin/95612c4b24bfa83d0c6f94203c668e18.php 第 68 行.
NOTIC: [8] Undefined variable: cate_info /var/www/html/wechat_shop/Application/Runtime/Cache/Admin/95612c4b24bfa83d0c6f94203c668e18.php 第 75 行.
NOTIC: [8] Undefined variable: cate_info /var/www/html/wechat_shop/Application/Runtime/Cache/Admin/95612c4b24bfa83d0c6f94203c668e18.php 第 82 行.
INFO: Run Behavior\ParseTemplateBehavior [ RunTime:0.006868s ]
INFO: [ view_parse ] --END-- [ RunTime:0.006976s ]
INFO: [ view_filter ] --START--
INFO: Run Behavior\WriteHtmlCacheBehavior [ RunTime:0.000053s ]
INFO: [ view_filter ] --END-- [ RunTime:0.000137s ]
INFO: [ app_end ] --START--
INFO: Run Behavior\ShowPageTraceBehavior [ RunTime:0.000045s ]
INFO: [ app_end ] --END-- [ RunTime:0.000130s ]

[ 2019-03-22T13:25:58+08:00 ] ::1 /wechat_shop/admin.php/Brand/add.html
INFO: [ app_init ] --START--
INFO: Run Behavior\BuildLiteBehavior [ RunTime:0.000071s ]
INFO: [ app_init ] --END-- [ RunTime:0.000382s ]
INFO: [ app_begin ] --START--
INFO: Run Behavior\ReadHtmlCacheBehavior [ RunTime:0.000146s ]
INFO: [ app_begin ] --END-- [ RunTime:0.000446s ]
SQL: SHOW COLUMNS FROM `tp_brand` [ RunTime:0.0010s ]
NOTIC: [8] A session had already been started - ignoring session_start() /var/www/html/wechat_shop/ThinkPHP/Common/functions.php 第 1263 行.
SQL: SHOW COLUMNS FROM `tp_menu` [ RunTime:0.0010s ]
SQL: SELECT * FROM `tp_menu` ORDER BY step asc  [ RunTime:0.0007s ]
NOTIC: [8] Undefined index: id /var/www/html/wechat_shop/Application/Admin/Controller/BrandController.class.php 第 61 行.
INFO: [ view_parse ] --START--
INFO: [ template_filter ] --START--
INFO: Run Behavior\ContentReplaceBehavior [ RunTime:0.000281s ]
INFO: [ template_filter ] --END-- [ RunTime:0.000621s ]
NOTIC: [8] Undefined variable: brand_info /var/www/html/wechat_shop/Application/Runtime/Cache/Admin/2fce6a7d963c556d360aa105ea7d9de4.php 第 36 行.
NOTIC: [8] Undefined variable: brand_info /var/www/html/wechat_shop/Application/Runtime/Cache/Admin/2fce6a7d963c556d360aa105ea7d9de4.php 第 50 行.
INFO: Run Behavior\ParseTemplateBehavior [ RunTime:0.007544s ]
INFO: [ view_parse ] --END-- [ RunTime:0.007841s ]
INFO: [ view_filter ] --START--
INFO: Run Behavior\WriteHtmlCacheBehavior [ RunTime:0.000156s ]
INFO: [ view_filter ] --END-- [ RunTime:0.000431s ]
INFO: [ app_end ] --START--
INFO: Run Behavior\ShowPageTraceBehavior [ RunTime:0.000142s ]
INFO: [ app_end ] --END-- [ RunTime:0.000423s ]

[ 2019-03-22T13:25:59+08:00 ] ::1 /wechat_shop/admin.php/Brand/index.html
INFO: [ app_init ] --START--
INFO: Run Behavior\BuildLiteBehavior [ RunTime:0.000022s ]
INFO: [ app_init ] --END-- [ RunTime:0.000118s ]
INFO: [ app_begin ] --START--
INFO: Run Behavior\ReadHtmlCacheBehavior [ RunTime:0.000046s ]
INFO: [ app_begin ] --END-- [ RunTime:0.000139s ]
SQL: SHOW COLUMNS FROM `tp_brand` [ RunTime:0.0005s ]
NOTIC: [8] A session had already been started - ignoring session_start() /var/www/html/wechat_shop/ThinkPHP/Common/functions.php 第 1263 行.
SQL: SHOW COLUMNS FROM `tp_menu` [ RunTime:0.0012s ]
SQL: SELECT * FROM `tp_menu` ORDER BY step asc  [ RunTime:0.0003s ]
NOTIC: [8] Undefined index: brand_name /var/www/html/wechat_shop/Application/Admin/Controller/BrandController.class.php 第 21 行.
SQL: SELECT COUNT(*) AS tp_count FROM `tp_brand` LIMIT 1   [ RunTime:0.0001s ]
SQL: SELECT * FROM `tp_brand` LIMIT 0,20   [ RunTime:0.0001s ]
INFO: [ view_parse ] --START--
INFO: [ template_filter ] --START--
INFO: Run Behavior\ContentReplaceBehavior [ RunTime:0.000284s ]
INFO: [ template_filter ] --END-- [ RunTime:0.000621s ]
NOTIC: [8] Undefined variable: name /var/www/html/wechat_shop/Application/Runtime/Cache/Admin/2a38b4b7be29a02b1e37409ba1a585bd.php 第 33 行.
INFO: Run Behavior\ParseTemplateBehavior [ RunTime:0.095732s ]
INFO: [ view_parse ] --END-- [ RunTime:0.095944s ]
INFO: [ view_filter ] --START--
INFO: Run Behavior\WriteHtmlCacheBehavior [ RunTime:0.000170s ]
INFO: [ view_filter ] --END-- [ RunTime:0.000451s ]
INFO: [ app_end ] --START--
INFO: Run Behavior\ShowPageTraceBehavior [ RunTime:0.000140s ]
INFO: [ app_end ] --END-- [ RunTime:0.000443s ]

[ 2019-03-22T13:26:00+08:00 ] ::1 /wechat_shop/admin.php/Brand/add.html
INFO: [ app_init ] --START--
INFO: Run Behavior\BuildLiteBehavior [ RunTime:0.000022s ]
INFO: [ app_init ] --END-- [ RunTime:0.000115s ]
INFO: [ app_begin ] --START--
INFO: Run Behavior\ReadHtmlCacheBehavior [ RunTime:0.000046s ]
INFO: [ app_begin ] --END-- [ RunTime:0.000136s ]
SQL: SHOW COLUMNS FROM `tp_brand` [ RunTime:0.0005s ]
NOTIC: [8] A session had already been started - ignoring session_start() /var/www/html/wechat_shop/ThinkPHP/Common/functions.php 第 1263 行.
SQL: SHOW COLUMNS FROM `tp_menu` [ RunTime:0.0004s ]
SQL: SELECT * FROM `tp_menu` ORDER BY step asc  [ RunTime:0.0003s ]
NOTIC: [8] Undefined index: id /var/www/html/wechat_shop/Application/Admin/Controller/BrandController.class.php 第 61 行.
INFO: [ view_parse ] --START--
INFO: [ template_filter ] --START--
INFO: Run Behavior\ContentReplaceBehavior [ RunTime:0.000073s ]
INFO: [ template_filter ] --END-- [ RunTime:0.000163s ]
NOTIC: [8] Undefined variable: brand_info /var/www/html/wechat_shop/Application/Runtime/Cache/Admin/2fce6a7d963c556d360aa105ea7d9de4.php 第 36 行.
NOTIC: [8] Undefined variable: brand_info /var/www/html/wechat_shop/Application/Runtime/Cache/Admin/2fce6a7d963c556d360aa105ea7d9de4.php 第 50 行.
INFO: Run Behavior\ParseTemplateBehavior [ RunTime:0.001749s ]
INFO: [ view_parse ] --END-- [ RunTime:0.001836s ]
INFO: [ view_filter ] --START--
INFO: Run Behavior\WriteHtmlCacheBehavior [ RunTime:0.000048s ]
INFO: [ view_filter ] --END-- [ RunTime:0.000130s ]
INFO: [ app_end ] --START--
INFO: Run Behavior\ShowPageTraceBehavior [ RunTime:0.000063s ]
INFO: [ app_end ] --END-- [ RunTime:0.000173s ]

[ 2019-03-22T13:26:04+08:00 ] ::1 /wechat_shop/admin.php/Product/add.html
INFO: [ app_init ] --START--
INFO: Run Behavior\BuildLiteBehavior [ RunTime:0.000047s ]
INFO: [ app_init ] --END-- [ RunTime:0.000248s ]
INFO: [ app_begin ] --START--
INFO: Run Behavior\ReadHtmlCacheBehavior [ RunTime:0.000109s ]
INFO: [ app_begin ] --END-- [ RunTime:0.000279s ]
NOTIC: [8] A session had already been started - ignoring session_start() /var/www/html/wechat_shop/ThinkPHP/Common/functions.php 第 1263 行.
SQL: SHOW COLUMNS FROM `tp_menu` [ RunTime:0.0006s ]
SQL: SELECT * FROM `tp_menu` ORDER BY step asc  [ RunTime:0.0003s ]
NOTIC: [8] Undefined index: id /var/www/html/wechat_shop/Application/Admin/Controller/ProductController.class.php 第 61 行.
NOTIC: [8] Undefined index: page /var/www/html/wechat_shop/Application/Admin/Controller/ProductController.class.php 第 62 行.
NOTIC: [8] Undefined index: name /var/www/html/wechat_shop/Application/Admin/Controller/ProductController.class.php 第 63 行.
NOTIC: [8] Undefined index: type /var/www/html/wechat_shop/Application/Admin/Controller/ProductController.class.php 第 64 行.
NOTIC: [8] Undefined index: submit /var/www/html/wechat_shop/Application/Admin/Controller/ProductController.class.php 第 66 行.
SQL: SHOW COLUMNS FROM `tp_category` [ RunTime:0.0004s ]
SQL: SELECT `id`,`name` FROM `tp_category` WHERE ( tid=1 )  [ RunTime:0.0002s ]
NOTIC: [2] Illegal string offset 'cid' /var/www/html/wechat_shop/Application/Admin/Controller/ProductController.class.php 第 227 行.
NOTIC: [8] Uninitialized string offset: 0 /var/www/html/wechat_shop/Application/Admin/Controller/ProductController.class.php 第 227 行.
SQL: SELECT `tid` FROM `tp_category` WHERE ( id=0 ) LIMIT 1   [ RunTime:0.0001s ]
NOTIC: [8] Undefined index: photo_string /var/www/html/wechat_shop/Application/Admin/Controller/ProductController.class.php 第 235 行.
SQL: SHOW COLUMNS FROM `tp_brand` [ RunTime:0.0004s ]
SQL: SELECT `id`,`name` FROM `tp_brand` WHERE ( 1=1 )  [ RunTime:0.0002s ]
NOTIC: [8] Undefined variable: shop_id /var/www/html/wechat_shop/Application/Admin/Controller/ProductController.class.php 第 252 行.
INFO: [ view_parse ] --START--
INFO: [ template_filter ] --START--
INFO: Run Behavior\ContentReplaceBehavior [ RunTime:0.000165s ]
INFO: [ template_filter ] --END-- [ RunTime:0.000271s ]
NOTIC: [8] Undefined variable: img /var/www/html/wechat_shop/Application/Runtime/Cache/Admin/8b641081e7ea680aaaea87475742484f.php 第 33 行.
NOTIC: [8] Undefined variable: img /var/www/html/wechat_shop/Application/Runtime/Cache/Admin/8b641081e7ea680aaaea87475742484f.php 第 33 行.
NOTIC: [8] Undefined variable: img /var/www/html/wechat_shop/Application/Runtime/Cache/Admin/8b641081e7ea680aaaea87475742484f.php 第 33 行.
NOTIC: [2] Division by zero /var/www/html/wechat_shop/Application/Runtime/Cache/Admin/8b641081e7ea680aaaea87475742484f.php 第 33 行.
NOTIC: [8] Undefined index: name /var/www/html/wechat_shop/Application/Runtime/Cache/Admin/8b641081e7ea680aaaea87475742484f.php 第 91 行.
NOTIC: [8] Undefined index: intro /var/www/html/wechat_shop/Application/Runtime/Cache/Admin/8b641081e7ea680aaaea87475742484f.php 第 98 行.
NOTIC: [8] Undefined variable: catetwo /var/www/html/wechat_shop/Application/Runtime/Cache/Admin/8b641081e7ea680aaaea87475742484f.php 第 113 行.
NOTIC: [8] Undefined index: brand_id /var/www/html/wechat_shop/Application/Runtime/Cache/Admin/8b641081e7ea680aaaea87475742484f.php 第 134 行.
NOTIC: [8] Undefined index: brand_id /var/www/html/wechat_shop/Application/Runtime/Cache/Admin/8b641081e7ea680aaaea87475742484f.php 第 134 行.
NOTIC: [8] Undefined index: company /var/www/html/wechat_shop/Application/Runtime/Cache/Admin/8b641081e7ea680aaaea87475742484f.php 第 145 行.
NOTIC: [8] Undefined index: price /var/www/html/wechat_shop/Application/Runtime/Cache/Admin/8b641081e7ea680aaaea87475742484f.php 第 155 行.
NOTIC: [8] Undefined index: price_yh /var/www/html/wechat_shop/Application/Runtime/Cache/Admin/8b641081e7ea680aaaea87475742484f.php 第 161 行.
NOTIC: [8] Undefined index: pro_number /var/www/html/wechat_shop/Application/Runtime/Cache/Admin/8b641081e7ea680aaaea87475742484f.php 第 169 行.
NOTIC: [8] Undefined index: num /var/www/html/wechat_shop/Application/Runtime/Cache/Admin/8b641081e7ea680aaaea87475742484f.php 第 177 行.
NOTIC: [8] Undefined index: photo_x /var/www/html/wechat_shop/Application/Runtime/Cache/Admin/8b641081e7ea680aaaea87475742484f.php 第 184 行.
NOTIC: [8] Undefined index: photo_d /var/www/html/wechat_shop/Application/Runtime/Cache/Admin/8b641081e7ea680aaaea87475742484f.php 第 195 行.
NOTIC: [8] Undefined variable: img_str /var/www/html/wechat_shop/Application/Runtime/Cache/Admin/8b641081e7ea680aaaea87475742484f.php 第 207 行.
NOTIC: [8] Undefined index: content /var/www/html/wechat_shop/Application/Runtime/Cache/Admin/8b641081e7ea680aaaea87475742484f.php 第 239 行.
NOTIC: [8] Undefined index: renqi /var/www/html/wechat_shop/Application/Runtime/Cache/Admin/8b641081e7ea680aaaea87475742484f.php 第 247 行.
NOTIC: [8] Undefined index: price_jf /var/www/html/wechat_shop/Application/Runtime/Cache/Admin/8b641081e7ea680aaaea87475742484f.php 第 254 行.
NOTIC: [8] Undefined index: sort /var/www/html/wechat_shop/Application/Runtime/Cache/Admin/8b641081e7ea680aaaea87475742484f.php 第 261 行.
NOTIC: [8] Undefined index: is_show /var/www/html/wechat_shop/Application/Runtime/Cache/Admin/8b641081e7ea680aaaea87475742484f.php 第 269 行.
NOTIC: [8] Undefined index: is_show /var/www/html/wechat_shop/Application/Runtime/Cache/Admin/8b641081e7ea680aaaea87475742484f.php 第 270 行.
NOTIC: [8] Undefined index: is_hot /var/www/html/wechat_shop/Application/Runtime/Cache/Admin/8b641081e7ea680aaaea87475742484f.php 第 277 行.
NOTIC: [8] Undefined index: is_hot /var/www/html/wechat_shop/Application/Runtime/Cache/Admin/8b641081e7ea680aaaea87475742484f.php 第 278 行.
NOTIC: [8] Undefined index: id /var/www/html/wechat_shop/Application/Runtime/Cache/Admin/8b641081e7ea680aaaea87475742484f.php 第 294 行.
INFO: Run Behavior\ParseTemplateBehavior [ RunTime:0.007360s ]
INFO: [ view_parse ] --END-- [ RunTime:0.007462s ]
INFO: [ view_filter ] --START--
INFO: Run Behavior\WriteHtmlCacheBehavior [ RunTime:0.000052s ]
INFO: [ view_filter ] --END-- [ RunTime:0.000142s ]
INFO: [ app_end ] --START--
INFO: Run Behavior\ShowPageTraceBehavior [ RunTime:0.000045s ]
INFO: [ app_end ] --END-- [ RunTime:0.000130s ]

[ 2019-03-22T13:26:05+08:00 ] ::1 /wechat_shop/admin.php/Product/index.html
INFO: [ app_init ] --START--
INFO: Run Behavior\BuildLiteBehavior [ RunTime:0.000104s ]
INFO: [ app_init ] --END-- [ RunTime:0.000498s ]
INFO: [ app_begin ] --START--
INFO: Run Behavior\ReadHtmlCacheBehavior [ RunTime:0.000185s ]
INFO: [ app_begin ] --END-- [ RunTime:0.000563s ]
NOTIC: [8] A session had already been started - ignoring session_start() /var/www/html/wechat_shop/ThinkPHP/Common/functions.php 第 1263 行.
SQL: SHOW COLUMNS FROM `tp_menu` [ RunTime:0.0010s ]
SQL: SELECT * FROM `tp_menu` ORDER BY step asc  [ RunTime:0.0007s ]
NOTIC: [8] Undefined index: id /var/www/html/wechat_shop/Application/Admin/Controller/ProductController.class.php 第 14 行.
NOTIC: [8] Undefined index: type /var/www/html/wechat_shop/Application/Admin/Controller/ProductController.class.php 第 17 行.
NOTIC: [8] Undefined index: tuijian /var/www/html/wechat_shop/Application/Admin/Controller/ProductController.class.php 第 18 行.
NOTIC: [8] Undefined index: name /var/www/html/wechat_shop/Application/Admin/Controller/ProductController.class.php 第 19 行.
SQL: SHOW COLUMNS FROM `tp_product` [ RunTime:0.0012s ]
SQL: SELECT COUNT(*) AS tp_count FROM `tp_product` WHERE ( 1=1 AND pro_type=1 AND del<1 ) LIMIT 1   [ RunTime:0.0006s ]
NOTIC: [8] Undefined index: page /var/www/html/wechat_shop/Application/Admin/Controller/ProductController.class.php 第 30 行.
SQL: SELECT * FROM `tp_product` WHERE ( 1=1 AND pro_type=1 AND del<1 ) ORDER BY addtime desc LIMIT 0,20   [ RunTime:0.0008s ]
SQL: SHOW COLUMNS FROM `tp_category` [ RunTime:0.0010s ]
SQL: SELECT `name` FROM `tp_category` WHERE ( id=14 ) LIMIT 1   [ RunTime:0.0004s ]
SQL: SELECT `name` FROM `tp_category` WHERE ( id=8 ) LIMIT 1   [ RunTime:0.0004s ]
SQL: SELECT `name` FROM `tp_category` WHERE ( id=9 ) LIMIT 1   [ RunTime:0.0004s ]
SQL: SELECT `name` FROM `tp_category` WHERE ( id=5 ) LIMIT 1   [ RunTime:0.0005s ]
SQL: SELECT `name` FROM `tp_category` WHERE ( id=5 ) LIMIT 1   [ RunTime:0.0004s ]
SQL: SELECT `name` FROM `tp_category` WHERE ( id=5 ) LIMIT 1   [ RunTime:0.0004s ]
SQL: SELECT `name` FROM `tp_category` WHERE ( id=11 ) LIMIT 1   [ RunTime:0.0004s ]
SQL: SELECT `name` FROM `tp_category` WHERE ( id=8 ) LIMIT 1   [ RunTime:0.0004s ]
INFO: [ view_parse ] --START--
INFO: [ template_filter ] --START--
INFO: Run Behavior\ContentReplaceBehavior [ RunTime:0.000217s ]
INFO: [ template_filter ] --END-- [ RunTime:0.000412s ]
NOTIC: [8] Undefined index: is_sale /var/www/html/wechat_shop/Application/Runtime/Cache/Admin/34e4b095905075aaede5ee9039415509.php 第 70 行.
NOTIC: [8] Undefined index: is_sale /var/www/html/wechat_shop/Application/Runtime/Cache/Admin/34e4b095905075aaede5ee9039415509.php 第 70 行.
NOTIC: [8] Undefined index: is_sale /var/www/html/wechat_shop/Application/Runtime/Cache/Admin/34e4b095905075aaede5ee9039415509.php 第 70 行.
NOTIC: [8] Undefined index: is_sale /var/www/html/wechat_shop/Application/Runtime/Cache/Admin/34e4b095905075aaede5ee9039415509.php 第 70 行.
NOTIC: [8] Undefined index: is_sale /var/www/html/wechat_shop/Application/Runtime/Cache/Admin/34e4b095905075aaede5ee9039415509.php 第 70 行.
NOTIC: [8] Undefined index: is_sale /var/www/html/wechat_shop/Application/Runtime/Cache/Admin/34e4b095905075aaede5ee9039415509.php 第 70 行.
NOTIC: [8] Undefined index: is_sale /var/www/html/wechat_shop/Application/Runtime/Cache/Admin/34e4b095905075aaede5ee9039415509.php 第 70 行.
NOTIC: [8] Undefined index: is_sale /var/www/html/wechat_shop/Application/Runtime/Cache/Admin/34e4b095905075aaede5ee9039415509.php 第 70 行.
INFO: Run Behavior\ParseTemplateBehavior [ RunTime:0.017405s ]
INFO: [ view_parse ] --END-- [ RunTime:0.017589s ]
INFO: [ view_filter ] --START--
INFO: Run Behavior\WriteHtmlCacheBehavior [ RunTime:0.000061s ]
INFO: [ view_filter ] --END-- [ RunTime:0.000169s ]
INFO: [ app_end ] --START--
INFO: Run Behavior\ShowPageTraceBehavior [ RunTime:0.000059s ]
INFO: [ app_end ] --END-- [ RunTime:0.000174s ]

[ 2019-03-22T13:26:07+08:00 ] ::1 /wechat_shop/admin.php/Product/add.html
INFO: [ app_init ] --START--
INFO: Run Behavior\BuildLiteBehavior [ RunTime:0.000070s ]
INFO: [ app_init ] --END-- [ RunTime:0.000379s ]
INFO: [ app_begin ] --START--
INFO: Run Behavior\ReadHtmlCacheBehavior [ RunTime:0.000154s ]
INFO: [ app_begin ] --END-- [ RunTime:0.000453s ]
NOTIC: [8] A session had already been started - ignoring session_start() /var/www/html/wechat_shop/ThinkPHP/Common/functions.php 第 1263 行.
SQL: SHOW COLUMNS FROM `tp_menu` [ RunTime:0.0011s ]
SQL: SELECT * FROM `tp_menu` ORDER BY step asc  [ RunTime:0.0007s ]
NOTIC: [8] Undefined index: id /var/www/html/wechat_shop/Application/Admin/Controller/ProductController.class.php 第 61 行.
NOTIC: [8] Undefined index: page /var/www/html/wechat_shop/Application/Admin/Controller/ProductController.class.php 第 62 行.
NOTIC: [8] Undefined index: name /var/www/html/wechat_shop/Application/Admin/Controller/ProductController.class.php 第 63 行.
NOTIC: [8] Undefined index: type /var/www/html/wechat_shop/Application/Admin/Controller/ProductController.class.php 第 64 行.
NOTIC: [8] Undefined index: submit /var/www/html/wechat_shop/Application/Admin/Controller/ProductController.class.php 第 66 行.
SQL: SHOW COLUMNS FROM `tp_category` [ RunTime:0.0010s ]
SQL: SELECT `id`,`name` FROM `tp_category` WHERE ( tid=1 )  [ RunTime:0.0005s ]
NOTIC: [2] Illegal string offset 'cid' /var/www/html/wechat_shop/Application/Admin/Controller/ProductController.class.php 第 227 行.
NOTIC: [8] Uninitialized string offset: 0 /var/www/html/wechat_shop/Application/Admin/Controller/ProductController.class.php 第 227 行.
SQL: SELECT `tid` FROM `tp_category` WHERE ( id=0 ) LIMIT 1   [ RunTime:0.0005s ]
NOTIC: [8] Undefined index: photo_string /var/www/html/wechat_shop/Application/Admin/Controller/ProductController.class.php 第 235 行.
SQL: SHOW COLUMNS FROM `tp_brand` [ RunTime:0.0010s ]
SQL: SELECT `id`,`name` FROM `tp_brand` WHERE ( 1=1 )  [ RunTime:0.0004s ]
NOTIC: [8] Undefined variable: shop_id /var/www/html/wechat_shop/Application/Admin/Controller/ProductController.class.php 第 252 行.
INFO: [ view_parse ] --START--
INFO: [ template_filter ] --START--
INFO: Run Behavior\ContentReplaceBehavior [ RunTime:0.000450s ]
INFO: [ template_filter ] --END-- [ RunTime:0.000726s ]
NOTIC: [8] Undefined variable: img /var/www/html/wechat_shop/Application/Runtime/Cache/Admin/8b641081e7ea680aaaea87475742484f.php 第 33 行.
NOTIC: [8] Undefined variable: img /var/www/html/wechat_shop/Application/Runtime/Cache/Admin/8b641081e7ea680aaaea87475742484f.php 第 33 行.
NOTIC: [8] Undefined variable: img /var/www/html/wechat_shop/Application/Runtime/Cache/Admin/8b641081e7ea680aaaea87475742484f.php 第 33 行.
NOTIC: [2] Division by zero /var/www/html/wechat_shop/Application/Runtime/Cache/Admin/8b641081e7ea680aaaea87475742484f.php 第 33 行.
NOTIC: [8] Undefined index: name /var/www/html/wechat_shop/Application/Runtime/Cache/Admin/8b641081e7ea680aaaea87475742484f.php 第 91 行.
NOTIC: [8] Undefined index: intro /var/www/html/wechat_shop/Application/Runtime/Cache/Admin/8b641081e7ea680aaaea87475742484f.php 第 98 行.
NOTIC: [8] Undefined variable: catetwo /var/www/html/wechat_shop/Application/Runtime/Cache/Admin/8b641081e7ea680aaaea87475742484f.php 第 113 行.
NOTIC: [8] Undefined index: brand_id /var/www/html/wechat_shop/Application/Runtime/Cache/Admin/8b641081e7ea680aaaea87475742484f.php 第 134 行.
NOTIC: [8] Undefined index: brand_id /var/www/html/wechat_shop/Application/Runtime/Cache/Admin/8b641081e7ea680aaaea87475742484f.php 第 134 行.
NOTIC: [8] Undefined index: company /var/www/html/wechat_shop/Application/Runtime/Cache/Admin/8b641081e7ea680aaaea87475742484f.php 第 145 行.
NOTIC: [8] Undefined index: price /var/www/html/wechat_shop/Application/Runtime/Cache/Admin/8b641081e7ea680aaaea87475742484f.php 第 155 行.
NOTIC: [8] Undefined index: price_yh /var/www/html/wechat_shop/Application/Runtime/Cache/Admin/8b641081e7ea680aaaea87475742484f.php 第 161 行.
NOTIC: [8] Undefined index: pro_number /var/www/html/wechat_shop/Application/Runtime/Cache/Admin/8b641081e7ea680aaaea87475742484f.php 第 169 行.
NOTIC: [8] Undefined index: num /var/www/html/wechat_shop/Application/Runtime/Cache/Admin/8b641081e7ea680aaaea87475742484f.php 第 177 行.
NOTIC: [8] Undefined index: photo_x /var/www/html/wechat_shop/Application/Runtime/Cache/Admin/8b641081e7ea680aaaea87475742484f.php 第 184 行.
NOTIC: [8] Undefined index: photo_d /var/www/html/wechat_shop/Application/Runtime/Cache/Admin/8b641081e7ea680aaaea87475742484f.php 第 195 行.
NOTIC: [8] Undefined variable: img_str /var/www/html/wechat_shop/Application/Runtime/Cache/Admin/8b641081e7ea680aaaea87475742484f.php 第 207 行.
NOTIC: [8] Undefined index: content /var/www/html/wechat_shop/Application/Runtime/Cache/Admin/8b641081e7ea680aaaea87475742484f.php 第 239 行.
NOTIC: [8] Undefined index: renqi /var/www/html/wechat_shop/Application/Runtime/Cache/Admin/8b641081e7ea680aaaea87475742484f.php 第 247 行.
NOTIC: [8] Undefined index: price_jf /var/www/html/wechat_shop/Application/Runtime/Cache/Admin/8b641081e7ea680aaaea87475742484f.php 第 254 行.
NOTIC: [8] Undefined index: sort /var/www/html/wechat_shop/Application/Runtime/Cache/Admin/8b641081e7ea680aaaea87475742484f.php 第 261 行.
NOTIC: [8] Undefined index: is_show /var/www/html/wechat_shop/Application/Runtime/Cache/Admin/8b641081e7ea680aaaea87475742484f.php 第 269 行.
NOTIC: [8] Undefined index: is_show /var/www/html/wechat_shop/Application/Runtime/Cache/Admin/8b641081e7ea680aaaea87475742484f.php 第 270 行.
NOTIC: [8] Undefined index: is_hot /var/www/html/wechat_shop/Application/Runtime/Cache/Admin/8b641081e7ea680aaaea87475742484f.php 第 277 行.
NOTIC: [8] Undefined index: is_hot /var/www/html/wechat_shop/Application/Runtime/Cache/Admin/8b641081e7ea680aaaea87475742484f.php 第 278 行.
NOTIC: [8] Undefined index: id /var/www/html/wechat_shop/Application/Runtime/Cache/Admin/8b641081e7ea680aaaea87475742484f.php 第 294 行.
INFO: Run Behavior\ParseTemplateBehavior [ RunTime:0.019811s ]
INFO: [ view_parse ] --END-- [ RunTime:0.020035s ]
INFO: [ view_filter ] --START--
INFO: Run Behavior\WriteHtmlCacheBehavior [ RunTime:0.000102s ]
INFO: [ view_filter ] --END-- [ RunTime:0.000273s ]
INFO: [ app_end ] --START--
INFO: Run Behavior\ShowPageTraceBehavior [ RunTime:0.000092s ]
INFO: [ app_end ] --END-- [ RunTime:0.000267s ]

[ 2019-03-22T13:26:49+08:00 ] ::1 /wechat_shop/index.php/Admin
INFO: [ app_init ] --START--
INFO: Run Behavior\BuildLiteBehavior [ RunTime:0.000085s ]
INFO: [ app_init ] --END-- [ RunTime:0.000548s ]
INFO: [ app_begin ] --START--
INFO: Run Behavior\ReadHtmlCacheBehavior [ RunTime:0.000212s ]
INFO: [ app_begin ] --END-- [ RunTime:0.000589s ]
NOTIC: [8] Use of undefined constant SESSION_PREFIX - assumed 'SESSION_PREFIX' /var/www/html/wechat_shop/Application/Admin/Controller/CommonController.class.php 第 27 行.
NOTIC: [8] A session had already been started - ignoring session_start() /var/www/html/wechat_shop/ThinkPHP/Common/functions.php 第 1263 行.
INFO: [ view_parse ] --START--
INFO: [ template_filter ] --START--
INFO: Run Behavior\ContentReplaceBehavior [ RunTime:0.000212s ]
INFO: [ template_filter ] --END-- [ RunTime:0.000535s ]
INFO: Run Behavior\ParseTemplateBehavior [ RunTime:0.005606s ]
INFO: [ view_parse ] --END-- [ RunTime:0.005955s ]
INFO: [ view_filter ] --START--
INFO: Run Behavior\WriteHtmlCacheBehavior [ RunTime:0.000245s ]
INFO: [ view_filter ] --END-- [ RunTime:0.000613s ]

[ 2019-03-22T13:26:49+08:00 ] ::1 /wechat_shop/index.php/Admin/Common/verify.html
INFO: [ app_init ] --START--
INFO: Run Behavior\BuildLiteBehavior [ RunTime:0.000023s ]
INFO: [ app_init ] --END-- [ RunTime:0.000122s ]
INFO: [ app_begin ] --START--
INFO: Run Behavior\ReadHtmlCacheBehavior [ RunTime:0.000054s ]
INFO: [ app_begin ] --END-- [ RunTime:0.000156s ]
NOTIC: [8] Use of undefined constant SESSION_PREFIX - assumed 'SESSION_PREFIX' /var/www/html/wechat_shop/Application/Admin/Controller/CommonController.class.php 第 27 行.
NOTIC: [8] A session had already been started - ignoring session_start() /var/www/html/wechat_shop/ThinkPHP/Common/functions.php 第 1263 行.
INFO: [ app_end ] --START--
INFO: Run Behavior\ShowPageTraceBehavior [ RunTime:0.000071s ]
INFO: [ app_end ] --END-- [ RunTime:0.000185s ]

[ 2019-03-22T13:26:56+08:00 ] ::1 /wechat_shop/index.php/Admin
INFO: [ app_init ] --START--
INFO: Run Behavior\BuildLiteBehavior [ RunTime:0.000066s ]
INFO: [ app_init ] --END-- [ RunTime:0.000300s ]
INFO: [ app_begin ] --START--
INFO: Run Behavior\ReadHtmlCacheBehavior [ RunTime:0.000058s ]
INFO: [ app_begin ] --END-- [ RunTime:0.000159s ]
NOTIC: [8] Use of undefined constant SESSION_PREFIX - assumed 'SESSION_PREFIX' /var/www/html/wechat_shop/Application/Admin/Controller/CommonController.class.php 第 27 行.
NOTIC: [8] A session had already been started - ignoring session_start() /var/www/html/wechat_shop/ThinkPHP/Common/functions.php 第 1263 行.
INFO: [ view_parse ] --START--
INFO: [ template_filter ] --START--
INFO: Run Behavior\ContentReplaceBehavior [ RunTime:0.000073s ]
INFO: [ template_filter ] --END-- [ RunTime:0.000193s ]
INFO: Run Behavior\ParseTemplateBehavior [ RunTime:0.002219s ]
INFO: [ view_parse ] --END-- [ RunTime:0.002317s ]
INFO: [ view_filter ] --START--
INFO: Run Behavior\WriteHtmlCacheBehavior [ RunTime:0.000056s ]
INFO: [ view_filter ] --END-- [ RunTime:0.000143s ]

[ 2019-03-22T13:26:56+08:00 ] ::1 /wechat_shop/index.php/Admin/Common/verify.html
INFO: [ app_init ] --START--
INFO: Run Behavior\BuildLiteBehavior [ RunTime:0.000034s ]
INFO: [ app_init ] --END-- [ RunTime:0.000170s ]
INFO: [ app_begin ] --START--
INFO: Run Behavior\ReadHtmlCacheBehavior [ RunTime:0.000091s ]
INFO: [ app_begin ] --END-- [ RunTime:0.000244s ]
NOTIC: [8] Use of undefined constant SESSION_PREFIX - assumed 'SESSION_PREFIX' /var/www/html/wechat_shop/Application/Admin/Controller/CommonController.class.php 第 27 行.
NOTIC: [8] A session had already been started - ignoring session_start() /var/www/html/wechat_shop/ThinkPHP/Common/functions.php 第 1263 行.
INFO: [ app_end ] --START--
INFO: Run Behavior\ShowPageTraceBehavior [ RunTime:0.000071s ]
INFO: [ app_end ] --END-- [ RunTime:0.000188s ]

[ 2019-03-22T13:26:56+08:00 ] ::1 /wechat_shop/index.php/Admin
INFO: [ app_init ] --START--
INFO: Run Behavior\BuildLiteBehavior [ RunTime:0.000027s ]
INFO: [ app_init ] --END-- [ RunTime:0.000138s ]
INFO: [ app_begin ] --START--
INFO: Run Behavior\ReadHtmlCacheBehavior [ RunTime:0.000056s ]
INFO: [ app_begin ] --END-- [ RunTime:0.000161s ]
NOTIC: [8] Use of undefined constant SESSION_PREFIX - assumed 'SESSION_PREFIX' /var/www/html/wechat_shop/Application/Admin/Controller/CommonController.class.php 第 27 行.
NOTIC: [8] A session had already been started - ignoring session_start() /var/www/html/wechat_shop/ThinkPHP/Common/functions.php 第 1263 行.
INFO: [ view_parse ] --START--
INFO: [ template_filter ] --START--
INFO: Run Behavior\ContentReplaceBehavior [ RunTime:0.000103s ]
INFO: [ template_filter ] --END-- [ RunTime:0.000267s ]
INFO: Run Behavior\ParseTemplateBehavior [ RunTime:0.003200s ]
INFO: [ view_parse ] --END-- [ RunTime:0.003542s ]
INFO: [ view_filter ] --START--
INFO: Run Behavior\WriteHtmlCacheBehavior [ RunTime:0.000149s ]
INFO: [ view_filter ] --END-- [ RunTime:0.000295s ]

[ 2019-03-22T13:26:56+08:00 ] ::1 /wechat_shop/index.php/Admin/Common/verify.html
INFO: [ app_init ] --START--
INFO: Run Behavior\BuildLiteBehavior [ RunTime:0.000034s ]
INFO: [ app_init ] --END-- [ RunTime:0.000165s ]
INFO: [ app_begin ] --START--
INFO: Run Behavior\ReadHtmlCacheBehavior [ RunTime:0.000060s ]
INFO: [ app_begin ] --END-- [ RunTime:0.000167s ]
NOTIC: [8] Use of undefined constant SESSION_PREFIX - assumed 'SESSION_PREFIX' /var/www/html/wechat_shop/Application/Admin/Controller/CommonController.class.php 第 27 行.
NOTIC: [8] A session had already been started - ignoring session_start() /var/www/html/wechat_shop/ThinkPHP/Common/functions.php 第 1263 行.
INFO: [ app_end ] --START--
INFO: Run Behavior\ShowPageTraceBehavior [ RunTime:0.000273s ]
INFO: [ app_end ] --END-- [ RunTime:0.000629s ]

[ 2019-03-22T13:26:56+08:00 ] ::1 /wechat_shop/index.php/Admin
INFO: [ app_init ] --START--
INFO: Run Behavior\BuildLiteBehavior [ RunTime:0.000044s ]
INFO: [ app_init ] --END-- [ RunTime:0.000259s ]
INFO: [ app_begin ] --START--
INFO: Run Behavior\ReadHtmlCacheBehavior [ RunTime:0.000078s ]
INFO: [ app_begin ] --END-- [ RunTime:0.000221s ]
NOTIC: [8] Use of undefined constant SESSION_PREFIX - assumed 'SESSION_PREFIX' /var/www/html/wechat_shop/Application/Admin/Controller/CommonController.class.php 第 27 行.
NOTIC: [8] A session had already been started - ignoring session_start() /var/www/html/wechat_shop/ThinkPHP/Common/functions.php 第 1263 行.
INFO: [ view_parse ] --START--
INFO: [ template_filter ] --START--
INFO: Run Behavior\ContentReplaceBehavior [ RunTime:0.000100s ]
INFO: [ template_filter ] --END-- [ RunTime:0.000264s ]
INFO: Run Behavior\ParseTemplateBehavior [ RunTime:0.002929s ]
INFO: [ view_parse ] --END-- [ RunTime:0.003266s ]
INFO: [ view_filter ] --START--
INFO: Run Behavior\WriteHtmlCacheBehavior [ RunTime:0.000083s ]
INFO: [ view_filter ] --END-- [ RunTime:0.000212s ]

[ 2019-03-22T13:26:56+08:00 ] ::1 /wechat_shop/index.php/Admin/Common/verify.html
INFO: [ app_init ] --START--
INFO: Run Behavior\BuildLiteBehavior [ RunTime:0.000023s ]
INFO: [ app_init ] --END-- [ RunTime:0.000118s ]
INFO: [ app_begin ] --START--
INFO: Run Behavior\ReadHtmlCacheBehavior [ RunTime:0.000046s ]
INFO: [ app_begin ] --END-- [ RunTime:0.000138s ]
NOTIC: [8] Use of undefined constant SESSION_PREFIX - assumed 'SESSION_PREFIX' /var/www/html/wechat_shop/Application/Admin/Controller/CommonController.class.php 第 27 行.
NOTIC: [8] A session had already been started - ignoring session_start() /var/www/html/wechat_shop/ThinkPHP/Common/functions.php 第 1263 行.
INFO: [ app_end ] --START--
INFO: Run Behavior\ShowPageTraceBehavior [ RunTime:0.000054s ]
INFO: [ app_end ] --END-- [ RunTime:0.000171s ]

[ 2019-03-22T13:26:56+08:00 ] ::1 /wechat_shop/index.php/Admin
INFO: [ app_init ] --START--
INFO: Run Behavior\BuildLiteBehavior [ RunTime:0.000021s ]
INFO: [ app_init ] --END-- [ RunTime:0.000116s ]
INFO: [ app_begin ] --START--
INFO: Run Behavior\ReadHtmlCacheBehavior [ RunTime:0.000045s ]
INFO: [ app_begin ] --END-- [ RunTime:0.000134s ]
NOTIC: [8] Use of undefined constant SESSION_PREFIX - assumed 'SESSION_PREFIX' /var/www/html/wechat_shop/Application/Admin/Controller/CommonController.class.php 第 27 行.
NOTIC: [8] A session had already been started - ignoring session_start() /var/www/html/wechat_shop/ThinkPHP/Common/functions.php 第 1263 行.
INFO: [ view_parse ] --START--
INFO: [ template_filter ] --START--
INFO: Run Behavior\ContentReplaceBehavior [ RunTime:0.000065s ]
INFO: [ template_filter ] --END-- [ RunTime:0.000157s ]
INFO: Run Behavior\ParseTemplateBehavior [ RunTime:0.001674s ]
INFO: [ view_parse ] --END-- [ RunTime:0.001844s ]
INFO: [ view_filter ] --START--
INFO: Run Behavior\WriteHtmlCacheBehavior [ RunTime:0.000512s ]
INFO: [ view_filter ] --END-- [ RunTime:0.000918s ]

[ 2019-03-22T13:26:57+08:00 ] ::1 /wechat_shop/index.php/Admin/Common/verify.html
INFO: [ app_init ] --START--
INFO: Run Behavior\BuildLiteBehavior [ RunTime:0.000031s ]
INFO: [ app_init ] --END-- [ RunTime:0.000171s ]
INFO: [ app_begin ] --START--
INFO: Run Behavior\ReadHtmlCacheBehavior [ RunTime:0.000073s ]
INFO: [ app_begin ] --END-- [ RunTime:0.000186s ]
NOTIC: [8] Use of undefined constant SESSION_PREFIX - assumed 'SESSION_PREFIX' /var/www/html/wechat_shop/Application/Admin/Controller/CommonController.class.php 第 27 行.
NOTIC: [8] A session had already been started - ignoring session_start() /var/www/html/wechat_shop/ThinkPHP/Common/functions.php 第 1263 行.
INFO: [ app_end ] --START--
INFO: Run Behavior\ShowPageTraceBehavior [ RunTime:0.000094s ]
INFO: [ app_end ] --END-- [ RunTime:0.000235s ]

[ 2019-03-22T13:26:57+08:00 ] ::1 /wechat_shop/index.php/Admin
INFO: [ app_init ] --START--
INFO: Run Behavior\BuildLiteBehavior [ RunTime:0.000083s ]
INFO: [ app_init ] --END-- [ RunTime:0.000446s ]
INFO: [ app_begin ] --START--
INFO: Run Behavior\ReadHtmlCacheBehavior [ RunTime:0.000109s ]
INFO: [ app_begin ] --END-- [ RunTime:0.000280s ]
NOTIC: [8] Use of undefined constant SESSION_PREFIX - assumed 'SESSION_PREFIX' /var/www/html/wechat_shop/Application/Admin/Controller/CommonController.class.php 第 27 行.
NOTIC: [8] A session had already been started - ignoring session_start() /var/www/html/wechat_shop/ThinkPHP/Common/functions.php 第 1263 行.
INFO: [ view_parse ] --START--
INFO: [ template_filter ] --START--
INFO: Run Behavior\ContentReplaceBehavior [ RunTime:0.000303s ]
INFO: [ template_filter ] --END-- [ RunTime:0.000836s ]
INFO: Run Behavior\ParseTemplateBehavior [ RunTime:0.004000s ]
INFO: [ view_parse ] --END-- [ RunTime:0.004184s ]
INFO: [ view_filter ] --START--
INFO: Run Behavior\WriteHtmlCacheBehavior [ RunTime:0.000119s ]
INFO: [ view_filter ] --END-- [ RunTime:0.000252s ]

[ 2019-03-22T13:26:57+08:00 ] ::1 /wechat_shop/index.php/Admin
INFO: [ app_init ] --START--
INFO: Run Behavior\BuildLiteBehavior [ RunTime:0.000041s ]
INFO: [ app_init ] --END-- [ RunTime:0.000234s ]
INFO: [ app_begin ] --START--
INFO: Run Behavior\ReadHtmlCacheBehavior [ RunTime:0.000103s ]
INFO: [ app_begin ] --END-- [ RunTime:0.000270s ]
NOTIC: [8] Use of undefined constant SESSION_PREFIX - assumed 'SESSION_PREFIX' /var/www/html/wechat_shop/Application/Admin/Controller/CommonController.class.php 第 27 行.
NOTIC: [8] A session had already been started - ignoring session_start() /var/www/html/wechat_shop/ThinkPHP/Common/functions.php 第 1263 行.
INFO: [ view_parse ] --START--
INFO: [ template_filter ] --START--
INFO: Run Behavior\ContentReplaceBehavior [ RunTime:0.000108s ]
INFO: [ template_filter ] --END-- [ RunTime:0.000324s ]
INFO: Run Behavior\ParseTemplateBehavior [ RunTime:0.002946s ]
INFO: [ view_parse ] --END-- [ RunTime:0.003112s ]
INFO: [ view_filter ] --START--
INFO: Run Behavior\WriteHtmlCacheBehavior [ RunTime:0.000099s ]
INFO: [ view_filter ] --END-- [ RunTime:0.000224s ]

[ 2019-03-22T13:26:57+08:00 ] ::1 /wechat_shop/index.php/Admin/Common/verify.html
INFO: [ app_init ] --START--
INFO: Run Behavior\BuildLiteBehavior [ RunTime:0.000038s ]
INFO: [ app_init ] --END-- [ RunTime:0.000218s ]
INFO: [ app_begin ] --START--
INFO: Run Behavior\ReadHtmlCacheBehavior [ RunTime:0.000347s ]
INFO: [ app_begin ] --END-- [ RunTime:0.000704s ]
NOTIC: [8] Use of undefined constant SESSION_PREFIX - assumed 'SESSION_PREFIX' /var/www/html/wechat_shop/Application/Admin/Controller/CommonController.class.php 第 27 行.
NOTIC: [8] A session had already been started - ignoring session_start() /var/www/html/wechat_shop/ThinkPHP/Common/functions.php 第 1263 行.
INFO: [ app_end ] --START--
INFO: Run Behavior\ShowPageTraceBehavior [ RunTime:0.000076s ]
INFO: [ app_end ] --END-- [ RunTime:0.000204s ]

[ 2019-03-22T13:26:57+08:00 ] ::1 /wechat_shop/index.php/Admin
INFO: [ app_init ] --START--
INFO: Run Behavior\BuildLiteBehavior [ RunTime:0.000041s ]
INFO: [ app_init ] --END-- [ RunTime:0.000189s ]
INFO: [ app_begin ] --START--
INFO: Run Behavior\ReadHtmlCacheBehavior [ RunTime:0.000073s ]
INFO: [ app_begin ] --END-- [ RunTime:0.000210s ]
NOTIC: [8] Use of undefined constant SESSION_PREFIX - assumed 'SESSION_PREFIX' /var/www/html/wechat_shop/Application/Admin/Controller/CommonController.class.php 第 27 行.
NOTIC: [8] A session had already been started - ignoring session_start() /var/www/html/wechat_shop/ThinkPHP/Common/functions.php 第 1263 行.
INFO: [ view_parse ] --START--
INFO: [ template_filter ] --START--
INFO: Run Behavior\ContentReplaceBehavior [ RunTime:0.000095s ]
INFO: [ template_filter ] --END-- [ RunTime:0.000256s ]
INFO: Run Behavior\ParseTemplateBehavior [ RunTime:0.003305s ]
INFO: [ view_parse ] --END-- [ RunTime:0.003449s ]
INFO: [ view_filter ] --START--
INFO: Run Behavior\WriteHtmlCacheBehavior [ RunTime:0.000088s ]
INFO: [ view_filter ] --END-- [ RunTime:0.000211s ]

[ 2019-03-22T13:26:57+08:00 ] ::1 /wechat_shop/index.php/Admin/Common/verify.html
INFO: [ app_init ] --START--
INFO: Run Behavior\BuildLiteBehavior [ RunTime:0.000143s ]
INFO: [ app_init ] --END-- [ RunTime:0.000655s ]
INFO: [ app_begin ] --START--
INFO: Run Behavior\ReadHtmlCacheBehavior [ RunTime:0.000099s ]
INFO: [ app_begin ] --END-- [ RunTime:0.000279s ]
NOTIC: [8] Use of undefined constant SESSION_PREFIX - assumed 'SESSION_PREFIX' /var/www/html/wechat_shop/Application/Admin/Controller/CommonController.class.php 第 27 行.
NOTIC: [8] A session had already been started - ignoring session_start() /var/www/html/wechat_shop/ThinkPHP/Common/functions.php 第 1263 行.
INFO: [ app_end ] --START--
INFO: Run Behavior\ShowPageTraceBehavior [ RunTime:0.000074s ]
INFO: [ app_end ] --END-- [ RunTime:0.000203s ]

[ 2019-03-22T13:26:57+08:00 ] ::1 /wechat_shop/index.php/Admin/Common/verify.html
INFO: [ app_init ] --START--
INFO: Run Behavior\BuildLiteBehavior [ RunTime:0.000035s ]
INFO: [ app_init ] --END-- [ RunTime:0.000183s ]
INFO: [ app_begin ] --START--
INFO: Run Behavior\ReadHtmlCacheBehavior [ RunTime:0.000101s ]
INFO: [ app_begin ] --END-- [ RunTime:0.000267s ]
NOTIC: [8] Use of undefined constant SESSION_PREFIX - assumed 'SESSION_PREFIX' /var/www/html/wechat_shop/Application/Admin/Controller/CommonController.class.php 第 27 行.
NOTIC: [8] A session had already been started - ignoring session_start() /var/www/html/wechat_shop/ThinkPHP/Common/functions.php 第 1263 行.
INFO: [ app_end ] --START--
INFO: Run Behavior\ShowPageTraceBehavior [ RunTime:0.000068s ]
INFO: [ app_end ] --END-- [ RunTime:0.000183s ]

[ 2019-03-22T13:26:57+08:00 ] ::1 /wechat_shop/index.php/Admin
INFO: [ app_init ] --START--
INFO: Run Behavior\BuildLiteBehavior [ RunTime:0.000030s ]
INFO: [ app_init ] --END-- [ RunTime:0.000153s ]
INFO: [ app_begin ] --START--
INFO: Run Behavior\ReadHtmlCacheBehavior [ RunTime:0.000066s ]
INFO: [ app_begin ] --END-- [ RunTime:0.000197s ]
NOTIC: [8] Use of undefined constant SESSION_PREFIX - assumed 'SESSION_PREFIX' /var/www/html/wechat_shop/Application/Admin/Controller/CommonController.class.php 第 27 行.
NOTIC: [8] A session had already been started - ignoring session_start() /var/www/html/wechat_shop/ThinkPHP/Common/functions.php 第 1263 行.
INFO: [ view_parse ] --START--
INFO: [ template_filter ] --START--
INFO: Run Behavior\ContentReplaceBehavior [ RunTime:0.000156s ]
INFO: [ template_filter ] --END-- [ RunTime:0.000394s ]
INFO: Run Behavior\ParseTemplateBehavior [ RunTime:0.004336s ]
INFO: [ view_parse ] --END-- [ RunTime:0.004462s ]
INFO: [ view_filter ] --START--
INFO: Run Behavior\WriteHtmlCacheBehavior [ RunTime:0.000065s ]
INFO: [ view_filter ] --END-- [ RunTime:0.000171s ]

[ 2019-03-22T13:26:57+08:00 ] ::1 /wechat_shop/index.php/Admin
INFO: [ app_init ] --START--
INFO: Run Behavior\BuildLiteBehavior [ RunTime:0.000025s ]
INFO: [ app_init ] --END-- [ RunTime:0.000137s ]
INFO: [ app_begin ] --START--
INFO: Run Behavior\ReadHtmlCacheBehavior [ RunTime:0.000066s ]
INFO: [ app_begin ] --END-- [ RunTime:0.000206s ]
NOTIC: [8] Use of undefined constant SESSION_PREFIX - assumed 'SESSION_PREFIX' /var/www/html/wechat_shop/Application/Admin/Controller/CommonController.class.php 第 27 行.
NOTIC: [8] A session had already been started - ignoring session_start() /var/www/html/wechat_shop/ThinkPHP/Common/functions.php 第 1263 行.
INFO: [ view_parse ] --START--
INFO: [ template_filter ] --START--
INFO: Run Behavior\ContentReplaceBehavior [ RunTime:0.000070s ]
INFO: [ template_filter ] --END-- [ RunTime:0.000174s ]
INFO: Run Behavior\ParseTemplateBehavior [ RunTime:0.003388s ]
INFO: [ view_parse ] --END-- [ RunTime:0.003533s ]
INFO: [ view_filter ] --START--
INFO: Run Behavior\WriteHtmlCacheBehavior [ RunTime:0.000157s ]
INFO: [ view_filter ] --END-- [ RunTime:0.000274s ]

[ 2019-03-22T13:26:58+08:00 ] ::1 /wechat_shop/index.php/Admin/Common/verify.html
INFO: [ app_init ] --START--
INFO: Run Behavior\BuildLiteBehavior [ RunTime:0.000073s ]
INFO: [ app_init ] --END-- [ RunTime:0.000369s ]
INFO: [ app_begin ] --START--
INFO: Run Behavior\ReadHtmlCacheBehavior [ RunTime:0.000069s ]
INFO: [ app_begin ] --END-- [ RunTime:0.000174s ]
NOTIC: [8] Use of undefined constant SESSION_PREFIX - assumed 'SESSION_PREFIX' /var/www/html/wechat_shop/Application/Admin/Controller/CommonController.class.php 第 27 行.
NOTIC: [8] A session had already been started - ignoring session_start() /var/www/html/wechat_shop/ThinkPHP/Common/functions.php 第 1263 行.
INFO: [ app_end ] --START--
INFO: Run Behavior\ShowPageTraceBehavior [ RunTime:0.000069s ]
INFO: [ app_end ] --END-- [ RunTime:0.000189s ]

[ 2019-03-22T13:33:25+08:00 ] 127.0.0.1 /index.php/Admin
INFO: [ app_init ] --START--
INFO: Run Behavior\BuildLiteBehavior [ RunTime:0.000096s ]
INFO: [ app_init ] --END-- [ RunTime:0.000436s ]
INFO: [ app_begin ] --START--
INFO: Run Behavior\ReadHtmlCacheBehavior [ RunTime:0.000158s ]
INFO: [ app_begin ] --END-- [ RunTime:0.000480s ]
NOTIC: [8] Use of undefined constant SESSION_PREFIX - assumed 'SESSION_PREFIX' /var/www/html/wechat_shop/Application/Admin/Controller/CommonController.class.php 第 27 行.
NOTIC: [8] A session had already been started - ignoring session_start() /var/www/html/wechat_shop/ThinkPHP/Common/functions.php 第 1263 行.
INFO: [ view_parse ] --START--
INFO: [ template_filter ] --START--
INFO: Run Behavior\ContentReplaceBehavior [ RunTime:0.000100s ]
INFO: [ template_filter ] --END-- [ RunTime:0.000242s ]
INFO: Run Behavior\ParseTemplateBehavior [ RunTime:0.011582s ]
INFO: [ view_parse ] --END-- [ RunTime:0.011825s ]
INFO: [ view_filter ] --START--
INFO: Run Behavior\WriteHtmlCacheBehavior [ RunTime:0.000280s ]
INFO: [ view_filter ] --END-- [ RunTime:0.000396s ]

[ 2019-03-22T13:33:25+08:00 ] 127.0.0.1 /index.php/Admin/Common/verify.html
INFO: [ app_init ] --START--
INFO: Run Behavior\BuildLiteBehavior [ RunTime:0.000109s ]
INFO: [ app_init ] --END-- [ RunTime:0.000517s ]
INFO: [ app_begin ] --START--
INFO: Run Behavior\ReadHtmlCacheBehavior [ RunTime:0.000129s ]
INFO: [ app_begin ] --END-- [ RunTime:0.000275s ]
NOTIC: [8] Use of undefined constant SESSION_PREFIX - assumed 'SESSION_PREFIX' /var/www/html/wechat_shop/Application/Admin/Controller/CommonController.class.php 第 27 行.
NOTIC: [8] A session had already been started - ignoring session_start() /var/www/html/wechat_shop/ThinkPHP/Common/functions.php 第 1263 行.
INFO: [ app_end ] --START--
INFO: Run Behavior\ShowPageTraceBehavior [ RunTime:0.000058s ]
INFO: [ app_end ] --END-- [ RunTime:0.000140s ]

[ 2019-03-22T13:33:34+08:00 ] 127.0.0.1 /index.php/Admin/Index/login.html
INFO: [ app_init ] --START--
INFO: Run Behavior\BuildLiteBehavior [ RunTime:0.000071s ]
INFO: [ app_init ] --END-- [ RunTime:0.000349s ]
INFO: [ app_begin ] --START--
INFO: Run Behavior\ReadHtmlCacheBehavior [ RunTime:0.000139s ]
INFO: [ app_begin ] --END-- [ RunTime:0.000420s ]
NOTIC: [8] Use of undefined constant SESSION_PREFIX - assumed 'SESSION_PREFIX' /var/www/html/wechat_shop/Application/Admin/Controller/CommonController.class.php 第 27 行.
NOTIC: [8] A session had already been started - ignoring session_start() /var/www/html/wechat_shop/ThinkPHP/Common/functions.php 第 1263 行.
SQL: SHOW COLUMNS FROM `tp_admin` [ RunTime:0.0005s ]
SQL: SELECT * FROM `tp_admin` WHERE `uname` = 'admin' AND `pword` = '21232f297a57a5a743894a0e4a801fc3' LIMIT 1   [ RunTime:0.0002s ]

[ 2019-03-22T13:33:35+08:00 ] 127.0.0.1 /index.php/Admin/Index/index.html
INFO: [ app_init ] --START--
INFO: Run Behavior\BuildLiteBehavior [ RunTime:0.000026s ]
INFO: [ app_init ] --END-- [ RunTime:0.000139s ]
INFO: [ app_begin ] --START--
INFO: Run Behavior\ReadHtmlCacheBehavior [ RunTime:0.000056s ]
INFO: [ app_begin ] --END-- [ RunTime:0.000166s ]
NOTIC: [8] Use of undefined constant SESSION_PREFIX - assumed 'SESSION_PREFIX' /var/www/html/wechat_shop/Application/Admin/Controller/CommonController.class.php 第 27 行.
NOTIC: [8] A session had already been started - ignoring session_start() /var/www/html/wechat_shop/ThinkPHP/Common/functions.php 第 1263 行.
SQL: SHOW COLUMNS FROM `tp_menu` [ RunTime:0.0004s ]
SQL: SELECT * FROM `tp_menu` ORDER BY step asc  [ RunTime:0.0003s ]
INFO: [ view_parse ] --START--
INFO: [ template_filter ] --START--
INFO: Run Behavior\ContentReplaceBehavior [ RunTime:0.000106s ]
INFO: [ template_filter ] --END-- [ RunTime:0.000249s ]
INFO: Run Behavior\ParseTemplateBehavior [ RunTime:0.011786s ]
INFO: [ view_parse ] --END-- [ RunTime:0.011912s ]
INFO: [ view_filter ] --START--
INFO: Run Behavior\WriteHtmlCacheBehavior [ RunTime:0.000083s ]
INFO: [ view_filter ] --END-- [ RunTime:0.000193s ]
INFO: [ app_end ] --START--
INFO: Run Behavior\ShowPageTraceBehavior [ RunTime:0.000059s ]
INFO: [ app_end ] --END-- [ RunTime:0.000153s ]

[ 2019-03-22T13:33:35+08:00 ] 127.0.0.1 /index.php/Admin/Index/welcome.html
INFO: [ app_init ] --START--
INFO: Run Behavior\BuildLiteBehavior [ RunTime:0.000018s ]
INFO: [ app_init ] --END-- [ RunTime:0.000092s ]
INFO: [ app_begin ] --START--
INFO: Run Behavior\ReadHtmlCacheBehavior [ RunTime:0.000041s ]
INFO: [ app_begin ] --END-- [ RunTime:0.000110s ]
NOTIC: [8] Use of undefined constant SESSION_PREFIX - assumed 'SESSION_PREFIX' /var/www/html/wechat_shop/Application/Admin/Controller/CommonController.class.php 第 27 行.
NOTIC: [8] A session had already been started - ignoring session_start() /var/www/html/wechat_shop/ThinkPHP/Common/functions.php 第 1263 行.
SQL: SHOW COLUMNS FROM `tp_menu` [ RunTime:0.0004s ]
SQL: SELECT * FROM `tp_menu` ORDER BY step asc  [ RunTime:0.0003s ]
INFO: [ app_end ] --START--
INFO: Run Behavior\ShowPageTraceBehavior [ RunTime:0.000054s ]
INFO: [ app_end ] --END-- [ RunTime:0.000123s ]

[ 2019-03-22T13:36:06+08:00 ] 127.0.0.1 /index.php/Admin/User/userList.html
INFO: [ app_init ] --START--
INFO: Run Behavior\BuildLiteBehavior [ RunTime:0.000024s ]
INFO: [ app_init ] --END-- [ RunTime:0.000119s ]
INFO: [ app_begin ] --START--
INFO: Run Behavior\ReadHtmlCacheBehavior [ RunTime:0.000060s ]
INFO: [ app_begin ] --END-- [ RunTime:0.000154s ]
NOTIC: [2] Declaration of Admin\Controller\UserController::show() should be compatible with Think\Controller::show($content, $charset = '', $contentType = '', $prefix = '') /var/www/html/wechat_shop/Application/Admin/Controller/UserController.class.php 第 14 行.
SQL: SHOW COLUMNS FROM `tp_order` [ RunTime:0.0013s ]
SQL: SHOW COLUMNS FROM `tp_order_product` [ RunTime:0.0006s ]
SQL: SHOW COLUMNS FROM `tp_user` [ RunTime:0.0003s ]
NOTIC: [8] Use of undefined constant SESSION_PREFIX - assumed 'SESSION_PREFIX' /var/www/html/wechat_shop/Application/Admin/Controller/CommonController.class.php 第 27 行.
NOTIC: [8] A session had already been started - ignoring session_start() /var/www/html/wechat_shop/ThinkPHP/Common/functions.php 第 1263 行.
SQL: SHOW COLUMNS FROM `tp_menu` [ RunTime:0.0003s ]
SQL: SELECT * FROM `tp_menu` ORDER BY step asc  [ RunTime:0.0002s ]
NOTIC: [8] Undefined index: type /var/www/html/wechat_shop/Application/Admin/Controller/UserController.class.php 第 74 行.
NOTIC: [8] Undefined index: id /var/www/html/wechat_shop/Application/Admin/Controller/UserController.class.php 第 75 行.
NOTIC: [8] Undefined index: tel /var/www/html/wechat_shop/Application/Admin/Controller/UserController.class.php 第 76 行.
NOTIC: [8] Undefined index: name /var/www/html/wechat_shop/Application/Admin/Controller/UserController.class.php 第 77 行.
NOTIC: [8] Undefined index: name /var/www/html/wechat_shop/Application/Admin/Controller/UserController.class.php 第 79 行.
SQL: SHOW COLUMNS FROM `tp_user` [ RunTime:0.0003s ]
SQL: SELECT COUNT(*) AS tp_count FROM `tp_user` WHERE ( 1=1 ) LIMIT 1   [ RunTime:0.0002s ]
NOTIC: [8] Undefined index: page /var/www/html/wechat_shop/Application/Admin/Controller/UserController.class.php 第 89 行.
SQL: SELECT * FROM `tp_user` WHERE ( 1=1 ) ORDER BY id desc LIMIT 0,5   [ RunTime:0.0037s ]
INFO: [ view_parse ] --START--
INFO: [ template_filter ] --START--
INFO: Run Behavior\ContentReplaceBehavior [ RunTime:0.000084s ]
INFO: [ template_filter ] --END-- [ RunTime:0.000172s ]
INFO: Run Behavior\ParseTemplateBehavior [ RunTime:0.016801s ]
INFO: [ view_parse ] --END-- [ RunTime:0.016901s ]
INFO: [ view_filter ] --START--
INFO: Run Behavior\WriteHtmlCacheBehavior [ RunTime:0.000046s ]
INFO: [ view_filter ] --END-- [ RunTime:0.000109s ]
INFO: [ app_end ] --START--
INFO: Run Behavior\ShowPageTraceBehavior [ RunTime:0.000040s ]
INFO: [ app_end ] --END-- [ RunTime:0.000104s ]

[ 2019-03-22T13:37:35+08:00 ] 192.168.0.198 /index.php/Admin
INFO: [ app_init ] --START--
INFO: Run Behavior\BuildLiteBehavior [ RunTime:0.000022s ]
INFO: [ app_init ] --END-- [ RunTime:0.000118s ]
INFO: [ app_begin ] --START--
INFO: Run Behavior\ReadHtmlCacheBehavior [ RunTime:0.000057s ]
INFO: [ app_begin ] --END-- [ RunTime:0.000164s ]
NOTIC: [8] Use of undefined constant SESSION_PREFIX - assumed 'SESSION_PREFIX' /var/www/html/wechat_shop/Application/Admin/Controller/CommonController.class.php 第 27 行.
NOTIC: [8] A session had already been started - ignoring session_start() /var/www/html/wechat_shop/ThinkPHP/Common/functions.php 第 1263 行.
INFO: [ view_parse ] --START--
INFO: [ template_filter ] --START--
INFO: Run Behavior\ContentReplaceBehavior [ RunTime:0.000078s ]
INFO: [ template_filter ] --END-- [ RunTime:0.000183s ]
INFO: Run Behavior\ParseTemplateBehavior [ RunTime:0.006914s ]
INFO: [ view_parse ] --END-- [ RunTime:0.007010s ]
INFO: [ view_filter ] --START--
INFO: Run Behavior\WriteHtmlCacheBehavior [ RunTime:0.000183s ]
INFO: [ view_filter ] --END-- [ RunTime:0.000273s ]

[ 2019-03-22T13:37:35+08:00 ] 192.168.0.198 /index.php/Admin/Common/verify.html
INFO: [ app_init ] --START--
INFO: Run Behavior\BuildLiteBehavior [ RunTime:0.000019s ]
INFO: [ app_init ] --END-- [ RunTime:0.000096s ]
INFO: [ app_begin ] --START--
INFO: Run Behavior\ReadHtmlCacheBehavior [ RunTime:0.000044s ]
INFO: [ app_begin ] --END-- [ RunTime:0.000129s ]
NOTIC: [8] Use of undefined constant SESSION_PREFIX - assumed 'SESSION_PREFIX' /var/www/html/wechat_shop/Application/Admin/Controller/CommonController.class.php 第 27 行.
NOTIC: [8] A session had already been started - ignoring session_start() /var/www/html/wechat_shop/ThinkPHP/Common/functions.php 第 1263 行.
INFO: [ app_end ] --START--
INFO: Run Behavior\ShowPageTraceBehavior [ RunTime:0.000064s ]
INFO: [ app_end ] --END-- [ RunTime:0.000154s ]

